#! /usr/bin/vvp
:ivl_version "11.0 (stable)";
:ivl_delay_selection "TYPICAL";
:vpi_time_precision - 12;
:vpi_module "/usr/lib/x86_64-linux-gnu/ivl/system.vpi";
:vpi_module "/usr/lib/x86_64-linux-gnu/ivl/vhdl_sys.vpi";
:vpi_module "/usr/lib/x86_64-linux-gnu/ivl/vhdl_textio.vpi";
:vpi_module "/usr/lib/x86_64-linux-gnu/ivl/v2005_math.vpi";
:vpi_module "/usr/lib/x86_64-linux-gnu/ivl/va_math.vpi";
S_0x55ac9319f7d0 .scope module, "barrel_shifter_tb" "barrel_shifter_tb" 2 11;
 .timescale 0 0;
v0x55ac931f3520_0 .var "dir", 0 0;
v0x55ac931f35e0_0 .var "in", 7 0;
v0x55ac931f36a0_0 .net "out", 7 0, L_0x55ac931fe6b0;  1 drivers
v0x55ac931f37a0_0 .var "shamt", 2 0;
S_0x55ac931a7520 .scope module, "uut" "barrel_shifter" 2 17, 3 13 0, S_0x55ac9319f7d0;
 .timescale 0 0;
    .port_info 0 /INPUT 8 "in";
    .port_info 1 /INPUT 3 "shamt";
    .port_info 2 /INPUT 1 "dir";
    .port_info 3 /OUTPUT 8 "out";
v0x55ac931f2b80_0 .net "dir", 0 0, v0x55ac931f3520_0;  1 drivers
v0x55ac931f2e50_0 .net "in", 7 0, v0x55ac931f35e0_0;  1 drivers
v0x55ac931f2f30_0 .net "out", 7 0, L_0x55ac931fe6b0;  alias, 1 drivers
v0x55ac931f2ff0_0 .net "shamt", 2 0, v0x55ac931f37a0_0;  1 drivers
v0x55ac931f30d0_0 .net "w", 7 0, L_0x55ac931f4a10;  1 drivers
v0x55ac931f3200_0 .net "x", 7 0, L_0x55ac931f6430;  1 drivers
v0x55ac931f32e0_0 .net "y", 7 0, L_0x55ac931f8db0;  1 drivers
v0x55ac931f33c0_0 .net "z", 7 0, L_0x55ac931fbf20;  1 drivers
L_0x55ac931f3870 .part v0x55ac931f35e0_0, 7, 1;
L_0x55ac931f3990 .part v0x55ac931f35e0_0, 0, 1;
L_0x55ac931f3a30 .part v0x55ac931f35e0_0, 6, 1;
L_0x55ac931f3b00 .part v0x55ac931f35e0_0, 1, 1;
L_0x55ac931f3c00 .part v0x55ac931f35e0_0, 5, 1;
L_0x55ac931f3cd0 .part v0x55ac931f35e0_0, 2, 1;
L_0x55ac931f3de0 .part v0x55ac931f35e0_0, 4, 1;
L_0x55ac931f3e80 .part v0x55ac931f35e0_0, 3, 1;
L_0x55ac931f3fa0 .part v0x55ac931f35e0_0, 3, 1;
L_0x55ac931f4070 .part v0x55ac931f35e0_0, 4, 1;
L_0x55ac931f41a0 .part v0x55ac931f35e0_0, 2, 1;
L_0x55ac931f4270 .part v0x55ac931f35e0_0, 5, 1;
L_0x55ac931f43b0 .part v0x55ac931f35e0_0, 1, 1;
L_0x55ac931f4480 .part v0x55ac931f35e0_0, 6, 1;
L_0x55ac931f45d0 .part v0x55ac931f35e0_0, 0, 1;
L_0x55ac931f48b0 .part v0x55ac931f35e0_0, 7, 1;
LS_0x55ac931f4a10_0_0 .concat8 [ 1 1 1 1], v0x55ac931e52a0_0, v0x55ac931e4c80_0, v0x55ac931e4660_0, v0x55ac931e4100_0;
LS_0x55ac931f4a10_0_4 .concat8 [ 1 1 1 1], v0x55ac931e3ad0_0, v0x55ac931e34d0_0, v0x55ac931cfca0_0, v0x55ac931cb4e0_0;
L_0x55ac931f4a10 .concat8 [ 4 4 0 0], LS_0x55ac931f4a10_0_0, LS_0x55ac931f4a10_0_4;
L_0x55ac931f4c60 .part L_0x55ac931f4a10, 7, 1;
L_0x55ac931f4dd0 .part v0x55ac931f37a0_0, 2, 1;
L_0x55ac931f4ec0 .part L_0x55ac931f4a10, 6, 1;
L_0x55ac931f4d30 .part v0x55ac931f37a0_0, 2, 1;
L_0x55ac931f5010 .part L_0x55ac931f4a10, 5, 1;
L_0x55ac931f51a0 .part v0x55ac931f37a0_0, 2, 1;
L_0x55ac931f5270 .part L_0x55ac931f4a10, 4, 1;
L_0x55ac931f5440 .part v0x55ac931f37a0_0, 2, 1;
L_0x55ac931f5510 .part L_0x55ac931f4a10, 3, 1;
L_0x55ac931f56c0 .part L_0x55ac931f4a10, 7, 1;
L_0x55ac931f5790 .part v0x55ac931f37a0_0, 2, 1;
L_0x55ac931f5950 .part L_0x55ac931f4a10, 2, 1;
L_0x55ac931f5a20 .part L_0x55ac931f4a10, 6, 1;
L_0x55ac931f5bf0 .part v0x55ac931f37a0_0, 2, 1;
L_0x55ac931f5cc0 .part L_0x55ac931f4a10, 1, 1;
L_0x55ac931f5ea0 .part L_0x55ac931f4a10, 5, 1;
L_0x55ac931f5f70 .part v0x55ac931f37a0_0, 2, 1;
L_0x55ac931f6160 .part L_0x55ac931f4a10, 0, 1;
L_0x55ac931f6230 .part L_0x55ac931f4a10, 4, 1;
L_0x55ac931f6040 .part v0x55ac931f37a0_0, 2, 1;
LS_0x55ac931f6430_0_0 .concat8 [ 1 1 1 1], v0x55ac931e87b0_0, v0x55ac931e8100_0, v0x55ac931e7a50_0, v0x55ac931e73a0_0;
LS_0x55ac931f6430_0_4 .concat8 [ 1 1 1 1], v0x55ac931e6cf0_0, v0x55ac931e6640_0, v0x55ac931e5f90_0, v0x55ac931e5930_0;
L_0x55ac931f6430 .concat8 [ 4 4 0 0], LS_0x55ac931f6430_0_0, LS_0x55ac931f6430_0_4;
L_0x55ac931f6790 .part L_0x55ac931f6430, 7, 1;
L_0x55ac931f68b0 .part v0x55ac931f37a0_0, 1, 1;
L_0x55ac931f6aa0 .part L_0x55ac931f6430, 6, 1;
L_0x55ac931f6ba0 .part v0x55ac931f37a0_0, 1, 1;
L_0x55ac931f6dd0 .part L_0x55ac931f6430, 5, 1;
L_0x55ac931f6ea0 .part L_0x55ac931f6430, 7, 1;
L_0x55ac931f70e0 .part v0x55ac931f37a0_0, 1, 1;
L_0x55ac931f71b0 .part L_0x55ac931f6430, 4, 1;
L_0x55ac931f7400 .part L_0x55ac931f6430, 6, 1;
L_0x55ac931f74d0 .part v0x55ac931f37a0_0, 1, 1;
L_0x55ac931f7730 .part L_0x55ac931f6430, 3, 1;
L_0x55ac931f7800 .part L_0x55ac931f6430, 5, 1;
L_0x55ac931f7a70 .part v0x55ac931f37a0_0, 1, 1;
L_0x55ac931f7b40 .part L_0x55ac931f6430, 2, 1;
L_0x55ac931f7dc0 .part L_0x55ac931f6430, 4, 1;
L_0x55ac931f7e90 .part v0x55ac931f37a0_0, 1, 1;
L_0x55ac931f8120 .part L_0x55ac931f6430, 1, 1;
L_0x55ac931f81f0 .part L_0x55ac931f6430, 3, 1;
L_0x55ac931f8490 .part v0x55ac931f37a0_0, 1, 1;
L_0x55ac931f8770 .part L_0x55ac931f6430, 0, 1;
L_0x55ac931f8a20 .part L_0x55ac931f6430, 2, 1;
L_0x55ac931f8af0 .part v0x55ac931f37a0_0, 1, 1;
LS_0x55ac931f8db0_0_0 .concat8 [ 1 1 1 1], v0x55ac931ebd30_0, v0x55ac931eb680_0, v0x55ac931eafd0_0, v0x55ac931ea920_0;
LS_0x55ac931f8db0_0_4 .concat8 [ 1 1 1 1], v0x55ac931ea270_0, v0x55ac931e9bc0_0, v0x55ac931e9510_0, v0x55ac931e8e60_0;
L_0x55ac931f8db0 .concat8 [ 4 4 0 0], LS_0x55ac931f8db0_0_0, LS_0x55ac931f8db0_0_4;
L_0x55ac931f9000 .part L_0x55ac931f8db0, 7, 1;
L_0x55ac931f9320 .part v0x55ac931f37a0_0, 0, 1;
L_0x55ac931f93f0 .part L_0x55ac931f8db0, 6, 1;
L_0x55ac931f96d0 .part L_0x55ac931f8db0, 7, 1;
L_0x55ac931f97a0 .part v0x55ac931f37a0_0, 0, 1;
L_0x55ac931f9a90 .part L_0x55ac931f8db0, 5, 1;
L_0x55ac931f9b60 .part L_0x55ac931f8db0, 6, 1;
L_0x55ac931f9e60 .part v0x55ac931f37a0_0, 0, 1;
L_0x55ac931f9f30 .part L_0x55ac931f8db0, 4, 1;
L_0x55ac931fa240 .part L_0x55ac931f8db0, 5, 1;
L_0x55ac931fa310 .part v0x55ac931f37a0_0, 0, 1;
L_0x55ac931fa630 .part L_0x55ac931f8db0, 3, 1;
L_0x55ac931fa700 .part L_0x55ac931f8db0, 4, 1;
L_0x55ac931faa30 .part v0x55ac931f37a0_0, 0, 1;
L_0x55ac931fab00 .part L_0x55ac931f8db0, 2, 1;
L_0x55ac931fae40 .part L_0x55ac931f8db0, 3, 1;
L_0x55ac931faf10 .part v0x55ac931f37a0_0, 0, 1;
L_0x55ac931fb260 .part L_0x55ac931f8db0, 1, 1;
L_0x55ac931fb330 .part L_0x55ac931f8db0, 2, 1;
L_0x55ac931fb690 .part v0x55ac931f37a0_0, 0, 1;
L_0x55ac931fb760 .part L_0x55ac931f8db0, 0, 1;
L_0x55ac931fbad0 .part L_0x55ac931f8db0, 1, 1;
L_0x55ac931fbba0 .part v0x55ac931f37a0_0, 0, 1;
LS_0x55ac931fbf20_0_0 .concat8 [ 1 1 1 1], v0x55ac931ef2b0_0, v0x55ac931eec00_0, v0x55ac931ee550_0, v0x55ac931edea0_0;
LS_0x55ac931fbf20_0_4 .concat8 [ 1 1 1 1], v0x55ac931ed7f0_0, v0x55ac931ed140_0, v0x55ac931eca90_0, v0x55ac931ec3e0_0;
L_0x55ac931fbf20 .concat8 [ 4 4 0 0], LS_0x55ac931fbf20_0_0, LS_0x55ac931fbf20_0_4;
L_0x55ac931fc170 .part L_0x55ac931fbf20, 7, 1;
L_0x55ac931fc550 .part L_0x55ac931fbf20, 0, 1;
L_0x55ac931fc5f0 .part L_0x55ac931fbf20, 6, 1;
L_0x55ac931fc990 .part L_0x55ac931fbf20, 1, 1;
L_0x55ac931fca60 .part L_0x55ac931fbf20, 5, 1;
L_0x55ac931fce10 .part L_0x55ac931fbf20, 2, 1;
L_0x55ac931fcee0 .part L_0x55ac931fbf20, 4, 1;
L_0x55ac931fd2a0 .part L_0x55ac931fbf20, 3, 1;
L_0x55ac931fd340 .part L_0x55ac931fbf20, 3, 1;
L_0x55ac931fd6e0 .part L_0x55ac931fbf20, 4, 1;
L_0x55ac931fd780 .part L_0x55ac931fbf20, 2, 1;
L_0x55ac931fdb30 .part L_0x55ac931fbf20, 5, 1;
L_0x55ac931fdbd0 .part L_0x55ac931fbf20, 1, 1;
L_0x55ac931fdf90 .part L_0x55ac931fbf20, 6, 1;
L_0x55ac931fe030 .part L_0x55ac931fbf20, 0, 1;
L_0x55ac931fe610 .part L_0x55ac931fbf20, 7, 1;
LS_0x55ac931fe6b0_0_0 .concat8 [ 1 1 1 1], v0x55ac931f2960_0, v0x55ac931f22d0_0, v0x55ac931f1c40_0, v0x55ac931f15b0_0;
LS_0x55ac931fe6b0_0_4 .concat8 [ 1 1 1 1], v0x55ac931f0f20_0, v0x55ac931f0890_0, v0x55ac931f0200_0, v0x55ac931efb70_0;
L_0x55ac931fe6b0 .concat8 [ 4 4 0 0], LS_0x55ac931fe6b0_0_0, LS_0x55ac931fe6b0_0_4;
S_0x55ac931a6330 .scope module, "ins_00" "mux" 3 23, 4 13 0, S_0x55ac931a7520;
 .timescale -9 -12;
    .port_info 0 /INPUT 1 "in0";
    .port_info 1 /INPUT 1 "in1";
    .port_info 2 /INPUT 1 "s";
    .port_info 3 /OUTPUT 1 "out";
v0x55ac931c9100_0 .net "in0", 0 0, L_0x55ac931f3870;  1 drivers
v0x55ac931ca2f0_0 .net "in1", 0 0, L_0x55ac931f3990;  1 drivers
v0x55ac931cb4e0_0 .var "out", 0 0;
v0x55ac931cc6d0_0 .net "s", 0 0, v0x55ac931f3520_0;  alias, 1 drivers
E_0x55ac9317aa10 .event edge, v0x55ac931cc6d0_0, v0x55ac931ca2f0_0, v0x55ac931c9100_0;
S_0x55ac931e2d20 .scope module, "ins_01" "mux" 3 24, 4 13 0, S_0x55ac931a7520;
 .timescale -9 -12;
    .port_info 0 /INPUT 1 "in0";
    .port_info 1 /INPUT 1 "in1";
    .port_info 2 /INPUT 1 "s";
    .port_info 3 /OUTPUT 1 "out";
v0x55ac931cd8c0_0 .net "in0", 0 0, L_0x55ac931f3a30;  1 drivers
v0x55ac931ceab0_0 .net "in1", 0 0, L_0x55ac931f3b00;  1 drivers
v0x55ac931cfca0_0 .var "out", 0 0;
v0x55ac931e2fa0_0 .net "s", 0 0, v0x55ac931f3520_0;  alias, 1 drivers
E_0x55ac9317ad10 .event edge, v0x55ac931cc6d0_0, v0x55ac931ceab0_0, v0x55ac931cd8c0_0;
S_0x55ac931e3100 .scope module, "ins_02" "mux" 3 25, 4 13 0, S_0x55ac931a7520;
 .timescale -9 -12;
    .port_info 0 /INPUT 1 "in0";
    .port_info 1 /INPUT 1 "in1";
    .port_info 2 /INPUT 1 "s";
    .port_info 3 /OUTPUT 1 "out";
v0x55ac931e3330_0 .net "in0", 0 0, L_0x55ac931f3c00;  1 drivers
v0x55ac931e3410_0 .net "in1", 0 0, L_0x55ac931f3cd0;  1 drivers
v0x55ac931e34d0_0 .var "out", 0 0;
v0x55ac931e35a0_0 .net "s", 0 0, v0x55ac931f3520_0;  alias, 1 drivers
E_0x55ac93165540 .event edge, v0x55ac931cc6d0_0, v0x55ac931e3410_0, v0x55ac931e3330_0;
S_0x55ac931e3710 .scope module, "ins_03" "mux" 3 26, 4 13 0, S_0x55ac931a7520;
 .timescale -9 -12;
    .port_info 0 /INPUT 1 "in0";
    .port_info 1 /INPUT 1 "in1";
    .port_info 2 /INPUT 1 "s";
    .port_info 3 /OUTPUT 1 "out";
v0x55ac931e3930_0 .net "in0", 0 0, L_0x55ac931f3de0;  1 drivers
v0x55ac931e3a10_0 .net "in1", 0 0, L_0x55ac931f3e80;  1 drivers
v0x55ac931e3ad0_0 .var "out", 0 0;
v0x55ac931e3ba0_0 .net "s", 0 0, v0x55ac931f3520_0;  alias, 1 drivers
E_0x55ac931d29a0 .event edge, v0x55ac931cc6d0_0, v0x55ac931e3a10_0, v0x55ac931e3930_0;
S_0x55ac931e3cf0 .scope module, "ins_04" "mux" 3 27, 4 13 0, S_0x55ac931a7520;
 .timescale -9 -12;
    .port_info 0 /INPUT 1 "in0";
    .port_info 1 /INPUT 1 "in1";
    .port_info 2 /INPUT 1 "s";
    .port_info 3 /OUTPUT 1 "out";
v0x55ac931e3f60_0 .net "in0", 0 0, L_0x55ac931f3fa0;  1 drivers
v0x55ac931e4040_0 .net "in1", 0 0, L_0x55ac931f4070;  1 drivers
v0x55ac931e4100_0 .var "out", 0 0;
v0x55ac931e41a0_0 .net "s", 0 0, v0x55ac931f3520_0;  alias, 1 drivers
E_0x55ac931d2bb0 .event edge, v0x55ac931cc6d0_0, v0x55ac931e4040_0, v0x55ac931e3f60_0;
S_0x55ac931e42f0 .scope module, "ins_05" "mux" 3 28, 4 13 0, S_0x55ac931a7520;
 .timescale -9 -12;
    .port_info 0 /INPUT 1 "in0";
    .port_info 1 /INPUT 1 "in1";
    .port_info 2 /INPUT 1 "s";
    .port_info 3 /OUTPUT 1 "out";
v0x55ac931e44c0_0 .net "in0", 0 0, L_0x55ac931f41a0;  1 drivers
v0x55ac931e45a0_0 .net "in1", 0 0, L_0x55ac931f4270;  1 drivers
v0x55ac931e4660_0 .var "out", 0 0;
v0x55ac931e4730_0 .net "s", 0 0, v0x55ac931f3520_0;  alias, 1 drivers
E_0x55ac931d2dc0 .event edge, v0x55ac931cc6d0_0, v0x55ac931e45a0_0, v0x55ac931e44c0_0;
S_0x55ac931e4880 .scope module, "ins_06" "mux" 3 29, 4 13 0, S_0x55ac931a7520;
 .timescale -9 -12;
    .port_info 0 /INPUT 1 "in0";
    .port_info 1 /INPUT 1 "in1";
    .port_info 2 /INPUT 1 "s";
    .port_info 3 /OUTPUT 1 "out";
v0x55ac931e4ae0_0 .net "in0", 0 0, L_0x55ac931f43b0;  1 drivers
v0x55ac931e4bc0_0 .net "in1", 0 0, L_0x55ac931f4480;  1 drivers
v0x55ac931e4c80_0 .var "out", 0 0;
v0x55ac931e4d50_0 .net "s", 0 0, v0x55ac931f3520_0;  alias, 1 drivers
E_0x55ac931e4a60 .event edge, v0x55ac931cc6d0_0, v0x55ac931e4bc0_0, v0x55ac931e4ae0_0;
S_0x55ac931e4ea0 .scope module, "ins_07" "mux" 3 30, 4 13 0, S_0x55ac931a7520;
 .timescale -9 -12;
    .port_info 0 /INPUT 1 "in0";
    .port_info 1 /INPUT 1 "in1";
    .port_info 2 /INPUT 1 "s";
    .port_info 3 /OUTPUT 1 "out";
v0x55ac931e5100_0 .net "in0", 0 0, L_0x55ac931f45d0;  1 drivers
v0x55ac931e51e0_0 .net "in1", 0 0, L_0x55ac931f48b0;  1 drivers
v0x55ac931e52a0_0 .var "out", 0 0;
v0x55ac931e5370_0 .net "s", 0 0, v0x55ac931f3520_0;  alias, 1 drivers
E_0x55ac931e5080 .event edge, v0x55ac931cc6d0_0, v0x55ac931e51e0_0, v0x55ac931e5100_0;
S_0x55ac931e54c0 .scope module, "ins_08" "mux" 3 33, 4 13 0, S_0x55ac931a7520;
 .timescale -9 -12;
    .port_info 0 /INPUT 1 "in0";
    .port_info 1 /INPUT 1 "in1";
    .port_info 2 /INPUT 1 "s";
    .port_info 3 /OUTPUT 1 "out";
v0x55ac931e5790_0 .net "in0", 0 0, L_0x55ac931f4c60;  1 drivers
L_0x7fbb9d1f0018 .functor BUFT 1, C4<0>, C4<0>, C4<0>, C4<0>;
v0x55ac931e5870_0 .net "in1", 0 0, L_0x7fbb9d1f0018;  1 drivers
v0x55ac931e5930_0 .var "out", 0 0;
v0x55ac931e5a00_0 .net "s", 0 0, L_0x55ac931f4dd0;  1 drivers
E_0x55ac931e5710 .event edge, v0x55ac931e5a00_0, v0x55ac931e5870_0, v0x55ac931e5790_0;
S_0x55ac931e5b70 .scope module, "ins_09" "mux" 3 34, 4 13 0, S_0x55ac931a7520;
 .timescale -9 -12;
    .port_info 0 /INPUT 1 "in0";
    .port_info 1 /INPUT 1 "in1";
    .port_info 2 /INPUT 1 "s";
    .port_info 3 /OUTPUT 1 "out";
v0x55ac931e5df0_0 .net "in0", 0 0, L_0x55ac931f4ec0;  1 drivers
L_0x7fbb9d1f0060 .functor BUFT 1, C4<0>, C4<0>, C4<0>, C4<0>;
v0x55ac931e5ed0_0 .net "in1", 0 0, L_0x7fbb9d1f0060;  1 drivers
v0x55ac931e5f90_0 .var "out", 0 0;
v0x55ac931e6060_0 .net "s", 0 0, L_0x55ac931f4d30;  1 drivers
E_0x55ac931e5d70 .event edge, v0x55ac931e6060_0, v0x55ac931e5ed0_0, v0x55ac931e5df0_0;
S_0x55ac931e61d0 .scope module, "ins_10" "mux" 3 35, 4 13 0, S_0x55ac931a7520;
 .timescale -9 -12;
    .port_info 0 /INPUT 1 "in0";
    .port_info 1 /INPUT 1 "in1";
    .port_info 2 /INPUT 1 "s";
    .port_info 3 /OUTPUT 1 "out";
v0x55ac931e64a0_0 .net "in0", 0 0, L_0x55ac931f5010;  1 drivers
L_0x7fbb9d1f00a8 .functor BUFT 1, C4<0>, C4<0>, C4<0>, C4<0>;
v0x55ac931e6580_0 .net "in1", 0 0, L_0x7fbb9d1f00a8;  1 drivers
v0x55ac931e6640_0 .var "out", 0 0;
v0x55ac931e6710_0 .net "s", 0 0, L_0x55ac931f51a0;  1 drivers
E_0x55ac931e6420 .event edge, v0x55ac931e6710_0, v0x55ac931e6580_0, v0x55ac931e64a0_0;
S_0x55ac931e6880 .scope module, "ins_11" "mux" 3 36, 4 13 0, S_0x55ac931a7520;
 .timescale -9 -12;
    .port_info 0 /INPUT 1 "in0";
    .port_info 1 /INPUT 1 "in1";
    .port_info 2 /INPUT 1 "s";
    .port_info 3 /OUTPUT 1 "out";
v0x55ac931e6b50_0 .net "in0", 0 0, L_0x55ac931f5270;  1 drivers
L_0x7fbb9d1f00f0 .functor BUFT 1, C4<0>, C4<0>, C4<0>, C4<0>;
v0x55ac931e6c30_0 .net "in1", 0 0, L_0x7fbb9d1f00f0;  1 drivers
v0x55ac931e6cf0_0 .var "out", 0 0;
v0x55ac931e6dc0_0 .net "s", 0 0, L_0x55ac931f5440;  1 drivers
E_0x55ac931e6ad0 .event edge, v0x55ac931e6dc0_0, v0x55ac931e6c30_0, v0x55ac931e6b50_0;
S_0x55ac931e6f30 .scope module, "ins_12" "mux" 3 37, 4 13 0, S_0x55ac931a7520;
 .timescale -9 -12;
    .port_info 0 /INPUT 1 "in0";
    .port_info 1 /INPUT 1 "in1";
    .port_info 2 /INPUT 1 "s";
    .port_info 3 /OUTPUT 1 "out";
v0x55ac931e7200_0 .net "in0", 0 0, L_0x55ac931f5510;  1 drivers
v0x55ac931e72e0_0 .net "in1", 0 0, L_0x55ac931f56c0;  1 drivers
v0x55ac931e73a0_0 .var "out", 0 0;
v0x55ac931e7470_0 .net "s", 0 0, L_0x55ac931f5790;  1 drivers
E_0x55ac931e7180 .event edge, v0x55ac931e7470_0, v0x55ac931e72e0_0, v0x55ac931e7200_0;
S_0x55ac931e75e0 .scope module, "ins_13" "mux" 3 38, 4 13 0, S_0x55ac931a7520;
 .timescale -9 -12;
    .port_info 0 /INPUT 1 "in0";
    .port_info 1 /INPUT 1 "in1";
    .port_info 2 /INPUT 1 "s";
    .port_info 3 /OUTPUT 1 "out";
v0x55ac931e78b0_0 .net "in0", 0 0, L_0x55ac931f5950;  1 drivers
v0x55ac931e7990_0 .net "in1", 0 0, L_0x55ac931f5a20;  1 drivers
v0x55ac931e7a50_0 .var "out", 0 0;
v0x55ac931e7b20_0 .net "s", 0 0, L_0x55ac931f5bf0;  1 drivers
E_0x55ac931e7830 .event edge, v0x55ac931e7b20_0, v0x55ac931e7990_0, v0x55ac931e78b0_0;
S_0x55ac931e7c90 .scope module, "ins_14" "mux" 3 39, 4 13 0, S_0x55ac931a7520;
 .timescale -9 -12;
    .port_info 0 /INPUT 1 "in0";
    .port_info 1 /INPUT 1 "in1";
    .port_info 2 /INPUT 1 "s";
    .port_info 3 /OUTPUT 1 "out";
v0x55ac931e7f60_0 .net "in0", 0 0, L_0x55ac931f5cc0;  1 drivers
v0x55ac931e8040_0 .net "in1", 0 0, L_0x55ac931f5ea0;  1 drivers
v0x55ac931e8100_0 .var "out", 0 0;
v0x55ac931e81d0_0 .net "s", 0 0, L_0x55ac931f5f70;  1 drivers
E_0x55ac931e7ee0 .event edge, v0x55ac931e81d0_0, v0x55ac931e8040_0, v0x55ac931e7f60_0;
S_0x55ac931e8340 .scope module, "ins_15" "mux" 3 40, 4 13 0, S_0x55ac931a7520;
 .timescale -9 -12;
    .port_info 0 /INPUT 1 "in0";
    .port_info 1 /INPUT 1 "in1";
    .port_info 2 /INPUT 1 "s";
    .port_info 3 /OUTPUT 1 "out";
v0x55ac931e8610_0 .net "in0", 0 0, L_0x55ac931f6160;  1 drivers
v0x55ac931e86f0_0 .net "in1", 0 0, L_0x55ac931f6230;  1 drivers
v0x55ac931e87b0_0 .var "out", 0 0;
v0x55ac931e8880_0 .net "s", 0 0, L_0x55ac931f6040;  1 drivers
E_0x55ac931e8590 .event edge, v0x55ac931e8880_0, v0x55ac931e86f0_0, v0x55ac931e8610_0;
S_0x55ac931e89f0 .scope module, "ins_16" "mux" 3 43, 4 13 0, S_0x55ac931a7520;
 .timescale -9 -12;
    .port_info 0 /INPUT 1 "in0";
    .port_info 1 /INPUT 1 "in1";
    .port_info 2 /INPUT 1 "s";
    .port_info 3 /OUTPUT 1 "out";
v0x55ac931e8cc0_0 .net "in0", 0 0, L_0x55ac931f6790;  1 drivers
L_0x7fbb9d1f0138 .functor BUFT 1, C4<0>, C4<0>, C4<0>, C4<0>;
v0x55ac931e8da0_0 .net "in1", 0 0, L_0x7fbb9d1f0138;  1 drivers
v0x55ac931e8e60_0 .var "out", 0 0;
v0x55ac931e8f30_0 .net "s", 0 0, L_0x55ac931f68b0;  1 drivers
E_0x55ac931e8c40 .event edge, v0x55ac931e8f30_0, v0x55ac931e8da0_0, v0x55ac931e8cc0_0;
S_0x55ac931e90a0 .scope module, "ins_17" "mux" 3 44, 4 13 0, S_0x55ac931a7520;
 .timescale -9 -12;
    .port_info 0 /INPUT 1 "in0";
    .port_info 1 /INPUT 1 "in1";
    .port_info 2 /INPUT 1 "s";
    .port_info 3 /OUTPUT 1 "out";
v0x55ac931e9370_0 .net "in0", 0 0, L_0x55ac931f6aa0;  1 drivers
L_0x7fbb9d1f0180 .functor BUFT 1, C4<0>, C4<0>, C4<0>, C4<0>;
v0x55ac931e9450_0 .net "in1", 0 0, L_0x7fbb9d1f0180;  1 drivers
v0x55ac931e9510_0 .var "out", 0 0;
v0x55ac931e95e0_0 .net "s", 0 0, L_0x55ac931f6ba0;  1 drivers
E_0x55ac931e92f0 .event edge, v0x55ac931e95e0_0, v0x55ac931e9450_0, v0x55ac931e9370_0;
S_0x55ac931e9750 .scope module, "ins_18" "mux" 3 45, 4 13 0, S_0x55ac931a7520;
 .timescale -9 -12;
    .port_info 0 /INPUT 1 "in0";
    .port_info 1 /INPUT 1 "in1";
    .port_info 2 /INPUT 1 "s";
    .port_info 3 /OUTPUT 1 "out";
v0x55ac931e9a20_0 .net "in0", 0 0, L_0x55ac931f6dd0;  1 drivers
v0x55ac931e9b00_0 .net "in1", 0 0, L_0x55ac931f6ea0;  1 drivers
v0x55ac931e9bc0_0 .var "out", 0 0;
v0x55ac931e9c90_0 .net "s", 0 0, L_0x55ac931f70e0;  1 drivers
E_0x55ac931e99a0 .event edge, v0x55ac931e9c90_0, v0x55ac931e9b00_0, v0x55ac931e9a20_0;
S_0x55ac931e9e00 .scope module, "ins_19" "mux" 3 46, 4 13 0, S_0x55ac931a7520;
 .timescale -9 -12;
    .port_info 0 /INPUT 1 "in0";
    .port_info 1 /INPUT 1 "in1";
    .port_info 2 /INPUT 1 "s";
    .port_info 3 /OUTPUT 1 "out";
v0x55ac931ea0d0_0 .net "in0", 0 0, L_0x55ac931f71b0;  1 drivers
v0x55ac931ea1b0_0 .net "in1", 0 0, L_0x55ac931f7400;  1 drivers
v0x55ac931ea270_0 .var "out", 0 0;
v0x55ac931ea340_0 .net "s", 0 0, L_0x55ac931f74d0;  1 drivers
E_0x55ac931ea050 .event edge, v0x55ac931ea340_0, v0x55ac931ea1b0_0, v0x55ac931ea0d0_0;
S_0x55ac931ea4b0 .scope module, "ins_20" "mux" 3 47, 4 13 0, S_0x55ac931a7520;
 .timescale -9 -12;
    .port_info 0 /INPUT 1 "in0";
    .port_info 1 /INPUT 1 "in1";
    .port_info 2 /INPUT 1 "s";
    .port_info 3 /OUTPUT 1 "out";
v0x55ac931ea780_0 .net "in0", 0 0, L_0x55ac931f7730;  1 drivers
v0x55ac931ea860_0 .net "in1", 0 0, L_0x55ac931f7800;  1 drivers
v0x55ac931ea920_0 .var "out", 0 0;
v0x55ac931ea9f0_0 .net "s", 0 0, L_0x55ac931f7a70;  1 drivers
E_0x55ac931ea700 .event edge, v0x55ac931ea9f0_0, v0x55ac931ea860_0, v0x55ac931ea780_0;
S_0x55ac931eab60 .scope module, "ins_21" "mux" 3 48, 4 13 0, S_0x55ac931a7520;
 .timescale -9 -12;
    .port_info 0 /INPUT 1 "in0";
    .port_info 1 /INPUT 1 "in1";
    .port_info 2 /INPUT 1 "s";
    .port_info 3 /OUTPUT 1 "out";
v0x55ac931eae30_0 .net "in0", 0 0, L_0x55ac931f7b40;  1 drivers
v0x55ac931eaf10_0 .net "in1", 0 0, L_0x55ac931f7dc0;  1 drivers
v0x55ac931eafd0_0 .var "out", 0 0;
v0x55ac931eb0a0_0 .net "s", 0 0, L_0x55ac931f7e90;  1 drivers
E_0x55ac931eadb0 .event edge, v0x55ac931eb0a0_0, v0x55ac931eaf10_0, v0x55ac931eae30_0;
S_0x55ac931eb210 .scope module, "ins_22" "mux" 3 49, 4 13 0, S_0x55ac931a7520;
 .timescale -9 -12;
    .port_info 0 /INPUT 1 "in0";
    .port_info 1 /INPUT 1 "in1";
    .port_info 2 /INPUT 1 "s";
    .port_info 3 /OUTPUT 1 "out";
v0x55ac931eb4e0_0 .net "in0", 0 0, L_0x55ac931f8120;  1 drivers
v0x55ac931eb5c0_0 .net "in1", 0 0, L_0x55ac931f81f0;  1 drivers
v0x55ac931eb680_0 .var "out", 0 0;
v0x55ac931eb750_0 .net "s", 0 0, L_0x55ac931f8490;  1 drivers
E_0x55ac931eb460 .event edge, v0x55ac931eb750_0, v0x55ac931eb5c0_0, v0x55ac931eb4e0_0;
S_0x55ac931eb8c0 .scope module, "ins_23" "mux" 3 50, 4 13 0, S_0x55ac931a7520;
 .timescale -9 -12;
    .port_info 0 /INPUT 1 "in0";
    .port_info 1 /INPUT 1 "in1";
    .port_info 2 /INPUT 1 "s";
    .port_info 3 /OUTPUT 1 "out";
v0x55ac931ebb90_0 .net "in0", 0 0, L_0x55ac931f8770;  1 drivers
v0x55ac931ebc70_0 .net "in1", 0 0, L_0x55ac931f8a20;  1 drivers
v0x55ac931ebd30_0 .var "out", 0 0;
v0x55ac931ebe00_0 .net "s", 0 0, L_0x55ac931f8af0;  1 drivers
E_0x55ac931ebb10 .event edge, v0x55ac931ebe00_0, v0x55ac931ebc70_0, v0x55ac931ebb90_0;
S_0x55ac931ebf70 .scope module, "ins_24" "mux" 3 53, 4 13 0, S_0x55ac931a7520;
 .timescale -9 -12;
    .port_info 0 /INPUT 1 "in0";
    .port_info 1 /INPUT 1 "in1";
    .port_info 2 /INPUT 1 "s";
    .port_info 3 /OUTPUT 1 "out";
v0x55ac931ec240_0 .net "in0", 0 0, L_0x55ac931f9000;  1 drivers
L_0x7fbb9d1f01c8 .functor BUFT 1, C4<0>, C4<0>, C4<0>, C4<0>;
v0x55ac931ec320_0 .net "in1", 0 0, L_0x7fbb9d1f01c8;  1 drivers
v0x55ac931ec3e0_0 .var "out", 0 0;
v0x55ac931ec4b0_0 .net "s", 0 0, L_0x55ac931f9320;  1 drivers
E_0x55ac931ec1c0 .event edge, v0x55ac931ec4b0_0, v0x55ac931ec320_0, v0x55ac931ec240_0;
S_0x55ac931ec620 .scope module, "ins_25" "mux" 3 54, 4 13 0, S_0x55ac931a7520;
 .timescale -9 -12;
    .port_info 0 /INPUT 1 "in0";
    .port_info 1 /INPUT 1 "in1";
    .port_info 2 /INPUT 1 "s";
    .port_info 3 /OUTPUT 1 "out";
v0x55ac931ec8f0_0 .net "in0", 0 0, L_0x55ac931f93f0;  1 drivers
v0x55ac931ec9d0_0 .net "in1", 0 0, L_0x55ac931f96d0;  1 drivers
v0x55ac931eca90_0 .var "out", 0 0;
v0x55ac931ecb60_0 .net "s", 0 0, L_0x55ac931f97a0;  1 drivers
E_0x55ac931ec870 .event edge, v0x55ac931ecb60_0, v0x55ac931ec9d0_0, v0x55ac931ec8f0_0;
S_0x55ac931eccd0 .scope module, "ins_26" "mux" 3 55, 4 13 0, S_0x55ac931a7520;
 .timescale -9 -12;
    .port_info 0 /INPUT 1 "in0";
    .port_info 1 /INPUT 1 "in1";
    .port_info 2 /INPUT 1 "s";
    .port_info 3 /OUTPUT 1 "out";
v0x55ac931ecfa0_0 .net "in0", 0 0, L_0x55ac931f9a90;  1 drivers
v0x55ac931ed080_0 .net "in1", 0 0, L_0x55ac931f9b60;  1 drivers
v0x55ac931ed140_0 .var "out", 0 0;
v0x55ac931ed210_0 .net "s", 0 0, L_0x55ac931f9e60;  1 drivers
E_0x55ac931ecf20 .event edge, v0x55ac931ed210_0, v0x55ac931ed080_0, v0x55ac931ecfa0_0;
S_0x55ac931ed380 .scope module, "ins_27" "mux" 3 56, 4 13 0, S_0x55ac931a7520;
 .timescale -9 -12;
    .port_info 0 /INPUT 1 "in0";
    .port_info 1 /INPUT 1 "in1";
    .port_info 2 /INPUT 1 "s";
    .port_info 3 /OUTPUT 1 "out";
v0x55ac931ed650_0 .net "in0", 0 0, L_0x55ac931f9f30;  1 drivers
v0x55ac931ed730_0 .net "in1", 0 0, L_0x55ac931fa240;  1 drivers
v0x55ac931ed7f0_0 .var "out", 0 0;
v0x55ac931ed8c0_0 .net "s", 0 0, L_0x55ac931fa310;  1 drivers
E_0x55ac931ed5d0 .event edge, v0x55ac931ed8c0_0, v0x55ac931ed730_0, v0x55ac931ed650_0;
S_0x55ac931eda30 .scope module, "ins_28" "mux" 3 57, 4 13 0, S_0x55ac931a7520;
 .timescale -9 -12;
    .port_info 0 /INPUT 1 "in0";
    .port_info 1 /INPUT 1 "in1";
    .port_info 2 /INPUT 1 "s";
    .port_info 3 /OUTPUT 1 "out";
v0x55ac931edd00_0 .net "in0", 0 0, L_0x55ac931fa630;  1 drivers
v0x55ac931edde0_0 .net "in1", 0 0, L_0x55ac931fa700;  1 drivers
v0x55ac931edea0_0 .var "out", 0 0;
v0x55ac931edf70_0 .net "s", 0 0, L_0x55ac931faa30;  1 drivers
E_0x55ac931edc80 .event edge, v0x55ac931edf70_0, v0x55ac931edde0_0, v0x55ac931edd00_0;
S_0x55ac931ee0e0 .scope module, "ins_29" "mux" 3 58, 4 13 0, S_0x55ac931a7520;
 .timescale -9 -12;
    .port_info 0 /INPUT 1 "in0";
    .port_info 1 /INPUT 1 "in1";
    .port_info 2 /INPUT 1 "s";
    .port_info 3 /OUTPUT 1 "out";
v0x55ac931ee3b0_0 .net "in0", 0 0, L_0x55ac931fab00;  1 drivers
v0x55ac931ee490_0 .net "in1", 0 0, L_0x55ac931fae40;  1 drivers
v0x55ac931ee550_0 .var "out", 0 0;
v0x55ac931ee620_0 .net "s", 0 0, L_0x55ac931faf10;  1 drivers
E_0x55ac931ee330 .event edge, v0x55ac931ee620_0, v0x55ac931ee490_0, v0x55ac931ee3b0_0;
S_0x55ac931ee790 .scope module, "ins_30" "mux" 3 59, 4 13 0, S_0x55ac931a7520;
 .timescale -9 -12;
    .port_info 0 /INPUT 1 "in0";
    .port_info 1 /INPUT 1 "in1";
    .port_info 2 /INPUT 1 "s";
    .port_info 3 /OUTPUT 1 "out";
v0x55ac931eea60_0 .net "in0", 0 0, L_0x55ac931fb260;  1 drivers
v0x55ac931eeb40_0 .net "in1", 0 0, L_0x55ac931fb330;  1 drivers
v0x55ac931eec00_0 .var "out", 0 0;
v0x55ac931eecd0_0 .net "s", 0 0, L_0x55ac931fb690;  1 drivers
E_0x55ac931ee9e0 .event edge, v0x55ac931eecd0_0, v0x55ac931eeb40_0, v0x55ac931eea60_0;
S_0x55ac931eee40 .scope module, "ins_31" "mux" 3 60, 4 13 0, S_0x55ac931a7520;
 .timescale -9 -12;
    .port_info 0 /INPUT 1 "in0";
    .port_info 1 /INPUT 1 "in1";
    .port_info 2 /INPUT 1 "s";
    .port_info 3 /OUTPUT 1 "out";
v0x55ac931ef110_0 .net "in0", 0 0, L_0x55ac931fb760;  1 drivers
v0x55ac931ef1f0_0 .net "in1", 0 0, L_0x55ac931fbad0;  1 drivers
v0x55ac931ef2b0_0 .var "out", 0 0;
v0x55ac931ef380_0 .net "s", 0 0, L_0x55ac931fbba0;  1 drivers
E_0x55ac931ef090 .event edge, v0x55ac931ef380_0, v0x55ac931ef1f0_0, v0x55ac931ef110_0;
S_0x55ac931ef4f0 .scope module, "ins_32" "mux" 3 64, 4 13 0, S_0x55ac931a7520;
 .timescale -9 -12;
    .port_info 0 /INPUT 1 "in0";
    .port_info 1 /INPUT 1 "in1";
    .port_info 2 /INPUT 1 "s";
    .port_info 3 /OUTPUT 1 "out";
v0x55ac931ef9d0_0 .net "in0", 0 0, L_0x55ac931fc170;  1 drivers
v0x55ac931efab0_0 .net "in1", 0 0, L_0x55ac931fc550;  1 drivers
v0x55ac931efb70_0 .var "out", 0 0;
v0x55ac931efc40_0 .net "s", 0 0, v0x55ac931f3520_0;  alias, 1 drivers
E_0x55ac931ef950 .event edge, v0x55ac931cc6d0_0, v0x55ac931efab0_0, v0x55ac931ef9d0_0;
S_0x55ac931efd90 .scope module, "ins_33" "mux" 3 65, 4 13 0, S_0x55ac931a7520;
 .timescale -9 -12;
    .port_info 0 /INPUT 1 "in0";
    .port_info 1 /INPUT 1 "in1";
    .port_info 2 /INPUT 1 "s";
    .port_info 3 /OUTPUT 1 "out";
v0x55ac931f0060_0 .net "in0", 0 0, L_0x55ac931fc5f0;  1 drivers
v0x55ac931f0140_0 .net "in1", 0 0, L_0x55ac931fc990;  1 drivers
v0x55ac931f0200_0 .var "out", 0 0;
v0x55ac931f02d0_0 .net "s", 0 0, v0x55ac931f3520_0;  alias, 1 drivers
E_0x55ac931effe0 .event edge, v0x55ac931cc6d0_0, v0x55ac931f0140_0, v0x55ac931f0060_0;
S_0x55ac931f0420 .scope module, "ins_34" "mux" 3 66, 4 13 0, S_0x55ac931a7520;
 .timescale -9 -12;
    .port_info 0 /INPUT 1 "in0";
    .port_info 1 /INPUT 1 "in1";
    .port_info 2 /INPUT 1 "s";
    .port_info 3 /OUTPUT 1 "out";
v0x55ac931f06f0_0 .net "in0", 0 0, L_0x55ac931fca60;  1 drivers
v0x55ac931f07d0_0 .net "in1", 0 0, L_0x55ac931fce10;  1 drivers
v0x55ac931f0890_0 .var "out", 0 0;
v0x55ac931f0960_0 .net "s", 0 0, v0x55ac931f3520_0;  alias, 1 drivers
E_0x55ac931f0670 .event edge, v0x55ac931cc6d0_0, v0x55ac931f07d0_0, v0x55ac931f06f0_0;
S_0x55ac931f0ab0 .scope module, "ins_35" "mux" 3 67, 4 13 0, S_0x55ac931a7520;
 .timescale -9 -12;
    .port_info 0 /INPUT 1 "in0";
    .port_info 1 /INPUT 1 "in1";
    .port_info 2 /INPUT 1 "s";
    .port_info 3 /OUTPUT 1 "out";
v0x55ac931f0d80_0 .net "in0", 0 0, L_0x55ac931fcee0;  1 drivers
v0x55ac931f0e60_0 .net "in1", 0 0, L_0x55ac931fd2a0;  1 drivers
v0x55ac931f0f20_0 .var "out", 0 0;
v0x55ac931f0ff0_0 .net "s", 0 0, v0x55ac931f3520_0;  alias, 1 drivers
E_0x55ac931f0d00 .event edge, v0x55ac931cc6d0_0, v0x55ac931f0e60_0, v0x55ac931f0d80_0;
S_0x55ac931f1140 .scope module, "ins_36" "mux" 3 68, 4 13 0, S_0x55ac931a7520;
 .timescale -9 -12;
    .port_info 0 /INPUT 1 "in0";
    .port_info 1 /INPUT 1 "in1";
    .port_info 2 /INPUT 1 "s";
    .port_info 3 /OUTPUT 1 "out";
v0x55ac931f1410_0 .net "in0", 0 0, L_0x55ac931fd340;  1 drivers
v0x55ac931f14f0_0 .net "in1", 0 0, L_0x55ac931fd6e0;  1 drivers
v0x55ac931f15b0_0 .var "out", 0 0;
v0x55ac931f1680_0 .net "s", 0 0, v0x55ac931f3520_0;  alias, 1 drivers
E_0x55ac931f1390 .event edge, v0x55ac931cc6d0_0, v0x55ac931f14f0_0, v0x55ac931f1410_0;
S_0x55ac931f17d0 .scope module, "ins_37" "mux" 3 69, 4 13 0, S_0x55ac931a7520;
 .timescale -9 -12;
    .port_info 0 /INPUT 1 "in0";
    .port_info 1 /INPUT 1 "in1";
    .port_info 2 /INPUT 1 "s";
    .port_info 3 /OUTPUT 1 "out";
v0x55ac931f1aa0_0 .net "in0", 0 0, L_0x55ac931fd780;  1 drivers
v0x55ac931f1b80_0 .net "in1", 0 0, L_0x55ac931fdb30;  1 drivers
v0x55ac931f1c40_0 .var "out", 0 0;
v0x55ac931f1d10_0 .net "s", 0 0, v0x55ac931f3520_0;  alias, 1 drivers
E_0x55ac931f1a20 .event edge, v0x55ac931cc6d0_0, v0x55ac931f1b80_0, v0x55ac931f1aa0_0;
S_0x55ac931f1e60 .scope module, "ins_38" "mux" 3 70, 4 13 0, S_0x55ac931a7520;
 .timescale -9 -12;
    .port_info 0 /INPUT 1 "in0";
    .port_info 1 /INPUT 1 "in1";
    .port_info 2 /INPUT 1 "s";
    .port_info 3 /OUTPUT 1 "out";
v0x55ac931f2130_0 .net "in0", 0 0, L_0x55ac931fdbd0;  1 drivers
v0x55ac931f2210_0 .net "in1", 0 0, L_0x55ac931fdf90;  1 drivers
v0x55ac931f22d0_0 .var "out", 0 0;
v0x55ac931f23a0_0 .net "s", 0 0, v0x55ac931f3520_0;  alias, 1 drivers
E_0x55ac931f20b0 .event edge, v0x55ac931cc6d0_0, v0x55ac931f2210_0, v0x55ac931f2130_0;
S_0x55ac931f24f0 .scope module, "ins_39" "mux" 3 71, 4 13 0, S_0x55ac931a7520;
 .timescale -9 -12;
    .port_info 0 /INPUT 1 "in0";
    .port_info 1 /INPUT 1 "in1";
    .port_info 2 /INPUT 1 "s";
    .port_info 3 /OUTPUT 1 "out";
v0x55ac931f27c0_0 .net "in0", 0 0, L_0x55ac931fe030;  1 drivers
v0x55ac931f28a0_0 .net "in1", 0 0, L_0x55ac931fe610;  1 drivers
v0x55ac931f2960_0 .var "out", 0 0;
v0x55ac931f2a30_0 .net "s", 0 0, v0x55ac931f3520_0;  alias, 1 drivers
E_0x55ac931f2740 .event edge, v0x55ac931cc6d0_0, v0x55ac931f28a0_0, v0x55ac931f27c0_0;
    .scope S_0x55ac931a6330;
T_0 ;
    %wait E_0x55ac9317aa10;
    %load/vec4 v0x55ac931cc6d0_0;
    %flag_set/vec4 8;
    %jmp/0xz  T_0.0, 8;
    %load/vec4 v0x55ac931ca2f0_0;
    %assign/vec4 v0x55ac931cb4e0_0, 0;
    %jmp T_0.1;
T_0.0 ;
    %load/vec4 v0x55ac931c9100_0;
    %assign/vec4 v0x55ac931cb4e0_0, 0;
T_0.1 ;
    %jmp T_0;
    .thread T_0, $push;
    .scope S_0x55ac931e2d20;
T_1 ;
    %wait E_0x55ac9317ad10;
    %load/vec4 v0x55ac931e2fa0_0;
    %flag_set/vec4 8;
    %jmp/0xz  T_1.0, 8;
    %load/vec4 v0x55ac931ceab0_0;
    %assign/vec4 v0x55ac931cfca0_0, 0;
    %jmp T_1.1;
T_1.0 ;
    %load/vec4 v0x55ac931cd8c0_0;
    %assign/vec4 v0x55ac931cfca0_0, 0;
T_1.1 ;
    %jmp T_1;
    .thread T_1, $push;
    .scope S_0x55ac931e3100;
T_2 ;
    %wait E_0x55ac93165540;
    %load/vec4 v0x55ac931e35a0_0;
    %flag_set/vec4 8;
    %jmp/0xz  T_2.0, 8;
    %load/vec4 v0x55ac931e3410_0;
    %assign/vec4 v0x55ac931e34d0_0, 0;
    %jmp T_2.1;
T_2.0 ;
    %load/vec4 v0x55ac931e3330_0;
    %assign/vec4 v0x55ac931e34d0_0, 0;
T_2.1 ;
    %jmp T_2;
    .thread T_2, $push;
    .scope S_0x55ac931e3710;
T_3 ;
    %wait E_0x55ac931d29a0;
    %load/vec4 v0x55ac931e3ba0_0;
    %flag_set/vec4 8;
    %jmp/0xz  T_3.0, 8;
    %load/vec4 v0x55ac931e3a10_0;
    %assign/vec4 v0x55ac931e3ad0_0, 0;
    %jmp T_3.1;
T_3.0 ;
    %load/vec4 v0x55ac931e3930_0;
    %assign/vec4 v0x55ac931e3ad0_0, 0;
T_3.1 ;
    %jmp T_3;
    .thread T_3, $push;
    .scope S_0x55ac931e3cf0;
T_4 ;
    %wait E_0x55ac931d2bb0;
    %load/vec4 v0x55ac931e41a0_0;
    %flag_set/vec4 8;
    %jmp/0xz  T_4.0, 8;
    %load/vec4 v0x55ac931e4040_0;
    %assign/vec4 v0x55ac931e4100_0, 0;
    %jmp T_4.1;
T_4.0 ;
    %load/vec4 v0x55ac931e3f60_0;
    %assign/vec4 v0x55ac931e4100_0, 0;
T_4.1 ;
    %jmp T_4;
    .thread T_4, $push;
    .scope S_0x55ac931e42f0;
T_5 ;
    %wait E_0x55ac931d2dc0;
    %load/vec4 v0x55ac931e4730_0;
    %flag_set/vec4 8;
    %jmp/0xz  T_5.0, 8;
    %load/vec4 v0x55ac931e45a0_0;
    %assign/vec4 v0x55ac931e4660_0, 0;
    %jmp T_5.1;
T_5.0 ;
    %load/vec4 v0x55ac931e44c0_0;
    %assign/vec4 v0x55ac931e4660_0, 0;
T_5.1 ;
    %jmp T_5;
    .thread T_5, $push;
    .scope S_0x55ac931e4880;
T_6 ;
    %wait E_0x55ac931e4a60;
    %load/vec4 v0x55ac931e4d50_0;
    %flag_set/vec4 8;
    %jmp/0xz  T_6.0, 8;
    %load/vec4 v0x55ac931e4bc0_0;
    %assign/vec4 v0x55ac931e4c80_0, 0;
    %jmp T_6.1;
T_6.0 ;
    %load/vec4 v0x55ac931e4ae0_0;
    %assign/vec4 v0x55ac931e4c80_0, 0;
T_6.1 ;
    %jmp T_6;
    .thread T_6, $push;
    .scope S_0x55ac931e4ea0;
T_7 ;
    %wait E_0x55ac931e5080;
    %load/vec4 v0x55ac931e5370_0;
    %flag_set/vec4 8;
    %jmp/0xz  T_7.0, 8;
    %load/vec4 v0x55ac931e51e0_0;
    %assign/vec4 v0x55ac931e52a0_0, 0;
    %jmp T_7.1;
T_7.0 ;
    %load/vec4 v0x55ac931e5100_0;
    %assign/vec4 v0x55ac931e52a0_0, 0;
T_7.1 ;
    %jmp T_7;
    .thread T_7, $push;
    .scope S_0x55ac931e54c0;
T_8 ;
    %wait E_0x55ac931e5710;
    %load/vec4 v0x55ac931e5a00_0;
    %flag_set/vec4 8;
    %jmp/0xz  T_8.0, 8;
    %load/vec4 v0x55ac931e5870_0;
    %assign/vec4 v0x55ac931e5930_0, 0;
    %jmp T_8.1;
T_8.0 ;
    %load/vec4 v0x55ac931e5790_0;
    %assign/vec4 v0x55ac931e5930_0, 0;
T_8.1 ;
    %jmp T_8;
    .thread T_8, $push;
    .scope S_0x55ac931e5b70;
T_9 ;
    %wait E_0x55ac931e5d70;
    %load/vec4 v0x55ac931e6060_0;
    %flag_set/vec4 8;
    %jmp/0xz  T_9.0, 8;
    %load/vec4 v0x55ac931e5ed0_0;
    %assign/vec4 v0x55ac931e5f90_0, 0;
    %jmp T_9.1;
T_9.0 ;
    %load/vec4 v0x55ac931e5df0_0;
    %assign/vec4 v0x55ac931e5f90_0, 0;
T_9.1 ;
    %jmp T_9;
    .thread T_9, $push;
    .scope S_0x55ac931e61d0;
T_10 ;
    %wait E_0x55ac931e6420;
    %load/vec4 v0x55ac931e6710_0;
    %flag_set/vec4 8;
    %jmp/0xz  T_10.0, 8;
    %load/vec4 v0x55ac931e6580_0;
    %assign/vec4 v0x55ac931e6640_0, 0;
    %jmp T_10.1;
T_10.0 ;
    %load/vec4 v0x55ac931e64a0_0;
    %assign/vec4 v0x55ac931e6640_0, 0;
T_10.1 ;
    %jmp T_10;
    .thread T_10, $push;
    .scope S_0x55ac931e6880;
T_11 ;
    %wait E_0x55ac931e6ad0;
    %load/vec4 v0x55ac931e6dc0_0;
    %flag_set/vec4 8;
    %jmp/0xz  T_11.0, 8;
    %load/vec4 v0x55ac931e6c30_0;
    %assign/vec4 v0x55ac931e6cf0_0, 0;
    %jmp T_11.1;
T_11.0 ;
    %load/vec4 v0x55ac931e6b50_0;
    %assign/vec4 v0x55ac931e6cf0_0, 0;
T_11.1 ;
    %jmp T_11;
    .thread T_11, $push;
    .scope S_0x55ac931e6f30;
T_12 ;
    %wait E_0x55ac931e7180;
    %load/vec4 v0x55ac931e7470_0;
    %flag_set/vec4 8;
    %jmp/0xz  T_12.0, 8;
    %load/vec4 v0x55ac931e72e0_0;
    %assign/vec4 v0x55ac931e73a0_0, 0;
    %jmp T_12.1;
T_12.0 ;
    %load/vec4 v0x55ac931e7200_0;
    %assign/vec4 v0x55ac931e73a0_0, 0;
T_12.1 ;
    %jmp T_12;
    .thread T_12, $push;
    .scope S_0x55ac931e75e0;
T_13 ;
    %wait E_0x55ac931e7830;
    %load/vec4 v0x55ac931e7b20_0;
    %flag_set/vec4 8;
    %jmp/0xz  T_13.0, 8;
    %load/vec4 v0x55ac931e7990_0;
    %assign/vec4 v0x55ac931e7a50_0, 0;
    %jmp T_13.1;
T_13.0 ;
    %load/vec4 v0x55ac931e78b0_0;
    %assign/vec4 v0x55ac931e7a50_0, 0;
T_13.1 ;
    %jmp T_13;
    .thread T_13, $push;
    .scope S_0x55ac931e7c90;
T_14 ;
    %wait E_0x55ac931e7ee0;
    %load/vec4 v0x55ac931e81d0_0;
    %flag_set/vec4 8;
    %jmp/0xz  T_14.0, 8;
    %load/vec4 v0x55ac931e8040_0;
    %assign/vec4 v0x55ac931e8100_0, 0;
    %jmp T_14.1;
T_14.0 ;
    %load/vec4 v0x55ac931e7f60_0;
    %assign/vec4 v0x55ac931e8100_0, 0;
T_14.1 ;
    %jmp T_14;
    .thread T_14, $push;
    .scope S_0x55ac931e8340;
T_15 ;
    %wait E_0x55ac931e8590;
    %load/vec4 v0x55ac931e8880_0;
    %flag_set/vec4 8;
    %jmp/0xz  T_15.0, 8;
    %load/vec4 v0x55ac931e86f0_0;
    %assign/vec4 v0x55ac931e87b0_0, 0;
    %jmp T_15.1;
T_15.0 ;
    %load/vec4 v0x55ac931e8610_0;
    %assign/vec4 v0x55ac931e87b0_0, 0;
T_15.1 ;
    %jmp T_15;
    .thread T_15, $push;
    .scope S_0x55ac931e89f0;
T_16 ;
    %wait E_0x55ac931e8c40;
    %load/vec4 v0x55ac931e8f30_0;
    %flag_set/vec4 8;
    %jmp/0xz  T_16.0, 8;
    %load/vec4 v0x55ac931e8da0_0;
    %assign/vec4 v0x55ac931e8e60_0, 0;
    %jmp T_16.1;
T_16.0 ;
    %load/vec4 v0x55ac931e8cc0_0;
    %assign/vec4 v0x55ac931e8e60_0, 0;
T_16.1 ;
    %jmp T_16;
    .thread T_16, $push;
    .scope S_0x55ac931e90a0;
T_17 ;
    %wait E_0x55ac931e92f0;
    %load/vec4 v0x55ac931e95e0_0;
    %flag_set/vec4 8;
    %jmp/0xz  T_17.0, 8;
    %load/vec4 v0x55ac931e9450_0;
    %assign/vec4 v0x55ac931e9510_0, 0;
    %jmp T_17.1;
T_17.0 ;
    %load/vec4 v0x55ac931e9370_0;
    %assign/vec4 v0x55ac931e9510_0, 0;
T_17.1 ;
    %jmp T_17;
    .thread T_17, $push;
    .scope S_0x55ac931e9750;
T_18 ;
    %wait E_0x55ac931e99a0;
    %load/vec4 v0x55ac931e9c90_0;
    %flag_set/vec4 8;
    %jmp/0xz  T_18.0, 8;
    %load/vec4 v0x55ac931e9b00_0;
    %assign/vec4 v0x55ac931e9bc0_0, 0;
    %jmp T_18.1;
T_18.0 ;
    %load/vec4 v0x55ac931e9a20_0;
    %assign/vec4 v0x55ac931e9bc0_0, 0;
T_18.1 ;
    %jmp T_18;
    .thread T_18, $push;
    .scope S_0x55ac931e9e00;
T_19 ;
    %wait E_0x55ac931ea050;
    %load/vec4 v0x55ac931ea340_0;
    %flag_set/vec4 8;
    %jmp/0xz  T_19.0, 8;
    %load/vec4 v0x55ac931ea1b0_0;
    %assign/vec4 v0x55ac931ea270_0, 0;
    %jmp T_19.1;
T_19.0 ;
    %load/vec4 v0x55ac931ea0d0_0;
    %assign/vec4 v0x55ac931ea270_0, 0;
T_19.1 ;
    %jmp T_19;
    .thread T_19, $push;
    .scope S_0x55ac931ea4b0;
T_20 ;
    %wait E_0x55ac931ea700;
    %load/vec4 v0x55ac931ea9f0_0;
    %flag_set/vec4 8;
    %jmp/0xz  T_20.0, 8;
    %load/vec4 v0x55ac931ea860_0;
    %assign/vec4 v0x55ac931ea920_0, 0;
    %jmp T_20.1;
T_20.0 ;
    %load/vec4 v0x55ac931ea780_0;
    %assign/vec4 v0x55ac931ea920_0, 0;
T_20.1 ;
    %jmp T_20;
    .thread T_20, $push;
    .scope S_0x55ac931eab60;
T_21 ;
    %wait E_0x55ac931eadb0;
    %load/vec4 v0x55ac931eb0a0_0;
    %flag_set/vec4 8;
    %jmp/0xz  T_21.0, 8;
    %load/vec4 v0x55ac931eaf10_0;
    %assign/vec4 v0x55ac931eafd0_0, 0;
    %jmp T_21.1;
T_21.0 ;
    %load/vec4 v0x55ac931eae30_0;
    %assign/vec4 v0x55ac931eafd0_0, 0;
T_21.1 ;
    %jmp T_21;
    .thread T_21, $push;
    .scope S_0x55ac931eb210;
T_22 ;
    %wait E_0x55ac931eb460;
    %load/vec4 v0x55ac931eb750_0;
    %flag_set/vec4 8;
    %jmp/0xz  T_22.0, 8;
    %load/vec4 v0x55ac931eb5c0_0;
    %assign/vec4 v0x55ac931eb680_0, 0;
    %jmp T_22.1;
T_22.0 ;
    %load/vec4 v0x55ac931eb4e0_0;
    %assign/vec4 v0x55ac931eb680_0, 0;
T_22.1 ;
    %jmp T_22;
    .thread T_22, $push;
    .scope S_0x55ac931eb8c0;
T_23 ;
    %wait E_0x55ac931ebb10;
    %load/vec4 v0x55ac931ebe00_0;
    %flag_set/vec4 8;
    %jmp/0xz  T_23.0, 8;
    %load/vec4 v0x55ac931ebc70_0;
    %assign/vec4 v0x55ac931ebd30_0, 0;
    %jmp T_23.1;
T_23.0 ;
    %load/vec4 v0x55ac931ebb90_0;
    %assign/vec4 v0x55ac931ebd30_0, 0;
T_23.1 ;
    %jmp T_23;
    .thread T_23, $push;
    .scope S_0x55ac931ebf70;
T_24 ;
    %wait E_0x55ac931ec1c0;
    %load/vec4 v0x55ac931ec4b0_0;
    %flag_set/vec4 8;
    %jmp/0xz  T_24.0, 8;
    %load/vec4 v0x55ac931ec320_0;
    %assign/vec4 v0x55ac931ec3e0_0, 0;
    %jmp T_24.1;
T_24.0 ;
    %load/vec4 v0x55ac931ec240_0;
    %assign/vec4 v0x55ac931ec3e0_0, 0;
T_24.1 ;
    %jmp T_24;
    .thread T_24, $push;
    .scope S_0x55ac931ec620;
T_25 ;
    %wait E_0x55ac931ec870;
    %load/vec4 v0x55ac931ecb60_0;
    %flag_set/vec4 8;
    %jmp/0xz  T_25.0, 8;
    %load/vec4 v0x55ac931ec9d0_0;
    %assign/vec4 v0x55ac931eca90_0, 0;
    %jmp T_25.1;
T_25.0 ;
    %load/vec4 v0x55ac931ec8f0_0;
    %assign/vec4 v0x55ac931eca90_0, 0;
T_25.1 ;
    %jmp T_25;
    .thread T_25, $push;
    .scope S_0x55ac931eccd0;
T_26 ;
    %wait E_0x55ac931ecf20;
    %load/vec4 v0x55ac931ed210_0;
    %flag_set/vec4 8;
    %jmp/0xz  T_26.0, 8;
    %load/vec4 v0x55ac931ed080_0;
    %assign/vec4 v0x55ac931ed140_0, 0;
    %jmp T_26.1;
T_26.0 ;
    %load/vec4 v0x55ac931ecfa0_0;
    %assign/vec4 v0x55ac931ed140_0, 0;
T_26.1 ;
    %jmp T_26;
    .thread T_26, $push;
    .scope S_0x55ac931ed380;
T_27 ;
    %wait E_0x55ac931ed5d0;
    %load/vec4 v0x55ac931ed8c0_0;
    %flag_set/vec4 8;
    %jmp/0xz  T_27.0, 8;
    %load/vec4 v0x55ac931ed730_0;
    %assign/vec4 v0x55ac931ed7f0_0, 0;
    %jmp T_27.1;
T_27.0 ;
    %load/vec4 v0x55ac931ed650_0;
    %assign/vec4 v0x55ac931ed7f0_0, 0;
T_27.1 ;
    %jmp T_27;
    .thread T_27, $push;
    .scope S_0x55ac931eda30;
T_28 ;
    %wait E_0x55ac931edc80;
    %load/vec4 v0x55ac931edf70_0;
    %flag_set/vec4 8;
    %jmp/0xz  T_28.0, 8;
    %load/vec4 v0x55ac931edde0_0;
    %assign/vec4 v0x55ac931edea0_0, 0;
    %jmp T_28.1;
T_28.0 ;
    %load/vec4 v0x55ac931edd00_0;
    %assign/vec4 v0x55ac931edea0_0, 0;
T_28.1 ;
    %jmp T_28;
    .thread T_28, $push;
    .scope S_0x55ac931ee0e0;
T_29 ;
    %wait E_0x55ac931ee330;
    %load/vec4 v0x55ac931ee620_0;
    %flag_set/vec4 8;
    %jmp/0xz  T_29.0, 8;
    %load/vec4 v0x55ac931ee490_0;
    %assign/vec4 v0x55ac931ee550_0, 0;
    %jmp T_29.1;
T_29.0 ;
    %load/vec4 v0x55ac931ee3b0_0;
    %assign/vec4 v0x55ac931ee550_0, 0;
T_29.1 ;
    %jmp T_29;
    .thread T_29, $push;
    .scope S_0x55ac931ee790;
T_30 ;
    %wait E_0x55ac931ee9e0;
    %load/vec4 v0x55ac931eecd0_0;
    %flag_set/vec4 8;
    %jmp/0xz  T_30.0, 8;
    %load/vec4 v0x55ac931eeb40_0;
    %assign/vec4 v0x55ac931eec00_0, 0;
    %jmp T_30.1;
T_30.0 ;
    %load/vec4 v0x55ac931eea60_0;
    %assign/vec4 v0x55ac931eec00_0, 0;
T_30.1 ;
    %jmp T_30;
    .thread T_30, $push;
    .scope S_0x55ac931eee40;
T_31 ;
    %wait E_0x55ac931ef090;
    %load/vec4 v0x55ac931ef380_0;
    %flag_set/vec4 8;
    %jmp/0xz  T_31.0, 8;
    %load/vec4 v0x55ac931ef1f0_0;
    %assign/vec4 v0x55ac931ef2b0_0, 0;
    %jmp T_31.1;
T_31.0 ;
    %load/vec4 v0x55ac931ef110_0;
    %assign/vec4 v0x55ac931ef2b0_0, 0;
T_31.1 ;
    %jmp T_31;
    .thread T_31, $push;
    .scope S_0x55ac931ef4f0;
T_32 ;
    %wait E_0x55ac931ef950;
    %load/vec4 v0x55ac931efc40_0;
    %flag_set/vec4 8;
    %jmp/0xz  T_32.0, 8;
    %load/vec4 v0x55ac931efab0_0;
    %assign/vec4 v0x55ac931efb70_0, 0;
    %jmp T_32.1;
T_32.0 ;
    %load/vec4 v0x55ac931ef9d0_0;
    %assign/vec4 v0x55ac931efb70_0, 0;
T_32.1 ;
    %jmp T_32;
    .thread T_32, $push;
    .scope S_0x55ac931efd90;
T_33 ;
    %wait E_0x55ac931effe0;
    %load/vec4 v0x55ac931f02d0_0;
    %flag_set/vec4 8;
    %jmp/0xz  T_33.0, 8;
    %load/vec4 v0x55ac931f0140_0;
    %assign/vec4 v0x55ac931f0200_0, 0;
    %jmp T_33.1;
T_33.0 ;
    %load/vec4 v0x55ac931f0060_0;
    %assign/vec4 v0x55ac931f0200_0, 0;
T_33.1 ;
    %jmp T_33;
    .thread T_33, $push;
    .scope S_0x55ac931f0420;
T_34 ;
    %wait E_0x55ac931f0670;
    %load/vec4 v0x55ac931f0960_0;
    %flag_set/vec4 8;
    %jmp/0xz  T_34.0, 8;
    %load/vec4 v0x55ac931f07d0_0;
    %assign/vec4 v0x55ac931f0890_0, 0;
    %jmp T_34.1;
T_34.0 ;
    %load/vec4 v0x55ac931f06f0_0;
    %assign/vec4 v0x55ac931f0890_0, 0;
T_34.1 ;
    %jmp T_34;
    .thread T_34, $push;
    .scope S_0x55ac931f0ab0;
T_35 ;
    %wait E_0x55ac931f0d00;
    %load/vec4 v0x55ac931f0ff0_0;
    %flag_set/vec4 8;
    %jmp/0xz  T_35.0, 8;
    %load/vec4 v0x55ac931f0e60_0;
    %assign/vec4 v0x55ac931f0f20_0, 0;
    %jmp T_35.1;
T_35.0 ;
    %load/vec4 v0x55ac931f0d80_0;
    %assign/vec4 v0x55ac931f0f20_0, 0;
T_35.1 ;
    %jmp T_35;
    .thread T_35, $push;
    .scope S_0x55ac931f1140;
T_36 ;
    %wait E_0x55ac931f1390;
    %load/vec4 v0x55ac931f1680_0;
    %flag_set/vec4 8;
    %jmp/0xz  T_36.0, 8;
    %load/vec4 v0x55ac931f14f0_0;
    %assign/vec4 v0x55ac931f15b0_0, 0;
    %jmp T_36.1;
T_36.0 ;
    %load/vec4 v0x55ac931f1410_0;
    %assign/vec4 v0x55ac931f15b0_0, 0;
T_36.1 ;
    %jmp T_36;
    .thread T_36, $push;
    .scope S_0x55ac931f17d0;
T_37 ;
    %wait E_0x55ac931f1a20;
    %load/vec4 v0x55ac931f1d10_0;
    %flag_set/vec4 8;
    %jmp/0xz  T_37.0, 8;
    %load/vec4 v0x55ac931f1b80_0;
    %assign/vec4 v0x55ac931f1c40_0, 0;
    %jmp T_37.1;
T_37.0 ;
    %load/vec4 v0x55ac931f1aa0_0;
    %assign/vec4 v0x55ac931f1c40_0, 0;
T_37.1 ;
    %jmp T_37;
    .thread T_37, $push;
    .scope S_0x55ac931f1e60;
T_38 ;
    %wait E_0x55ac931f20b0;
    %load/vec4 v0x55ac931f23a0_0;
    %flag_set/vec4 8;
    %jmp/0xz  T_38.0, 8;
    %load/vec4 v0x55ac931f2210_0;
    %assign/vec4 v0x55ac931f22d0_0, 0;
    %jmp T_38.1;
T_38.0 ;
    %load/vec4 v0x55ac931f2130_0;
    %assign/vec4 v0x55ac931f22d0_0, 0;
T_38.1 ;
    %jmp T_38;
    .thread T_38, $push;
    .scope S_0x55ac931f24f0;
T_39 ;
    %wait E_0x55ac931f2740;
    %load/vec4 v0x55ac931f2a30_0;
    %flag_set/vec4 8;
    %jmp/0xz  T_39.0, 8;
    %load/vec4 v0x55ac931f28a0_0;
    %assign/vec4 v0x55ac931f2960_0, 0;
    %jmp T_39.1;
T_39.0 ;
    %load/vec4 v0x55ac931f27c0_0;
    %assign/vec4 v0x55ac931f2960_0, 0;
T_39.1 ;
    %jmp T_39;
    .thread T_39, $push;
    .scope S_0x55ac9319f7d0;
T_40 ;
    %vpi_call 2 20 "$display", " << TESTING LEFT SHIFT >>" {0 0 0};
    %pushi/vec4 0, 0, 8;
    %store/vec4 v0x55ac931f35e0_0, 0, 8;
    %pushi/vec4 0, 0, 3;
    %store/vec4 v0x55ac931f37a0_0, 0, 3;
    %pushi/vec4 1, 0, 1;
    %store/vec4 v0x55ac931f3520_0, 0, 1;
    %delay 1316134912, 2328;
    %pushi/vec4 13, 0, 8;
    %store/vec4 v0x55ac931f35e0_0, 0, 8;
    %pushi/vec4 1, 0, 3;
    %store/vec4 v0x55ac931f37a0_0, 0, 3;
    %pushi/vec4 1, 0, 1;
    %store/vec4 v0x55ac931f3520_0, 0, 1;
    %delay 1316134912, 2328;
    %pushi/vec4 13, 0, 8;
    %store/vec4 v0x55ac931f35e0_0, 0, 8;
    %pushi/vec4 3, 0, 3;
    %store/vec4 v0x55ac931f37a0_0, 0, 3;
    %pushi/vec4 1, 0, 1;
    %store/vec4 v0x55ac931f3520_0, 0, 1;
    %delay 1316134912, 2328;
    %pushi/vec4 13, 0, 8;
    %store/vec4 v0x55ac931f35e0_0, 0, 8;
    %pushi/vec4 5, 0, 3;
    %store/vec4 v0x55ac931f37a0_0, 0, 3;
    %pushi/vec4 1, 0, 1;
    %store/vec4 v0x55ac931f3520_0, 0, 1;
    %delay 1316134912, 2328;
    %pushi/vec4 13, 0, 8;
    %store/vec4 v0x55ac931f35e0_0, 0, 8;
    %pushi/vec4 7, 0, 3;
    %store/vec4 v0x55ac931f37a0_0, 0, 3;
    %pushi/vec4 1, 0, 1;
    %store/vec4 v0x55ac931f3520_0, 0, 1;
    %delay 1316134912, 2328;
    %vpi_call 2 27 "$display", "\012 << TESTING RIGHT SHIFT >>" {0 0 0};
    %delay 1316134912, 2328;
    %pushi/vec4 255, 0, 8;
    %store/vec4 v0x55ac931f35e0_0, 0, 8;
    %pushi/vec4 1, 0, 3;
    %store/vec4 v0x55ac931f37a0_0, 0, 3;
    %pushi/vec4 0, 0, 1;
    %store/vec4 v0x55ac931f3520_0, 0, 1;
    %delay 1316134912, 2328;
    %pushi/vec4 255, 0, 8;
    %store/vec4 v0x55ac931f35e0_0, 0, 8;
    %pushi/vec4 3, 0, 3;
    %store/vec4 v0x55ac931f37a0_0, 0, 3;
    %pushi/vec4 0, 0, 1;
    %store/vec4 v0x55ac931f3520_0, 0, 1;
    %delay 1316134912, 2328;
    %pushi/vec4 255, 0, 8;
    %store/vec4 v0x55ac931f35e0_0, 0, 8;
    %pushi/vec4 5, 0, 3;
    %store/vec4 v0x55ac931f37a0_0, 0, 3;
    %pushi/vec4 0, 0, 1;
    %store/vec4 v0x55ac931f3520_0, 0, 1;
    %delay 1316134912, 2328;
    %pushi/vec4 255, 0, 8;
    %store/vec4 v0x55ac931f35e0_0, 0, 8;
    %pushi/vec4 7, 0, 3;
    %store/vec4 v0x55ac931f37a0_0, 0, 3;
    %pushi/vec4 0, 0, 1;
    %store/vec4 v0x55ac931f3520_0, 0, 1;
    %end;
    .thread T_40;
    .scope S_0x55ac9319f7d0;
T_41 ;
    %vpi_call 2 35 "$monitor", "Input = %0d, Shift Amount = %0d, Output = %0d", v0x55ac931f35e0_0, v0x55ac931f37a0_0, v0x55ac931f36a0_0 {0 0 0};
    %end;
    .thread T_41;
# The file index is used to find the file name in the following table.
:file_names 5;
    "N/A";
    "<interactive>";
    "barrel_shifter_tb.v";
    "barrel_shifter.v";
    "mux.v";
