Running: /opt/Xilinx/14.7/ISE_DS/ISE/bin/lin64/unwrapped/fuse -intstyle ise -incremental -lib unisims_ver -lib unimacro_ver -lib xilinxcorelib_ver -lib secureip -o /home/suhas/Desktop/Semester-5/COA/COA-Lab/Assignment-5/Assignment-5/mult_three_fsm_tb_isim_beh.exe -prj /home/suhas/Desktop/Semester-5/COA/COA-Lab/Assignment-5/Assignment-5/mult_three_fsm_tb_beh.prj work.mult_three_fsm_tb work.glbl 
ISim P.20131013 (signature 0xfbc00daa)
Number of CPUs detected in this system: 12
Turning on mult-threading, number of parallel sub-compilation jobs: 24 
Determining compilation order of HDL files
Analyzing Verilog file "/home/suhas/Desktop/Semester-5/COA/COA-Lab/Assignment-5/Assignment-5/mult_three_fsm.v" into library work
Analyzing Verilog file "/home/suhas/Desktop/Semester-5/COA/COA-Lab/Assignment-5/Assignment-5/mult_three_fsm_tb.v" into library work
Analyzing Verilog file "/opt/Xilinx/14.7/ISE_DS/ISE//verilog/src/glbl.v" into library work
Starting static elaboration
Completed static elaboration
Fuse Memory Usage: 82940 KB
Fuse CPU Usage: 450 ms
Compiling module mult_three_fsm
Compiling module mult_three_fsm_tb
Compiling module glbl
Time Resolution for simulation is 1ps.
Waiting for 1 sub-compilation(s) to finish...
Compiled 3 Verilog Units
Built simulation executable /home/suhas/Desktop/Semester-5/COA/COA-Lab/Assignment-5/Assignment-5/mult_three_fsm_tb_isim_beh.exe
Fuse Memory Usage: 1691704 KB
Fuse CPU Usage: 460 ms
GCC CPU Usage: 150 ms
