ISim log file
Running: /home/suhas/Desktop/Semester-5/COA/COA-Lab/Assignment-5/Assignment-5/mult_three_fsm_tb_isim_beh.exe -intstyle ise -gui -tclbatch isim.cmd -wdb /home/suhas/Desktop/Semester-5/COA/COA-Lab/Assignment-5/Assignment-5/mult_three_fsm_tb_isim_beh.wdb 
ISim P.20131013 (signature 0xfbc00daa)
WARNING: A WEBPACK license was found.
WARNING: Please use Xilinx License Configuration Manager to check out a full ISim license.
WARNING: ISim will run in Lite mode. Please refer to the ISim documentation for more information on the differences between the Lite and the Full version.
This is a Lite version of ISim.
Time resolution is 1 ps
# onerror resume
# wave add /
# run 1000 ns
Simulator is doing circuit initialization process.
Finished circuit initialization process.
clk: 0, inp: 1, out: 1
clk: 1, inp: 1, out: 0
clk: 0, inp: 0, out: 0
clk: 1, inp: 0, out: 0
clk: 0, inp: 1, out: 0
clk: 1, inp: 1, out: 0
clk: 0, inp: 0, out: 0
clk: 1, inp: 0, out: 0
clk: 0, inp: 1, out: 0
clk: 1, inp: 1, out: 1
Stopped at time : 67 ns : File "/home/suhas/Desktop/Semester-5/COA/COA-Lab/Assignment-5/Assignment-5/mult_three_fsm_tb.v" Line 55
# exit 0
