#! /usr/bin/vvp
:ivl_version "11.0 (stable)";
:ivl_delay_selection "TYPICAL";
:vpi_time_precision - 12;
:vpi_module "/usr/lib/x86_64-linux-gnu/ivl/system.vpi";
:vpi_module "/usr/lib/x86_64-linux-gnu/ivl/vhdl_sys.vpi";
:vpi_module "/usr/lib/x86_64-linux-gnu/ivl/vhdl_textio.vpi";
:vpi_module "/usr/lib/x86_64-linux-gnu/ivl/v2005_math.vpi";
:vpi_module "/usr/lib/x86_64-linux-gnu/ivl/va_math.vpi";
S_0x55c4ecf73d90 .scope module, "booth_multiplier_tb" "booth_multiplier_tb" 2 14;
 .timescale -9 -12;
v0x55c4ecfd09c0_0 .var/s "a", 7 0;
v0x55c4ecfd0aa0_0 .var/s "b", 7 0;
v0x55c4ecfd0b70_0 .var "clk", 0 0;
v0x55c4ecfd0c70_0 .var "load", 0 0;
v0x55c4ecfd0d40_0 .net/s "product", 15 0, v0x55c4ecfd05a0_0;  1 drivers
v0x55c4ecfd0de0_0 .var "reset", 0 0;
S_0x55c4ecf73f20 .scope module, "multiplier" "booth_multiplier" 2 22, 3 14 0, S_0x55c4ecf73d90;
 .timescale -9 -12;
    .port_info 0 /INPUT 1 "clk";
    .port_info 1 /INPUT 1 "reset";
    .port_info 2 /INPUT 1 "load";
    .port_info 3 /INPUT 8 "Mc";
    .port_info 4 /INPUT 8 "Mp";
    .port_info 5 /OUTPUT 16 "product";
v0x55c4ecf75f30_0 .var/s "A", 7 0;
v0x55c4ecfcfdf0_0 .var/s "B", 7 0;
v0x55c4ecfcfed0_0 .net/s "Mc", 7 0, v0x55c4ecfd09c0_0;  1 drivers
v0x55c4ecfcff90_0 .net/s "Mp", 7 0, v0x55c4ecfd0aa0_0;  1 drivers
v0x55c4ecfd0070_0 .var/s "Q", 7 0;
v0x55c4ecfd01a0_0 .var "Q_1", 0 0;
v0x55c4ecfd0260_0 .net "clk", 0 0, v0x55c4ecfd0b70_0;  1 drivers
v0x55c4ecfd0320_0 .var "count", 3 0;
v0x55c4ecfd0400_0 .var "diff", 7 0;
v0x55c4ecfd04e0_0 .net "load", 0 0, v0x55c4ecfd0c70_0;  1 drivers
v0x55c4ecfd05a0_0 .var "product", 15 0;
v0x55c4ecfd0680_0 .net "reset", 0 0, v0x55c4ecfd0de0_0;  1 drivers
v0x55c4ecfd0740_0 .var "sum", 7 0;
v0x55c4ecfd0820_0 .var "temp", 1 0;
E_0x55c4ecfb2510 .event posedge, v0x55c4ecfd0260_0;
    .scope S_0x55c4ecf73f20;
T_0 ;
    %wait E_0x55c4ecfb2510;
    %load/vec4 v0x55c4ecfd0680_0;
    %flag_set/vec4 8;
    %jmp/0xz  T_0.0, 8;
    %pushi/vec4 0, 0, 8;
    %assign/vec4 v0x55c4ecf75f30_0, 0;
    %pushi/vec4 0, 0, 8;
    %assign/vec4 v0x55c4ecfcfdf0_0, 0;
    %pushi/vec4 0, 0, 8;
    %assign/vec4 v0x55c4ecfd0070_0, 0;
    %pushi/vec4 0, 0, 1;
    %assign/vec4 v0x55c4ecfd01a0_0, 0;
    %pushi/vec4 0, 0, 4;
    %assign/vec4 v0x55c4ecfd0320_0, 0;
    %jmp T_0.1;
T_0.0 ;
    %load/vec4 v0x55c4ecfd04e0_0;
    %flag_set/vec4 8;
    %jmp/0xz  T_0.2, 8;
    %pushi/vec4 0, 0, 8;
    %assign/vec4 v0x55c4ecf75f30_0, 0;
    %load/vec4 v0x55c4ecfcfed0_0;
    %assign/vec4 v0x55c4ecfcfdf0_0, 0;
    %load/vec4 v0x55c4ecfcff90_0;
    %assign/vec4 v0x55c4ecfd0070_0, 0;
    %pushi/vec4 0, 0, 1;
    %assign/vec4 v0x55c4ecfd01a0_0, 0;
    %pushi/vec4 0, 0, 4;
    %assign/vec4 v0x55c4ecfd0320_0, 0;
    %jmp T_0.3;
T_0.2 ;
    %load/vec4 v0x55c4ecfd0320_0;
    %pad/u 32;
    %cmpi/u 8, 0, 32;
    %flag_or 5, 4;
    %jmp/0xz  T_0.4, 5;
    %load/vec4 v0x55c4ecfd0070_0;
    %parti/s 1, 0, 2;
    %load/vec4 v0x55c4ecfd01a0_0;
    %concat/vec4; draw_concat_vec4
    %store/vec4 v0x55c4ecfd0820_0, 0, 2;
    %load/vec4 v0x55c4ecfd0820_0;
    %dup/vec4;
    %pushi/vec4 1, 0, 2;
    %cmp/u;
    %jmp/1 T_0.6, 6;
    %dup/vec4;
    %pushi/vec4 2, 0, 2;
    %cmp/u;
    %jmp/1 T_0.7, 6;
    %load/vec4 v0x55c4ecf75f30_0;
    %parti/s 1, 7, 4;
    %load/vec4 v0x55c4ecf75f30_0;
    %parti/s 7, 1, 2;
    %concat/vec4; draw_concat_vec4
    %assign/vec4 v0x55c4ecf75f30_0, 0;
    %load/vec4 v0x55c4ecf75f30_0;
    %parti/s 1, 0, 2;
    %load/vec4 v0x55c4ecfd0070_0;
    %parti/s 7, 1, 2;
    %concat/vec4; draw_concat_vec4
    %assign/vec4 v0x55c4ecfd0070_0, 0;
    %jmp T_0.9;
T_0.6 ;
    %load/vec4 v0x55c4ecf75f30_0;
    %load/vec4 v0x55c4ecfcfdf0_0;
    %add;
    %store/vec4 v0x55c4ecfd0740_0, 0, 8;
    %load/vec4 v0x55c4ecfd0740_0;
    %parti/s 1, 7, 4;
    %load/vec4 v0x55c4ecfd0740_0;
    %parti/s 7, 1, 2;
    %concat/vec4; draw_concat_vec4
    %assign/vec4 v0x55c4ecf75f30_0, 0;
    %load/vec4 v0x55c4ecfd0740_0;
    %parti/s 1, 0, 2;
    %load/vec4 v0x55c4ecfd0070_0;
    %parti/s 7, 1, 2;
    %concat/vec4; draw_concat_vec4
    %assign/vec4 v0x55c4ecfd0070_0, 0;
    %jmp T_0.9;
T_0.7 ;
    %load/vec4 v0x55c4ecf75f30_0;
    %load/vec4 v0x55c4ecfcfdf0_0;
    %sub;
    %store/vec4 v0x55c4ecfd0400_0, 0, 8;
    %load/vec4 v0x55c4ecfd0400_0;
    %parti/s 1, 7, 4;
    %load/vec4 v0x55c4ecfd0400_0;
    %parti/s 7, 1, 2;
    %concat/vec4; draw_concat_vec4
    %assign/vec4 v0x55c4ecf75f30_0, 0;
    %load/vec4 v0x55c4ecfd0400_0;
    %parti/s 1, 0, 2;
    %load/vec4 v0x55c4ecfd0070_0;
    %parti/s 7, 1, 2;
    %concat/vec4; draw_concat_vec4
    %assign/vec4 v0x55c4ecfd0070_0, 0;
    %jmp T_0.9;
T_0.9 ;
    %pop/vec4 1;
    %load/vec4 v0x55c4ecfd0070_0;
    %parti/s 1, 0, 2;
    %assign/vec4 v0x55c4ecfd01a0_0, 0;
    %load/vec4 v0x55c4ecfd0320_0;
    %addi 1, 0, 4;
    %assign/vec4 v0x55c4ecfd0320_0, 0;
    %load/vec4 v0x55c4ecf75f30_0;
    %load/vec4 v0x55c4ecfd0070_0;
    %concat/vec4; draw_concat_vec4
    %assign/vec4 v0x55c4ecfd05a0_0, 0;
T_0.4 ;
T_0.3 ;
T_0.1 ;
    %jmp T_0;
    .thread T_0;
    .scope S_0x55c4ecf73d90;
T_1 ;
    %pushi/vec4 0, 0, 1;
    %store/vec4 v0x55c4ecfd0b70_0, 0, 1;
    %pushi/vec4 1, 0, 1;
    %store/vec4 v0x55c4ecfd0de0_0, 0, 1;
    %delay 10000, 0;
    %pushi/vec4 0, 0, 1;
    %store/vec4 v0x55c4ecfd0de0_0, 0, 1;
    %delay 10000, 0;
    %vpi_call 2 34 "$display", "\012Example 1: Mc = 35 and Mp = 67" {0 0 0};
    %pushi/vec4 35, 0, 8;
    %store/vec4 v0x55c4ecfd09c0_0, 0, 8;
    %pushi/vec4 67, 0, 8;
    %store/vec4 v0x55c4ecfd0aa0_0, 0, 8;
    %pushi/vec4 1, 0, 1;
    %store/vec4 v0x55c4ecfd0c70_0, 0, 1;
    %delay 20000, 0;
    %pushi/vec4 0, 0, 1;
    %store/vec4 v0x55c4ecfd0c70_0, 0, 1;
    %delay 90000, 0;
    %vpi_call 2 39 "$display", "Product = %0d\012", v0x55c4ecfd0d40_0 {0 0 0};
    %vpi_call 2 42 "$display", "\012Example 2: Mc = -79 and Mp = 43" {0 0 0};
    %pushi/vec4 177, 0, 8;
    %store/vec4 v0x55c4ecfd09c0_0, 0, 8;
    %pushi/vec4 43, 0, 8;
    %store/vec4 v0x55c4ecfd0aa0_0, 0, 8;
    %pushi/vec4 1, 0, 1;
    %store/vec4 v0x55c4ecfd0c70_0, 0, 1;
    %delay 20000, 0;
    %pushi/vec4 0, 0, 1;
    %store/vec4 v0x55c4ecfd0c70_0, 0, 1;
    %delay 90000, 0;
    %vpi_call 2 47 "$display", "Product = %0d\012", v0x55c4ecfd0d40_0 {0 0 0};
    %vpi_call 2 50 "$display", "\012Example 3: Mc = 52 and Mp = -121" {0 0 0};
    %pushi/vec4 52, 0, 8;
    %store/vec4 v0x55c4ecfd09c0_0, 0, 8;
    %pushi/vec4 135, 0, 8;
    %store/vec4 v0x55c4ecfd0aa0_0, 0, 8;
    %pushi/vec4 1, 0, 1;
    %store/vec4 v0x55c4ecfd0c70_0, 0, 1;
    %delay 20000, 0;
    %pushi/vec4 0, 0, 1;
    %store/vec4 v0x55c4ecfd0c70_0, 0, 1;
    %delay 90000, 0;
    %vpi_call 2 55 "$display", "Product = %0d\012", v0x55c4ecfd0d40_0 {0 0 0};
    %vpi_call 2 58 "$display", "\012Example 4: Mc = -19 and Mp = -98" {0 0 0};
    %pushi/vec4 237, 0, 8;
    %store/vec4 v0x55c4ecfd09c0_0, 0, 8;
    %pushi/vec4 158, 0, 8;
    %store/vec4 v0x55c4ecfd0aa0_0, 0, 8;
    %pushi/vec4 1, 0, 1;
    %store/vec4 v0x55c4ecfd0c70_0, 0, 1;
    %delay 20000, 0;
    %pushi/vec4 0, 0, 1;
    %store/vec4 v0x55c4ecfd0c70_0, 0, 1;
    %delay 90000, 0;
    %vpi_call 2 63 "$display", "Product = %0d\012", v0x55c4ecfd0d40_0 {0 0 0};
    %vpi_call 2 65 "$finish" {0 0 0};
    %end;
    .thread T_1;
    .scope S_0x55c4ecf73d90;
T_2 ;
    %delay 5000, 0;
    %load/vec4 v0x55c4ecfd0b70_0;
    %nor/r;
    %store/vec4 v0x55c4ecfd0b70_0, 0, 1;
    %jmp T_2;
    .thread T_2;
# The file index is used to find the file name in the following table.
:file_names 4;
    "N/A";
    "<interactive>";
    "booth_multiplier_tb.v";
    "booth_multiplier.v";
