#! /usr/bin/vvp
:ivl_version "11.0 (stable)";
:ivl_delay_selection "TYPICAL";
:vpi_time_precision + 0;
:vpi_module "/usr/lib/x86_64-linux-gnu/ivl/system.vpi";
:vpi_module "/usr/lib/x86_64-linux-gnu/ivl/vhdl_sys.vpi";
:vpi_module "/usr/lib/x86_64-linux-gnu/ivl/vhdl_textio.vpi";
:vpi_module "/usr/lib/x86_64-linux-gnu/ivl/v2005_math.vpi";
:vpi_module "/usr/lib/x86_64-linux-gnu/ivl/va_math.vpi";
S_0x56472068de40 .scope module, "carry_look_ahead_16bit_ripple_tb" "carry_look_ahead_16bit_ripple_tb" 2 1;
 .timescale 0 0;
v0x5647206bdfb0_0 .var "A", 15 0;
v0x5647206be090_0 .var "B", 15 0;
v0x5647206be160_0 .var "Ci", 0 0;
v0x5647206be280_0 .net "Co", 0 0, L_0x5647206d17c0;  1 drivers
v0x5647206be370_0 .net "S", 15 0, L_0x5647206d1bd0;  1 drivers
S_0x564720666c10 .scope module, "carry_look_ahead" "carry_look_ahead_16bit_ripple" 2 8, 3 1 0, S_0x56472068de40;
 .timescale 0 0;
    .port_info 0 /INPUT 16 "A";
    .port_info 1 /INPUT 16 "B";
    .port_info 2 /INPUT 1 "Ci";
    .port_info 3 /OUTPUT 16 "S";
    .port_info 4 /OUTPUT 1 "Co";
v0x5647206bda30_0 .net "A", 15 0, v0x5647206bdfb0_0;  1 drivers
v0x5647206bdb30_0 .net "B", 15 0, v0x5647206be090_0;  1 drivers
v0x5647206bdc10_0 .net "Ci", 0 0, v0x5647206be160_0;  1 drivers
v0x5647206bdce0_0 .net "Co", 0 0, L_0x5647206d17c0;  alias, 1 drivers
v0x5647206bddb0_0 .net "S", 15 0, L_0x5647206d1bd0;  alias, 1 drivers
v0x5647206bde50_0 .net "w_temp", 2 0, L_0x5647206cd0e0;  1 drivers
L_0x5647206c30b0 .part v0x5647206bdfb0_0, 0, 4;
L_0x5647206c31a0 .part v0x5647206be090_0, 0, 4;
L_0x5647206c7f50 .part v0x5647206bdfb0_0, 4, 4;
L_0x5647206c7ff0 .part v0x5647206be090_0, 4, 4;
L_0x5647206c80c0 .part L_0x5647206cd0e0, 0, 1;
L_0x5647206cceb0 .part v0x5647206bdfb0_0, 8, 4;
L_0x5647206ccf50 .part v0x5647206be090_0, 8, 4;
L_0x5647206ccff0 .part L_0x5647206cd0e0, 1, 1;
L_0x5647206cd0e0 .concat8 [ 1 1 1 0], L_0x5647206c2ef0, L_0x5647206c7d90, L_0x5647206cccf0;
L_0x5647206d1980 .part v0x5647206bdfb0_0, 12, 4;
L_0x5647206d1a20 .part v0x5647206be090_0, 12, 4;
L_0x5647206d1ac0 .part L_0x5647206cd0e0, 2, 1;
L_0x5647206d1bd0 .concat8 [ 4 4 4 4], L_0x5647206c2e00, L_0x5647206c7ca0, L_0x5647206ccc00, L_0x5647206d16d0;
S_0x56472067a600 .scope module, "carry_look_ahead1" "carry_look_ahead_4bit" 3 9, 4 1 0, S_0x564720666c10;
 .timescale 0 0;
    .port_info 0 /INPUT 4 "A";
    .port_info 1 /INPUT 4 "B";
    .port_info 2 /INPUT 1 "Ci";
    .port_info 3 /OUTPUT 4 "S";
    .port_info 4 /OUTPUT 1 "Co";
L_0x5647206be460 .functor XOR 4, L_0x5647206c30b0, L_0x5647206c31a0, C4<0000>, C4<0000>;
L_0x5647206be500 .functor AND 4, L_0x5647206c30b0, L_0x5647206c31a0, C4<1111>, C4<1111>;
L_0x5647206be640 .functor BUFZ 1, v0x5647206be160_0, C4<0>, C4<0>, C4<0>;
L_0x5647206be890 .functor AND 1, L_0x5647206be7a0, v0x5647206be160_0, C4<1>, C4<1>;
L_0x5647206be980 .functor OR 1, L_0x5647206be6b0, L_0x5647206be890, C4<0>, C4<0>;
L_0x5647206bec80 .functor AND 1, L_0x5647206beae0, L_0x5647206bebb0, C4<1>, C4<1>;
L_0x5647206bedb0 .functor OR 1, L_0x5647206bea40, L_0x5647206bec80, C4<0>, C4<0>;
L_0x5647206bf0d0 .functor AND 1, L_0x5647206beec0, L_0x5647206bf030, C4<1>, C4<1>;
L_0x5647206bf1e0 .functor AND 1, L_0x5647206bf0d0, v0x5647206be160_0, C4<1>, C4<1>;
L_0x5647206bf2a0 .functor OR 1, L_0x5647206bedb0, L_0x5647206bf1e0, C4<0>, C4<0>;
L_0x5647206bf6a0 .functor AND 1, L_0x5647206bf500, L_0x5647206bf5a0, C4<1>, C4<1>;
L_0x5647206bf710 .functor OR 1, L_0x5647206bf410, L_0x5647206bf6a0, C4<0>, C4<0>;
L_0x5647206bfa40 .functor AND 1, L_0x5647206bf890, L_0x5647206bf930, C4<1>, C4<1>;
L_0x5647206bfbf0 .functor AND 1, L_0x5647206bfa40, L_0x5647206bfb50, C4<1>, C4<1>;
L_0x5647206bf820 .functor OR 1, L_0x5647206bf710, L_0x5647206bfbf0, C4<0>, C4<0>;
L_0x5647206bf9d0 .functor AND 1, L_0x5647206bfe20, L_0x5647206bff40, C4<1>, C4<1>;
L_0x5647206c0240 .functor AND 1, L_0x5647206bf9d0, L_0x5647206c0110, C4<1>, C4<1>;
L_0x5647206c0350 .functor AND 1, L_0x5647206c0240, v0x5647206be160_0, C4<1>, C4<1>;
L_0x5647206c04b0 .functor OR 1, L_0x5647206bf820, L_0x5647206c0350, C4<0>, C4<0>;
L_0x5647206c0ad0 .functor AND 1, L_0x5647206c08e0, L_0x5647206c0980, C4<1>, C4<1>;
L_0x5647206c0c90 .functor OR 1, L_0x5647206c07a0, L_0x5647206c0ad0, C4<0>, C4<0>;
L_0x5647206c0e60 .functor AND 1, L_0x5647206c0410, L_0x5647206c0840, C4<1>, C4<1>;
L_0x5647206c10d0 .functor AND 1, L_0x5647206c0e60, L_0x5647206c1030, C4<1>, C4<1>;
L_0x5647206c11e0 .functor OR 1, L_0x5647206c0c90, L_0x5647206c10d0, C4<0>, C4<0>;
L_0x5647206c15d0 .functor AND 1, L_0x5647206c13c0, L_0x5647206c1530, C4<1>, C4<1>;
L_0x5647206c1860 .functor AND 1, L_0x5647206c15d0, L_0x5647206c16e0, C4<1>, C4<1>;
L_0x5647206c1af0 .functor AND 1, L_0x5647206c1860, L_0x5647206c1a50, C4<1>, C4<1>;
L_0x5647206c1c00 .functor OR 1, L_0x5647206c11e0, L_0x5647206c1af0, C4<0>, C4<0>;
L_0x5647206c2030 .functor AND 1, L_0x5647206c1e00, L_0x5647206c1f90, C4<1>, C4<1>;
L_0x5647206c22e0 .functor AND 1, L_0x5647206c2030, L_0x5647206c2140, C4<1>, C4<1>;
L_0x5647206c2590 .functor AND 1, L_0x5647206c22e0, L_0x5647206c24f0, C4<1>, C4<1>;
L_0x5647206c26a0 .functor AND 1, L_0x5647206c2590, v0x5647206be160_0, C4<1>, C4<1>;
L_0x5647206c2870 .functor OR 1, L_0x5647206c1c00, L_0x5647206c26a0, C4<0>, C4<0>;
L_0x5647206c2bd0 .functor XOR 5, L_0x5647206c29d0, L_0x5647206c05c0, C4<00000>, C4<00000>;
v0x56472068e810_0 .net "A", 3 0, L_0x5647206c30b0;  1 drivers
v0x56472067afd0_0 .net "B", 3 0, L_0x5647206c31a0;  1 drivers
v0x5647206675e0_0 .net "C", 4 0, L_0x5647206c05c0;  1 drivers
v0x564720653bd0_0 .net "Ci", 0 0, v0x5647206be160_0;  alias, 1 drivers
v0x5647206ac790_0 .net "Co", 0 0, L_0x5647206c2ef0;  1 drivers
v0x5647206ac8a0_0 .net "G", 3 0, L_0x5647206be500;  1 drivers
v0x5647206ac980_0 .net "P", 3 0, L_0x5647206be460;  1 drivers
v0x5647206aca60_0 .net "S", 3 0, L_0x5647206c2e00;  1 drivers
v0x5647206acb40_0 .net *"_ivl_101", 0 0, L_0x5647206c11e0;  1 drivers
v0x5647206acc20_0 .net *"_ivl_104", 0 0, L_0x5647206c13c0;  1 drivers
v0x5647206acd00_0 .net *"_ivl_106", 0 0, L_0x5647206c1530;  1 drivers
v0x5647206acde0_0 .net *"_ivl_107", 0 0, L_0x5647206c15d0;  1 drivers
v0x5647206acec0_0 .net *"_ivl_11", 0 0, L_0x5647206be6b0;  1 drivers
v0x5647206acfa0_0 .net *"_ivl_110", 0 0, L_0x5647206c16e0;  1 drivers
v0x5647206ad080_0 .net *"_ivl_111", 0 0, L_0x5647206c1860;  1 drivers
v0x5647206ad160_0 .net *"_ivl_114", 0 0, L_0x5647206c1a50;  1 drivers
v0x5647206ad240_0 .net *"_ivl_115", 0 0, L_0x5647206c1af0;  1 drivers
v0x5647206ad320_0 .net *"_ivl_117", 0 0, L_0x5647206c1c00;  1 drivers
v0x5647206ad400_0 .net *"_ivl_120", 0 0, L_0x5647206c1e00;  1 drivers
v0x5647206ad4e0_0 .net *"_ivl_122", 0 0, L_0x5647206c1f90;  1 drivers
v0x5647206ad5c0_0 .net *"_ivl_123", 0 0, L_0x5647206c2030;  1 drivers
v0x5647206ad6a0_0 .net *"_ivl_126", 0 0, L_0x5647206c2140;  1 drivers
v0x5647206ad780_0 .net *"_ivl_127", 0 0, L_0x5647206c22e0;  1 drivers
v0x5647206ad860_0 .net *"_ivl_13", 0 0, L_0x5647206be7a0;  1 drivers
v0x5647206ad940_0 .net *"_ivl_130", 0 0, L_0x5647206c24f0;  1 drivers
v0x5647206ada20_0 .net *"_ivl_131", 0 0, L_0x5647206c2590;  1 drivers
v0x5647206adb00_0 .net *"_ivl_133", 0 0, L_0x5647206c26a0;  1 drivers
v0x5647206adbe0_0 .net *"_ivl_135", 0 0, L_0x5647206c2870;  1 drivers
v0x5647206adcc0_0 .net *"_ivl_137", 4 0, L_0x5647206c29d0;  1 drivers
v0x5647206adda0_0 .net *"_ivl_14", 0 0, L_0x5647206be890;  1 drivers
L_0x7f2e92408018 .functor BUFT 1, C4<0>, C4<0>, C4<0>, C4<0>;
v0x5647206ade80_0 .net *"_ivl_140", 0 0, L_0x7f2e92408018;  1 drivers
v0x5647206adf60_0 .net *"_ivl_141", 4 0, L_0x5647206c2bd0;  1 drivers
v0x5647206ae040_0 .net *"_ivl_16", 0 0, L_0x5647206be980;  1 drivers
v0x5647206ae330_0 .net *"_ivl_21", 0 0, L_0x5647206bea40;  1 drivers
v0x5647206ae410_0 .net *"_ivl_23", 0 0, L_0x5647206beae0;  1 drivers
v0x5647206ae4f0_0 .net *"_ivl_25", 0 0, L_0x5647206bebb0;  1 drivers
v0x5647206ae5d0_0 .net *"_ivl_26", 0 0, L_0x5647206bec80;  1 drivers
v0x5647206ae6b0_0 .net *"_ivl_28", 0 0, L_0x5647206bedb0;  1 drivers
v0x5647206ae790_0 .net *"_ivl_31", 0 0, L_0x5647206beec0;  1 drivers
v0x5647206ae870_0 .net *"_ivl_33", 0 0, L_0x5647206bf030;  1 drivers
v0x5647206ae950_0 .net *"_ivl_34", 0 0, L_0x5647206bf0d0;  1 drivers
v0x5647206aea30_0 .net *"_ivl_36", 0 0, L_0x5647206bf1e0;  1 drivers
v0x5647206aeb10_0 .net *"_ivl_38", 0 0, L_0x5647206bf2a0;  1 drivers
v0x5647206aebf0_0 .net *"_ivl_43", 0 0, L_0x5647206bf410;  1 drivers
v0x5647206aecd0_0 .net *"_ivl_45", 0 0, L_0x5647206bf500;  1 drivers
v0x5647206aedb0_0 .net *"_ivl_47", 0 0, L_0x5647206bf5a0;  1 drivers
v0x5647206aee90_0 .net *"_ivl_48", 0 0, L_0x5647206bf6a0;  1 drivers
v0x5647206aef70_0 .net *"_ivl_50", 0 0, L_0x5647206bf710;  1 drivers
v0x5647206af050_0 .net *"_ivl_53", 0 0, L_0x5647206bf890;  1 drivers
v0x5647206af130_0 .net *"_ivl_55", 0 0, L_0x5647206bf930;  1 drivers
v0x5647206af210_0 .net *"_ivl_56", 0 0, L_0x5647206bfa40;  1 drivers
v0x5647206af2f0_0 .net *"_ivl_59", 0 0, L_0x5647206bfb50;  1 drivers
v0x5647206af3d0_0 .net *"_ivl_60", 0 0, L_0x5647206bfbf0;  1 drivers
v0x5647206af4b0_0 .net *"_ivl_62", 0 0, L_0x5647206bf820;  1 drivers
v0x5647206af590_0 .net *"_ivl_65", 0 0, L_0x5647206bfe20;  1 drivers
v0x5647206af670_0 .net *"_ivl_67", 0 0, L_0x5647206bff40;  1 drivers
v0x5647206af750_0 .net *"_ivl_68", 0 0, L_0x5647206bf9d0;  1 drivers
v0x5647206af830_0 .net *"_ivl_7", 0 0, L_0x5647206be640;  1 drivers
v0x5647206af910_0 .net *"_ivl_71", 0 0, L_0x5647206c0110;  1 drivers
v0x5647206af9f0_0 .net *"_ivl_72", 0 0, L_0x5647206c0240;  1 drivers
v0x5647206afad0_0 .net *"_ivl_74", 0 0, L_0x5647206c0350;  1 drivers
v0x5647206afbb0_0 .net *"_ivl_76", 0 0, L_0x5647206c04b0;  1 drivers
v0x5647206afc90_0 .net *"_ivl_82", 0 0, L_0x5647206c07a0;  1 drivers
v0x5647206afd70_0 .net *"_ivl_84", 0 0, L_0x5647206c08e0;  1 drivers
v0x5647206afe50_0 .net *"_ivl_86", 0 0, L_0x5647206c0980;  1 drivers
v0x5647206b0340_0 .net *"_ivl_87", 0 0, L_0x5647206c0ad0;  1 drivers
v0x5647206b0420_0 .net *"_ivl_89", 0 0, L_0x5647206c0c90;  1 drivers
v0x5647206b0500_0 .net *"_ivl_92", 0 0, L_0x5647206c0410;  1 drivers
v0x5647206b05e0_0 .net *"_ivl_94", 0 0, L_0x5647206c0840;  1 drivers
v0x5647206b06c0_0 .net *"_ivl_95", 0 0, L_0x5647206c0e60;  1 drivers
v0x5647206b07a0_0 .net *"_ivl_98", 0 0, L_0x5647206c1030;  1 drivers
v0x5647206b0880_0 .net *"_ivl_99", 0 0, L_0x5647206c10d0;  1 drivers
L_0x5647206be6b0 .part L_0x5647206be500, 0, 1;
L_0x5647206be7a0 .part L_0x5647206be460, 0, 1;
L_0x5647206bea40 .part L_0x5647206be500, 1, 1;
L_0x5647206beae0 .part L_0x5647206be460, 1, 1;
L_0x5647206bebb0 .part L_0x5647206be500, 0, 1;
L_0x5647206beec0 .part L_0x5647206be460, 1, 1;
L_0x5647206bf030 .part L_0x5647206be460, 0, 1;
L_0x5647206bf410 .part L_0x5647206be500, 2, 1;
L_0x5647206bf500 .part L_0x5647206be460, 2, 1;
L_0x5647206bf5a0 .part L_0x5647206be500, 1, 1;
L_0x5647206bf890 .part L_0x5647206be460, 2, 1;
L_0x5647206bf930 .part L_0x5647206be460, 1, 1;
L_0x5647206bfb50 .part L_0x5647206be500, 0, 1;
L_0x5647206bfe20 .part L_0x5647206be460, 2, 1;
L_0x5647206bff40 .part L_0x5647206be460, 1, 1;
L_0x5647206c0110 .part L_0x5647206be460, 0, 1;
LS_0x5647206c05c0_0_0 .concat8 [ 1 1 1 1], L_0x5647206be640, L_0x5647206be980, L_0x5647206bf2a0, L_0x5647206c04b0;
LS_0x5647206c05c0_0_4 .concat8 [ 1 0 0 0], L_0x5647206c2870;
L_0x5647206c05c0 .concat8 [ 4 1 0 0], LS_0x5647206c05c0_0_0, LS_0x5647206c05c0_0_4;
L_0x5647206c07a0 .part L_0x5647206be500, 3, 1;
L_0x5647206c08e0 .part L_0x5647206be460, 3, 1;
L_0x5647206c0980 .part L_0x5647206be500, 2, 1;
L_0x5647206c0410 .part L_0x5647206be460, 3, 1;
L_0x5647206c0840 .part L_0x5647206be460, 2, 1;
L_0x5647206c1030 .part L_0x5647206be500, 1, 1;
L_0x5647206c13c0 .part L_0x5647206be460, 3, 1;
L_0x5647206c1530 .part L_0x5647206be460, 2, 1;
L_0x5647206c16e0 .part L_0x5647206be460, 1, 1;
L_0x5647206c1a50 .part L_0x5647206be500, 0, 1;
L_0x5647206c1e00 .part L_0x5647206be460, 3, 1;
L_0x5647206c1f90 .part L_0x5647206be460, 2, 1;
L_0x5647206c2140 .part L_0x5647206be460, 1, 1;
L_0x5647206c24f0 .part L_0x5647206be460, 0, 1;
L_0x5647206c29d0 .concat [ 4 1 0 0], L_0x5647206be460, L_0x7f2e92408018;
L_0x5647206c2e00 .part L_0x5647206c2bd0, 0, 4;
L_0x5647206c2ef0 .part L_0x5647206c05c0, 4, 1;
S_0x5647206b0a00 .scope module, "carry_look_ahead2" "carry_look_ahead_4bit" 3 10, 4 1 0, S_0x564720666c10;
 .timescale 0 0;
    .port_info 0 /INPUT 4 "A";
    .port_info 1 /INPUT 4 "B";
    .port_info 2 /INPUT 1 "Ci";
    .port_info 3 /OUTPUT 4 "S";
    .port_info 4 /OUTPUT 1 "Co";
L_0x5647206c3290 .functor XOR 4, L_0x5647206c7f50, L_0x5647206c7ff0, C4<0000>, C4<0000>;
L_0x5647206c3300 .functor AND 4, L_0x5647206c7f50, L_0x5647206c7ff0, C4<1111>, C4<1111>;
L_0x5647206c3410 .functor BUFZ 1, L_0x5647206c80c0, C4<0>, C4<0>, C4<0>;
L_0x5647206c3660 .functor AND 1, L_0x5647206c3570, L_0x5647206c80c0, C4<1>, C4<1>;
L_0x5647206c3770 .functor OR 1, L_0x5647206c3480, L_0x5647206c3660, C4<0>, C4<0>;
L_0x5647206c3a60 .functor AND 1, L_0x5647206c3920, L_0x5647206c39c0, C4<1>, C4<1>;
L_0x5647206c3b60 .functor OR 1, L_0x5647206c3880, L_0x5647206c3a60, C4<0>, C4<0>;
L_0x5647206c3db0 .functor AND 1, L_0x5647206c3c70, L_0x5647206c3d10, C4<1>, C4<1>;
L_0x5647206c3ec0 .functor AND 1, L_0x5647206c3db0, L_0x5647206c80c0, C4<1>, C4<1>;
L_0x5647206c3f80 .functor OR 1, L_0x5647206c3b60, L_0x5647206c3ec0, C4<0>, C4<0>;
L_0x5647206c4380 .functor AND 1, L_0x5647206c41e0, L_0x5647206c4280, C4<1>, C4<1>;
L_0x5647206c43f0 .functor OR 1, L_0x5647206c40f0, L_0x5647206c4380, C4<0>, C4<0>;
L_0x5647206c4720 .functor AND 1, L_0x5647206c4570, L_0x5647206c4610, C4<1>, C4<1>;
L_0x5647206c48d0 .functor AND 1, L_0x5647206c4720, L_0x5647206c4830, C4<1>, C4<1>;
L_0x5647206c4500 .functor OR 1, L_0x5647206c43f0, L_0x5647206c48d0, C4<0>, C4<0>;
L_0x5647206c46b0 .functor AND 1, L_0x5647206c4b00, L_0x5647206c4c20, C4<1>, C4<1>;
L_0x5647206c4f20 .functor AND 1, L_0x5647206c46b0, L_0x5647206c4df0, C4<1>, C4<1>;
L_0x5647206c5030 .functor AND 1, L_0x5647206c4f20, L_0x5647206c80c0, C4<1>, C4<1>;
L_0x5647206c5190 .functor OR 1, L_0x5647206c4500, L_0x5647206c5030, C4<0>, C4<0>;
L_0x5647206c5760 .functor AND 1, L_0x5647206c5570, L_0x5647206c5610, C4<1>, C4<1>;
L_0x5647206c5920 .functor OR 1, L_0x5647206c5430, L_0x5647206c5760, C4<0>, C4<0>;
L_0x5647206c5af0 .functor AND 1, L_0x5647206c50f0, L_0x5647206c54d0, C4<1>, C4<1>;
L_0x5647206c5d60 .functor AND 1, L_0x5647206c5af0, L_0x5647206c5cc0, C4<1>, C4<1>;
L_0x5647206c5e70 .functor OR 1, L_0x5647206c5920, L_0x5647206c5d60, C4<0>, C4<0>;
L_0x5647206c6470 .functor AND 1, L_0x5647206c6050, L_0x5647206c61c0, C4<1>, C4<1>;
L_0x5647206c6700 .functor AND 1, L_0x5647206c6470, L_0x5647206c6580, C4<1>, C4<1>;
L_0x5647206c6990 .functor AND 1, L_0x5647206c6700, L_0x5647206c68f0, C4<1>, C4<1>;
L_0x5647206c6aa0 .functor OR 1, L_0x5647206c5e70, L_0x5647206c6990, C4<0>, C4<0>;
L_0x5647206c6ed0 .functor AND 1, L_0x5647206c6ca0, L_0x5647206c6e30, C4<1>, C4<1>;
L_0x5647206c7180 .functor AND 1, L_0x5647206c6ed0, L_0x5647206c6fe0, C4<1>, C4<1>;
L_0x5647206c7430 .functor AND 1, L_0x5647206c7180, L_0x5647206c7390, C4<1>, C4<1>;
L_0x5647206c7540 .functor AND 1, L_0x5647206c7430, L_0x5647206c80c0, C4<1>, C4<1>;
L_0x5647206c7710 .functor OR 1, L_0x5647206c6aa0, L_0x5647206c7540, C4<0>, C4<0>;
L_0x5647206c7a70 .functor XOR 5, L_0x5647206c7870, L_0x5647206c5250, C4<00000>, C4<00000>;
v0x5647206b0bb0_0 .net "A", 3 0, L_0x5647206c7f50;  1 drivers
v0x5647206b0c90_0 .net "B", 3 0, L_0x5647206c7ff0;  1 drivers
v0x5647206b0d70_0 .net "C", 4 0, L_0x5647206c5250;  1 drivers
v0x5647206b0e30_0 .net "Ci", 0 0, L_0x5647206c80c0;  1 drivers
v0x5647206b0ef0_0 .net "Co", 0 0, L_0x5647206c7d90;  1 drivers
v0x5647206b1000_0 .net "G", 3 0, L_0x5647206c3300;  1 drivers
v0x5647206b10e0_0 .net "P", 3 0, L_0x5647206c3290;  1 drivers
v0x5647206b11c0_0 .net "S", 3 0, L_0x5647206c7ca0;  1 drivers
v0x5647206b12a0_0 .net *"_ivl_101", 0 0, L_0x5647206c5e70;  1 drivers
v0x5647206b1380_0 .net *"_ivl_104", 0 0, L_0x5647206c6050;  1 drivers
v0x5647206b1460_0 .net *"_ivl_106", 0 0, L_0x5647206c61c0;  1 drivers
v0x5647206b1540_0 .net *"_ivl_107", 0 0, L_0x5647206c6470;  1 drivers
v0x5647206b1620_0 .net *"_ivl_11", 0 0, L_0x5647206c3480;  1 drivers
v0x5647206b1700_0 .net *"_ivl_110", 0 0, L_0x5647206c6580;  1 drivers
v0x5647206b17e0_0 .net *"_ivl_111", 0 0, L_0x5647206c6700;  1 drivers
v0x5647206b18c0_0 .net *"_ivl_114", 0 0, L_0x5647206c68f0;  1 drivers
v0x5647206b19a0_0 .net *"_ivl_115", 0 0, L_0x5647206c6990;  1 drivers
v0x5647206b1a80_0 .net *"_ivl_117", 0 0, L_0x5647206c6aa0;  1 drivers
v0x5647206b1b60_0 .net *"_ivl_120", 0 0, L_0x5647206c6ca0;  1 drivers
v0x5647206b1c40_0 .net *"_ivl_122", 0 0, L_0x5647206c6e30;  1 drivers
v0x5647206b1d20_0 .net *"_ivl_123", 0 0, L_0x5647206c6ed0;  1 drivers
v0x5647206b1e00_0 .net *"_ivl_126", 0 0, L_0x5647206c6fe0;  1 drivers
v0x5647206b1ee0_0 .net *"_ivl_127", 0 0, L_0x5647206c7180;  1 drivers
v0x5647206b1fc0_0 .net *"_ivl_13", 0 0, L_0x5647206c3570;  1 drivers
v0x5647206b20a0_0 .net *"_ivl_130", 0 0, L_0x5647206c7390;  1 drivers
v0x5647206b2180_0 .net *"_ivl_131", 0 0, L_0x5647206c7430;  1 drivers
v0x5647206b2260_0 .net *"_ivl_133", 0 0, L_0x5647206c7540;  1 drivers
v0x5647206b2340_0 .net *"_ivl_135", 0 0, L_0x5647206c7710;  1 drivers
v0x5647206b2420_0 .net *"_ivl_137", 4 0, L_0x5647206c7870;  1 drivers
v0x5647206b2500_0 .net *"_ivl_14", 0 0, L_0x5647206c3660;  1 drivers
L_0x7f2e92408060 .functor BUFT 1, C4<0>, C4<0>, C4<0>, C4<0>;
v0x5647206b25e0_0 .net *"_ivl_140", 0 0, L_0x7f2e92408060;  1 drivers
v0x5647206b26c0_0 .net *"_ivl_141", 4 0, L_0x5647206c7a70;  1 drivers
v0x5647206b27a0_0 .net *"_ivl_16", 0 0, L_0x5647206c3770;  1 drivers
v0x5647206b2880_0 .net *"_ivl_21", 0 0, L_0x5647206c3880;  1 drivers
v0x5647206b2960_0 .net *"_ivl_23", 0 0, L_0x5647206c3920;  1 drivers
v0x5647206b2a40_0 .net *"_ivl_25", 0 0, L_0x5647206c39c0;  1 drivers
v0x5647206b2b20_0 .net *"_ivl_26", 0 0, L_0x5647206c3a60;  1 drivers
v0x5647206b2c00_0 .net *"_ivl_28", 0 0, L_0x5647206c3b60;  1 drivers
v0x5647206b2ce0_0 .net *"_ivl_31", 0 0, L_0x5647206c3c70;  1 drivers
v0x5647206b2dc0_0 .net *"_ivl_33", 0 0, L_0x5647206c3d10;  1 drivers
v0x5647206b2ea0_0 .net *"_ivl_34", 0 0, L_0x5647206c3db0;  1 drivers
v0x5647206b2f80_0 .net *"_ivl_36", 0 0, L_0x5647206c3ec0;  1 drivers
v0x5647206b3060_0 .net *"_ivl_38", 0 0, L_0x5647206c3f80;  1 drivers
v0x5647206b3140_0 .net *"_ivl_43", 0 0, L_0x5647206c40f0;  1 drivers
v0x5647206b3220_0 .net *"_ivl_45", 0 0, L_0x5647206c41e0;  1 drivers
v0x5647206b3300_0 .net *"_ivl_47", 0 0, L_0x5647206c4280;  1 drivers
v0x5647206b33e0_0 .net *"_ivl_48", 0 0, L_0x5647206c4380;  1 drivers
v0x5647206b34c0_0 .net *"_ivl_50", 0 0, L_0x5647206c43f0;  1 drivers
v0x5647206b35a0_0 .net *"_ivl_53", 0 0, L_0x5647206c4570;  1 drivers
v0x5647206b3680_0 .net *"_ivl_55", 0 0, L_0x5647206c4610;  1 drivers
v0x5647206b3760_0 .net *"_ivl_56", 0 0, L_0x5647206c4720;  1 drivers
v0x5647206b3840_0 .net *"_ivl_59", 0 0, L_0x5647206c4830;  1 drivers
v0x5647206b3920_0 .net *"_ivl_60", 0 0, L_0x5647206c48d0;  1 drivers
v0x5647206b3a00_0 .net *"_ivl_62", 0 0, L_0x5647206c4500;  1 drivers
v0x5647206b3ae0_0 .net *"_ivl_65", 0 0, L_0x5647206c4b00;  1 drivers
v0x5647206b3bc0_0 .net *"_ivl_67", 0 0, L_0x5647206c4c20;  1 drivers
v0x5647206b3ca0_0 .net *"_ivl_68", 0 0, L_0x5647206c46b0;  1 drivers
v0x5647206b3d80_0 .net *"_ivl_7", 0 0, L_0x5647206c3410;  1 drivers
v0x5647206b3e60_0 .net *"_ivl_71", 0 0, L_0x5647206c4df0;  1 drivers
v0x5647206b3f40_0 .net *"_ivl_72", 0 0, L_0x5647206c4f20;  1 drivers
v0x5647206b4020_0 .net *"_ivl_74", 0 0, L_0x5647206c5030;  1 drivers
v0x5647206b4100_0 .net *"_ivl_76", 0 0, L_0x5647206c5190;  1 drivers
v0x5647206b41e0_0 .net *"_ivl_82", 0 0, L_0x5647206c5430;  1 drivers
v0x5647206b42c0_0 .net *"_ivl_84", 0 0, L_0x5647206c5570;  1 drivers
v0x5647206b43a0_0 .net *"_ivl_86", 0 0, L_0x5647206c5610;  1 drivers
v0x5647206b4890_0 .net *"_ivl_87", 0 0, L_0x5647206c5760;  1 drivers
v0x5647206b4970_0 .net *"_ivl_89", 0 0, L_0x5647206c5920;  1 drivers
v0x5647206b4a50_0 .net *"_ivl_92", 0 0, L_0x5647206c50f0;  1 drivers
v0x5647206b4b30_0 .net *"_ivl_94", 0 0, L_0x5647206c54d0;  1 drivers
v0x5647206b4c10_0 .net *"_ivl_95", 0 0, L_0x5647206c5af0;  1 drivers
v0x5647206b4cf0_0 .net *"_ivl_98", 0 0, L_0x5647206c5cc0;  1 drivers
v0x5647206b4dd0_0 .net *"_ivl_99", 0 0, L_0x5647206c5d60;  1 drivers
L_0x5647206c3480 .part L_0x5647206c3300, 0, 1;
L_0x5647206c3570 .part L_0x5647206c3290, 0, 1;
L_0x5647206c3880 .part L_0x5647206c3300, 1, 1;
L_0x5647206c3920 .part L_0x5647206c3290, 1, 1;
L_0x5647206c39c0 .part L_0x5647206c3300, 0, 1;
L_0x5647206c3c70 .part L_0x5647206c3290, 1, 1;
L_0x5647206c3d10 .part L_0x5647206c3290, 0, 1;
L_0x5647206c40f0 .part L_0x5647206c3300, 2, 1;
L_0x5647206c41e0 .part L_0x5647206c3290, 2, 1;
L_0x5647206c4280 .part L_0x5647206c3300, 1, 1;
L_0x5647206c4570 .part L_0x5647206c3290, 2, 1;
L_0x5647206c4610 .part L_0x5647206c3290, 1, 1;
L_0x5647206c4830 .part L_0x5647206c3300, 0, 1;
L_0x5647206c4b00 .part L_0x5647206c3290, 2, 1;
L_0x5647206c4c20 .part L_0x5647206c3290, 1, 1;
L_0x5647206c4df0 .part L_0x5647206c3290, 0, 1;
LS_0x5647206c5250_0_0 .concat8 [ 1 1 1 1], L_0x5647206c3410, L_0x5647206c3770, L_0x5647206c3f80, L_0x5647206c5190;
LS_0x5647206c5250_0_4 .concat8 [ 1 0 0 0], L_0x5647206c7710;
L_0x5647206c5250 .concat8 [ 4 1 0 0], LS_0x5647206c5250_0_0, LS_0x5647206c5250_0_4;
L_0x5647206c5430 .part L_0x5647206c3300, 3, 1;
L_0x5647206c5570 .part L_0x5647206c3290, 3, 1;
L_0x5647206c5610 .part L_0x5647206c3300, 2, 1;
L_0x5647206c50f0 .part L_0x5647206c3290, 3, 1;
L_0x5647206c54d0 .part L_0x5647206c3290, 2, 1;
L_0x5647206c5cc0 .part L_0x5647206c3300, 1, 1;
L_0x5647206c6050 .part L_0x5647206c3290, 3, 1;
L_0x5647206c61c0 .part L_0x5647206c3290, 2, 1;
L_0x5647206c6580 .part L_0x5647206c3290, 1, 1;
L_0x5647206c68f0 .part L_0x5647206c3300, 0, 1;
L_0x5647206c6ca0 .part L_0x5647206c3290, 3, 1;
L_0x5647206c6e30 .part L_0x5647206c3290, 2, 1;
L_0x5647206c6fe0 .part L_0x5647206c3290, 1, 1;
L_0x5647206c7390 .part L_0x5647206c3290, 0, 1;
L_0x5647206c7870 .concat [ 4 1 0 0], L_0x5647206c3290, L_0x7f2e92408060;
L_0x5647206c7ca0 .part L_0x5647206c7a70, 0, 4;
L_0x5647206c7d90 .part L_0x5647206c5250, 4, 1;
S_0x5647206b4f50 .scope module, "carry_look_ahead3" "carry_look_ahead_4bit" 3 11, 4 1 0, S_0x564720666c10;
 .timescale 0 0;
    .port_info 0 /INPUT 4 "A";
    .port_info 1 /INPUT 4 "B";
    .port_info 2 /INPUT 1 "Ci";
    .port_info 3 /OUTPUT 4 "S";
    .port_info 4 /OUTPUT 1 "Co";
L_0x5647206c8160 .functor XOR 4, L_0x5647206cceb0, L_0x5647206ccf50, C4<0000>, C4<0000>;
L_0x5647206c81d0 .functor AND 4, L_0x5647206cceb0, L_0x5647206ccf50, C4<1111>, C4<1111>;
L_0x5647206c82e0 .functor BUFZ 1, L_0x5647206ccff0, C4<0>, C4<0>, C4<0>;
L_0x5647206c8530 .functor AND 1, L_0x5647206c8440, L_0x5647206ccff0, C4<1>, C4<1>;
L_0x5647206c8670 .functor OR 1, L_0x5647206c8350, L_0x5647206c8530, C4<0>, C4<0>;
L_0x5647206c8990 .functor AND 1, L_0x5647206c8820, L_0x5647206c88f0, C4<1>, C4<1>;
L_0x5647206c8a80 .functor OR 1, L_0x5647206c8780, L_0x5647206c8990, C4<0>, C4<0>;
L_0x5647206c8d10 .functor AND 1, L_0x5647206c8b90, L_0x5647206c8c70, C4<1>, C4<1>;
L_0x5647206c8e20 .functor AND 1, L_0x5647206c8d10, L_0x5647206ccff0, C4<1>, C4<1>;
L_0x5647206c8ee0 .functor OR 1, L_0x5647206c8a80, L_0x5647206c8e20, C4<0>, C4<0>;
L_0x5647206c92e0 .functor AND 1, L_0x5647206c9140, L_0x5647206c91e0, C4<1>, C4<1>;
L_0x5647206c9350 .functor OR 1, L_0x5647206c9050, L_0x5647206c92e0, C4<0>, C4<0>;
L_0x5647206c9680 .functor AND 1, L_0x5647206c94d0, L_0x5647206c9570, C4<1>, C4<1>;
L_0x5647206c9830 .functor AND 1, L_0x5647206c9680, L_0x5647206c9790, C4<1>, C4<1>;
L_0x5647206c9460 .functor OR 1, L_0x5647206c9350, L_0x5647206c9830, C4<0>, C4<0>;
L_0x5647206c9610 .functor AND 1, L_0x5647206c9a60, L_0x5647206c9b80, C4<1>, C4<1>;
L_0x5647206c9e80 .functor AND 1, L_0x5647206c9610, L_0x5647206c9d50, C4<1>, C4<1>;
L_0x5647206c9f90 .functor AND 1, L_0x5647206c9e80, L_0x5647206ccff0, C4<1>, C4<1>;
L_0x5647206ca0f0 .functor OR 1, L_0x5647206c9460, L_0x5647206c9f90, C4<0>, C4<0>;
L_0x5647206ca6c0 .functor AND 1, L_0x5647206ca4d0, L_0x5647206ca570, C4<1>, C4<1>;
L_0x5647206ca880 .functor OR 1, L_0x5647206ca390, L_0x5647206ca6c0, C4<0>, C4<0>;
L_0x5647206caa50 .functor AND 1, L_0x5647206ca050, L_0x5647206ca430, C4<1>, C4<1>;
L_0x5647206cacc0 .functor AND 1, L_0x5647206caa50, L_0x5647206cac20, C4<1>, C4<1>;
L_0x5647206cadd0 .functor OR 1, L_0x5647206ca880, L_0x5647206cacc0, C4<0>, C4<0>;
L_0x5647206cb3d0 .functor AND 1, L_0x5647206cafb0, L_0x5647206cb120, C4<1>, C4<1>;
L_0x5647206cb660 .functor AND 1, L_0x5647206cb3d0, L_0x5647206cb4e0, C4<1>, C4<1>;
L_0x5647206cb8f0 .functor AND 1, L_0x5647206cb660, L_0x5647206cb850, C4<1>, C4<1>;
L_0x5647206cba00 .functor OR 1, L_0x5647206cadd0, L_0x5647206cb8f0, C4<0>, C4<0>;
L_0x5647206cbe30 .functor AND 1, L_0x5647206cbc00, L_0x5647206cbd90, C4<1>, C4<1>;
L_0x5647206cc0e0 .functor AND 1, L_0x5647206cbe30, L_0x5647206cbf40, C4<1>, C4<1>;
L_0x5647206cc390 .functor AND 1, L_0x5647206cc0e0, L_0x5647206cc2f0, C4<1>, C4<1>;
L_0x5647206cc4a0 .functor AND 1, L_0x5647206cc390, L_0x5647206ccff0, C4<1>, C4<1>;
L_0x5647206cc670 .functor OR 1, L_0x5647206cba00, L_0x5647206cc4a0, C4<0>, C4<0>;
L_0x5647206cc9d0 .functor XOR 5, L_0x5647206cc7d0, L_0x5647206ca1b0, C4<00000>, C4<00000>;
v0x5647206b50e0_0 .net "A", 3 0, L_0x5647206cceb0;  1 drivers
v0x5647206b51c0_0 .net "B", 3 0, L_0x5647206ccf50;  1 drivers
v0x5647206b52a0_0 .net "C", 4 0, L_0x5647206ca1b0;  1 drivers
v0x5647206b5390_0 .net "Ci", 0 0, L_0x5647206ccff0;  1 drivers
v0x5647206b5450_0 .net "Co", 0 0, L_0x5647206cccf0;  1 drivers
v0x5647206b5560_0 .net "G", 3 0, L_0x5647206c81d0;  1 drivers
v0x5647206b5640_0 .net "P", 3 0, L_0x5647206c8160;  1 drivers
v0x5647206b5720_0 .net "S", 3 0, L_0x5647206ccc00;  1 drivers
v0x5647206b5800_0 .net *"_ivl_101", 0 0, L_0x5647206cadd0;  1 drivers
v0x5647206b58e0_0 .net *"_ivl_104", 0 0, L_0x5647206cafb0;  1 drivers
v0x5647206b59c0_0 .net *"_ivl_106", 0 0, L_0x5647206cb120;  1 drivers
v0x5647206b5aa0_0 .net *"_ivl_107", 0 0, L_0x5647206cb3d0;  1 drivers
v0x5647206b5b80_0 .net *"_ivl_11", 0 0, L_0x5647206c8350;  1 drivers
v0x5647206b5c60_0 .net *"_ivl_110", 0 0, L_0x5647206cb4e0;  1 drivers
v0x5647206b5d40_0 .net *"_ivl_111", 0 0, L_0x5647206cb660;  1 drivers
v0x5647206b5e20_0 .net *"_ivl_114", 0 0, L_0x5647206cb850;  1 drivers
v0x5647206b5f00_0 .net *"_ivl_115", 0 0, L_0x5647206cb8f0;  1 drivers
v0x5647206b5fe0_0 .net *"_ivl_117", 0 0, L_0x5647206cba00;  1 drivers
v0x5647206b60c0_0 .net *"_ivl_120", 0 0, L_0x5647206cbc00;  1 drivers
v0x5647206b61a0_0 .net *"_ivl_122", 0 0, L_0x5647206cbd90;  1 drivers
v0x5647206b6280_0 .net *"_ivl_123", 0 0, L_0x5647206cbe30;  1 drivers
v0x5647206b6360_0 .net *"_ivl_126", 0 0, L_0x5647206cbf40;  1 drivers
v0x5647206b6440_0 .net *"_ivl_127", 0 0, L_0x5647206cc0e0;  1 drivers
v0x5647206b6520_0 .net *"_ivl_13", 0 0, L_0x5647206c8440;  1 drivers
v0x5647206b6600_0 .net *"_ivl_130", 0 0, L_0x5647206cc2f0;  1 drivers
v0x5647206b66e0_0 .net *"_ivl_131", 0 0, L_0x5647206cc390;  1 drivers
v0x5647206b67c0_0 .net *"_ivl_133", 0 0, L_0x5647206cc4a0;  1 drivers
v0x5647206b68a0_0 .net *"_ivl_135", 0 0, L_0x5647206cc670;  1 drivers
v0x5647206b6980_0 .net *"_ivl_137", 4 0, L_0x5647206cc7d0;  1 drivers
v0x5647206b6a60_0 .net *"_ivl_14", 0 0, L_0x5647206c8530;  1 drivers
L_0x7f2e924080a8 .functor BUFT 1, C4<0>, C4<0>, C4<0>, C4<0>;
v0x5647206b6b40_0 .net *"_ivl_140", 0 0, L_0x7f2e924080a8;  1 drivers
v0x5647206b6c20_0 .net *"_ivl_141", 4 0, L_0x5647206cc9d0;  1 drivers
v0x5647206b6d00_0 .net *"_ivl_16", 0 0, L_0x5647206c8670;  1 drivers
v0x5647206b6de0_0 .net *"_ivl_21", 0 0, L_0x5647206c8780;  1 drivers
v0x5647206b6ec0_0 .net *"_ivl_23", 0 0, L_0x5647206c8820;  1 drivers
v0x5647206b6fa0_0 .net *"_ivl_25", 0 0, L_0x5647206c88f0;  1 drivers
v0x5647206b7080_0 .net *"_ivl_26", 0 0, L_0x5647206c8990;  1 drivers
v0x5647206b7160_0 .net *"_ivl_28", 0 0, L_0x5647206c8a80;  1 drivers
v0x5647206b7240_0 .net *"_ivl_31", 0 0, L_0x5647206c8b90;  1 drivers
v0x5647206b7320_0 .net *"_ivl_33", 0 0, L_0x5647206c8c70;  1 drivers
v0x5647206b7400_0 .net *"_ivl_34", 0 0, L_0x5647206c8d10;  1 drivers
v0x5647206b74e0_0 .net *"_ivl_36", 0 0, L_0x5647206c8e20;  1 drivers
v0x5647206b75c0_0 .net *"_ivl_38", 0 0, L_0x5647206c8ee0;  1 drivers
v0x5647206b76a0_0 .net *"_ivl_43", 0 0, L_0x5647206c9050;  1 drivers
v0x5647206b7780_0 .net *"_ivl_45", 0 0, L_0x5647206c9140;  1 drivers
v0x5647206b7860_0 .net *"_ivl_47", 0 0, L_0x5647206c91e0;  1 drivers
v0x5647206b7940_0 .net *"_ivl_48", 0 0, L_0x5647206c92e0;  1 drivers
v0x5647206b7a20_0 .net *"_ivl_50", 0 0, L_0x5647206c9350;  1 drivers
v0x5647206b7b00_0 .net *"_ivl_53", 0 0, L_0x5647206c94d0;  1 drivers
v0x5647206b7be0_0 .net *"_ivl_55", 0 0, L_0x5647206c9570;  1 drivers
v0x5647206b7cc0_0 .net *"_ivl_56", 0 0, L_0x5647206c9680;  1 drivers
v0x5647206b7da0_0 .net *"_ivl_59", 0 0, L_0x5647206c9790;  1 drivers
v0x5647206b7e80_0 .net *"_ivl_60", 0 0, L_0x5647206c9830;  1 drivers
v0x5647206b7f60_0 .net *"_ivl_62", 0 0, L_0x5647206c9460;  1 drivers
v0x5647206b8040_0 .net *"_ivl_65", 0 0, L_0x5647206c9a60;  1 drivers
v0x5647206b8120_0 .net *"_ivl_67", 0 0, L_0x5647206c9b80;  1 drivers
v0x5647206b8200_0 .net *"_ivl_68", 0 0, L_0x5647206c9610;  1 drivers
v0x5647206b82e0_0 .net *"_ivl_7", 0 0, L_0x5647206c82e0;  1 drivers
v0x5647206b83c0_0 .net *"_ivl_71", 0 0, L_0x5647206c9d50;  1 drivers
v0x5647206b84a0_0 .net *"_ivl_72", 0 0, L_0x5647206c9e80;  1 drivers
v0x5647206b8580_0 .net *"_ivl_74", 0 0, L_0x5647206c9f90;  1 drivers
v0x5647206b8660_0 .net *"_ivl_76", 0 0, L_0x5647206ca0f0;  1 drivers
v0x5647206b8740_0 .net *"_ivl_82", 0 0, L_0x5647206ca390;  1 drivers
v0x5647206b8820_0 .net *"_ivl_84", 0 0, L_0x5647206ca4d0;  1 drivers
v0x5647206b8900_0 .net *"_ivl_86", 0 0, L_0x5647206ca570;  1 drivers
v0x5647206b8df0_0 .net *"_ivl_87", 0 0, L_0x5647206ca6c0;  1 drivers
v0x5647206b8ed0_0 .net *"_ivl_89", 0 0, L_0x5647206ca880;  1 drivers
v0x5647206b8fb0_0 .net *"_ivl_92", 0 0, L_0x5647206ca050;  1 drivers
v0x5647206b9090_0 .net *"_ivl_94", 0 0, L_0x5647206ca430;  1 drivers
v0x5647206b9170_0 .net *"_ivl_95", 0 0, L_0x5647206caa50;  1 drivers
v0x5647206b9250_0 .net *"_ivl_98", 0 0, L_0x5647206cac20;  1 drivers
v0x5647206b9330_0 .net *"_ivl_99", 0 0, L_0x5647206cacc0;  1 drivers
L_0x5647206c8350 .part L_0x5647206c81d0, 0, 1;
L_0x5647206c8440 .part L_0x5647206c8160, 0, 1;
L_0x5647206c8780 .part L_0x5647206c81d0, 1, 1;
L_0x5647206c8820 .part L_0x5647206c8160, 1, 1;
L_0x5647206c88f0 .part L_0x5647206c81d0, 0, 1;
L_0x5647206c8b90 .part L_0x5647206c8160, 1, 1;
L_0x5647206c8c70 .part L_0x5647206c8160, 0, 1;
L_0x5647206c9050 .part L_0x5647206c81d0, 2, 1;
L_0x5647206c9140 .part L_0x5647206c8160, 2, 1;
L_0x5647206c91e0 .part L_0x5647206c81d0, 1, 1;
L_0x5647206c94d0 .part L_0x5647206c8160, 2, 1;
L_0x5647206c9570 .part L_0x5647206c8160, 1, 1;
L_0x5647206c9790 .part L_0x5647206c81d0, 0, 1;
L_0x5647206c9a60 .part L_0x5647206c8160, 2, 1;
L_0x5647206c9b80 .part L_0x5647206c8160, 1, 1;
L_0x5647206c9d50 .part L_0x5647206c8160, 0, 1;
LS_0x5647206ca1b0_0_0 .concat8 [ 1 1 1 1], L_0x5647206c82e0, L_0x5647206c8670, L_0x5647206c8ee0, L_0x5647206ca0f0;
LS_0x5647206ca1b0_0_4 .concat8 [ 1 0 0 0], L_0x5647206cc670;
L_0x5647206ca1b0 .concat8 [ 4 1 0 0], LS_0x5647206ca1b0_0_0, LS_0x5647206ca1b0_0_4;
L_0x5647206ca390 .part L_0x5647206c81d0, 3, 1;
L_0x5647206ca4d0 .part L_0x5647206c8160, 3, 1;
L_0x5647206ca570 .part L_0x5647206c81d0, 2, 1;
L_0x5647206ca050 .part L_0x5647206c8160, 3, 1;
L_0x5647206ca430 .part L_0x5647206c8160, 2, 1;
L_0x5647206cac20 .part L_0x5647206c81d0, 1, 1;
L_0x5647206cafb0 .part L_0x5647206c8160, 3, 1;
L_0x5647206cb120 .part L_0x5647206c8160, 2, 1;
L_0x5647206cb4e0 .part L_0x5647206c8160, 1, 1;
L_0x5647206cb850 .part L_0x5647206c81d0, 0, 1;
L_0x5647206cbc00 .part L_0x5647206c8160, 3, 1;
L_0x5647206cbd90 .part L_0x5647206c8160, 2, 1;
L_0x5647206cbf40 .part L_0x5647206c8160, 1, 1;
L_0x5647206cc2f0 .part L_0x5647206c8160, 0, 1;
L_0x5647206cc7d0 .concat [ 4 1 0 0], L_0x5647206c8160, L_0x7f2e924080a8;
L_0x5647206ccc00 .part L_0x5647206cc9d0, 0, 4;
L_0x5647206cccf0 .part L_0x5647206ca1b0, 4, 1;
S_0x5647206b94b0 .scope module, "carry_look_ahead4" "carry_look_ahead_4bit" 3 12, 4 1 0, S_0x564720666c10;
 .timescale 0 0;
    .port_info 0 /INPUT 4 "A";
    .port_info 1 /INPUT 4 "B";
    .port_info 2 /INPUT 1 "Ci";
    .port_info 3 /OUTPUT 4 "S";
    .port_info 4 /OUTPUT 1 "Co";
L_0x5647206cd220 .functor XOR 4, L_0x5647206d1980, L_0x5647206d1a20, C4<0000>, C4<0000>;
L_0x5647206cd290 .functor AND 4, L_0x5647206d1980, L_0x5647206d1a20, C4<1111>, C4<1111>;
L_0x5647206cd3a0 .functor BUFZ 1, L_0x5647206d1ac0, C4<0>, C4<0>, C4<0>;
L_0x5647206cd5f0 .functor AND 1, L_0x5647206cd500, L_0x5647206d1ac0, C4<1>, C4<1>;
L_0x5647206cd700 .functor OR 1, L_0x5647206cd410, L_0x5647206cd5f0, C4<0>, C4<0>;
L_0x5647206cda20 .functor AND 1, L_0x5647206cd8b0, L_0x5647206cd980, C4<1>, C4<1>;
L_0x5647206cdb20 .functor OR 1, L_0x5647206cd810, L_0x5647206cda20, C4<0>, C4<0>;
L_0x5647206cddb0 .functor AND 1, L_0x5647206cdc30, L_0x5647206cdd10, C4<1>, C4<1>;
L_0x5647206cdec0 .functor AND 1, L_0x5647206cddb0, L_0x5647206d1ac0, C4<1>, C4<1>;
L_0x5647206cdf80 .functor OR 1, L_0x5647206cdb20, L_0x5647206cdec0, C4<0>, C4<0>;
L_0x5647206ce380 .functor AND 1, L_0x5647206ce1e0, L_0x5647206ce280, C4<1>, C4<1>;
L_0x5647206ce3f0 .functor OR 1, L_0x5647206ce0f0, L_0x5647206ce380, C4<0>, C4<0>;
L_0x5647206ce720 .functor AND 1, L_0x5647206ce570, L_0x5647206ce610, C4<1>, C4<1>;
L_0x5647206ce8d0 .functor AND 1, L_0x5647206ce720, L_0x5647206ce830, C4<1>, C4<1>;
L_0x5647206ce500 .functor OR 1, L_0x5647206ce3f0, L_0x5647206ce8d0, C4<0>, C4<0>;
L_0x5647206ce6b0 .functor AND 1, L_0x5647206cea80, L_0x5647206ceb20, C4<1>, C4<1>;
L_0x5647206cee20 .functor AND 1, L_0x5647206ce6b0, L_0x5647206cecf0, C4<1>, C4<1>;
L_0x5647206cef30 .functor AND 1, L_0x5647206cee20, L_0x5647206d1ac0, C4<1>, C4<1>;
L_0x5647206cf090 .functor OR 1, L_0x5647206ce500, L_0x5647206cef30, C4<0>, C4<0>;
L_0x5647206cf660 .functor AND 1, L_0x5647206cf470, L_0x5647206cf510, C4<1>, C4<1>;
L_0x5647206cf820 .functor OR 1, L_0x5647206cf330, L_0x5647206cf660, C4<0>, C4<0>;
L_0x5647206cf9f0 .functor AND 1, L_0x5647206ceff0, L_0x5647206cf3d0, C4<1>, C4<1>;
L_0x5647206cfbc0 .functor AND 1, L_0x5647206cf9f0, L_0x5647206cf770, C4<1>, C4<1>;
L_0x5647206cfcd0 .functor OR 1, L_0x5647206cf820, L_0x5647206cfbc0, C4<0>, C4<0>;
L_0x5647206d0190 .functor AND 1, L_0x5647206cfb00, L_0x5647206cf930, C4<1>, C4<1>;
L_0x5647206d0420 .functor AND 1, L_0x5647206d0190, L_0x5647206d02a0, C4<1>, C4<1>;
L_0x5647206d0610 .functor AND 1, L_0x5647206d0420, L_0x5647206cfde0, C4<1>, C4<1>;
L_0x5647206d0720 .functor OR 1, L_0x5647206cfcd0, L_0x5647206d0610, C4<0>, C4<0>;
L_0x5647206d0ab0 .functor AND 1, L_0x5647206d0920, L_0x5647206d0340, C4<1>, C4<1>;
L_0x5647206d0d60 .functor AND 1, L_0x5647206d0ab0, L_0x5647206d0bc0, C4<1>, C4<1>;
L_0x5647206d0f70 .functor AND 1, L_0x5647206d0d60, L_0x5647206d0830, C4<1>, C4<1>;
L_0x5647206d1030 .functor AND 1, L_0x5647206d0f70, L_0x5647206d1ac0, C4<1>, C4<1>;
L_0x5647206d1200 .functor OR 1, L_0x5647206d0720, L_0x5647206d1030, C4<0>, C4<0>;
L_0x5647206d0cb0 .functor XOR 5, L_0x5647206d1360, L_0x5647206cf150, C4<00000>, C4<00000>;
v0x5647206b9640_0 .net "A", 3 0, L_0x5647206d1980;  1 drivers
v0x5647206b9740_0 .net "B", 3 0, L_0x5647206d1a20;  1 drivers
v0x5647206b9820_0 .net "C", 4 0, L_0x5647206cf150;  1 drivers
v0x5647206b9910_0 .net "Ci", 0 0, L_0x5647206d1ac0;  1 drivers
v0x5647206b99d0_0 .net "Co", 0 0, L_0x5647206d17c0;  alias, 1 drivers
v0x5647206b9ae0_0 .net "G", 3 0, L_0x5647206cd290;  1 drivers
v0x5647206b9bc0_0 .net "P", 3 0, L_0x5647206cd220;  1 drivers
v0x5647206b9ca0_0 .net "S", 3 0, L_0x5647206d16d0;  1 drivers
v0x5647206b9d80_0 .net *"_ivl_101", 0 0, L_0x5647206cfcd0;  1 drivers
v0x5647206b9e60_0 .net *"_ivl_104", 0 0, L_0x5647206cfb00;  1 drivers
v0x5647206b9f40_0 .net *"_ivl_106", 0 0, L_0x5647206cf930;  1 drivers
v0x5647206ba020_0 .net *"_ivl_107", 0 0, L_0x5647206d0190;  1 drivers
v0x5647206ba100_0 .net *"_ivl_11", 0 0, L_0x5647206cd410;  1 drivers
v0x5647206ba1e0_0 .net *"_ivl_110", 0 0, L_0x5647206d02a0;  1 drivers
v0x5647206ba2c0_0 .net *"_ivl_111", 0 0, L_0x5647206d0420;  1 drivers
v0x5647206ba3a0_0 .net *"_ivl_114", 0 0, L_0x5647206cfde0;  1 drivers
v0x5647206ba480_0 .net *"_ivl_115", 0 0, L_0x5647206d0610;  1 drivers
v0x5647206ba560_0 .net *"_ivl_117", 0 0, L_0x5647206d0720;  1 drivers
v0x5647206ba640_0 .net *"_ivl_120", 0 0, L_0x5647206d0920;  1 drivers
v0x5647206ba720_0 .net *"_ivl_122", 0 0, L_0x5647206d0340;  1 drivers
v0x5647206ba800_0 .net *"_ivl_123", 0 0, L_0x5647206d0ab0;  1 drivers
v0x5647206ba8e0_0 .net *"_ivl_126", 0 0, L_0x5647206d0bc0;  1 drivers
v0x5647206ba9c0_0 .net *"_ivl_127", 0 0, L_0x5647206d0d60;  1 drivers
v0x5647206baaa0_0 .net *"_ivl_13", 0 0, L_0x5647206cd500;  1 drivers
v0x5647206bab80_0 .net *"_ivl_130", 0 0, L_0x5647206d0830;  1 drivers
v0x5647206bac60_0 .net *"_ivl_131", 0 0, L_0x5647206d0f70;  1 drivers
v0x5647206bad40_0 .net *"_ivl_133", 0 0, L_0x5647206d1030;  1 drivers
v0x5647206bae20_0 .net *"_ivl_135", 0 0, L_0x5647206d1200;  1 drivers
v0x5647206baf00_0 .net *"_ivl_137", 4 0, L_0x5647206d1360;  1 drivers
v0x5647206bafe0_0 .net *"_ivl_14", 0 0, L_0x5647206cd5f0;  1 drivers
L_0x7f2e924080f0 .functor BUFT 1, C4<0>, C4<0>, C4<0>, C4<0>;
v0x5647206bb0c0_0 .net *"_ivl_140", 0 0, L_0x7f2e924080f0;  1 drivers
v0x5647206bb1a0_0 .net *"_ivl_141", 4 0, L_0x5647206d0cb0;  1 drivers
v0x5647206bb280_0 .net *"_ivl_16", 0 0, L_0x5647206cd700;  1 drivers
v0x5647206bb360_0 .net *"_ivl_21", 0 0, L_0x5647206cd810;  1 drivers
v0x5647206bb440_0 .net *"_ivl_23", 0 0, L_0x5647206cd8b0;  1 drivers
v0x5647206bb520_0 .net *"_ivl_25", 0 0, L_0x5647206cd980;  1 drivers
v0x5647206bb600_0 .net *"_ivl_26", 0 0, L_0x5647206cda20;  1 drivers
v0x5647206bb6e0_0 .net *"_ivl_28", 0 0, L_0x5647206cdb20;  1 drivers
v0x5647206bb7c0_0 .net *"_ivl_31", 0 0, L_0x5647206cdc30;  1 drivers
v0x5647206bb8a0_0 .net *"_ivl_33", 0 0, L_0x5647206cdd10;  1 drivers
v0x5647206bb980_0 .net *"_ivl_34", 0 0, L_0x5647206cddb0;  1 drivers
v0x5647206bba60_0 .net *"_ivl_36", 0 0, L_0x5647206cdec0;  1 drivers
v0x5647206bbb40_0 .net *"_ivl_38", 0 0, L_0x5647206cdf80;  1 drivers
v0x5647206bbc20_0 .net *"_ivl_43", 0 0, L_0x5647206ce0f0;  1 drivers
v0x5647206bbd00_0 .net *"_ivl_45", 0 0, L_0x5647206ce1e0;  1 drivers
v0x5647206bbde0_0 .net *"_ivl_47", 0 0, L_0x5647206ce280;  1 drivers
v0x5647206bbec0_0 .net *"_ivl_48", 0 0, L_0x5647206ce380;  1 drivers
v0x5647206bbfa0_0 .net *"_ivl_50", 0 0, L_0x5647206ce3f0;  1 drivers
v0x5647206bc080_0 .net *"_ivl_53", 0 0, L_0x5647206ce570;  1 drivers
v0x5647206bc160_0 .net *"_ivl_55", 0 0, L_0x5647206ce610;  1 drivers
v0x5647206bc240_0 .net *"_ivl_56", 0 0, L_0x5647206ce720;  1 drivers
v0x5647206bc320_0 .net *"_ivl_59", 0 0, L_0x5647206ce830;  1 drivers
v0x5647206bc400_0 .net *"_ivl_60", 0 0, L_0x5647206ce8d0;  1 drivers
v0x5647206bc4e0_0 .net *"_ivl_62", 0 0, L_0x5647206ce500;  1 drivers
v0x5647206bc5c0_0 .net *"_ivl_65", 0 0, L_0x5647206cea80;  1 drivers
v0x5647206bc6a0_0 .net *"_ivl_67", 0 0, L_0x5647206ceb20;  1 drivers
v0x5647206bc780_0 .net *"_ivl_68", 0 0, L_0x5647206ce6b0;  1 drivers
v0x5647206bc860_0 .net *"_ivl_7", 0 0, L_0x5647206cd3a0;  1 drivers
v0x5647206bc940_0 .net *"_ivl_71", 0 0, L_0x5647206cecf0;  1 drivers
v0x5647206bca20_0 .net *"_ivl_72", 0 0, L_0x5647206cee20;  1 drivers
v0x5647206bcb00_0 .net *"_ivl_74", 0 0, L_0x5647206cef30;  1 drivers
v0x5647206bcbe0_0 .net *"_ivl_76", 0 0, L_0x5647206cf090;  1 drivers
v0x5647206bccc0_0 .net *"_ivl_82", 0 0, L_0x5647206cf330;  1 drivers
v0x5647206bcda0_0 .net *"_ivl_84", 0 0, L_0x5647206cf470;  1 drivers
v0x5647206bce80_0 .net *"_ivl_86", 0 0, L_0x5647206cf510;  1 drivers
v0x5647206bd370_0 .net *"_ivl_87", 0 0, L_0x5647206cf660;  1 drivers
v0x5647206bd450_0 .net *"_ivl_89", 0 0, L_0x5647206cf820;  1 drivers
v0x5647206bd530_0 .net *"_ivl_92", 0 0, L_0x5647206ceff0;  1 drivers
v0x5647206bd610_0 .net *"_ivl_94", 0 0, L_0x5647206cf3d0;  1 drivers
v0x5647206bd6f0_0 .net *"_ivl_95", 0 0, L_0x5647206cf9f0;  1 drivers
v0x5647206bd7d0_0 .net *"_ivl_98", 0 0, L_0x5647206cf770;  1 drivers
v0x5647206bd8b0_0 .net *"_ivl_99", 0 0, L_0x5647206cfbc0;  1 drivers
L_0x5647206cd410 .part L_0x5647206cd290, 0, 1;
L_0x5647206cd500 .part L_0x5647206cd220, 0, 1;
L_0x5647206cd810 .part L_0x5647206cd290, 1, 1;
L_0x5647206cd8b0 .part L_0x5647206cd220, 1, 1;
L_0x5647206cd980 .part L_0x5647206cd290, 0, 1;
L_0x5647206cdc30 .part L_0x5647206cd220, 1, 1;
L_0x5647206cdd10 .part L_0x5647206cd220, 0, 1;
L_0x5647206ce0f0 .part L_0x5647206cd290, 2, 1;
L_0x5647206ce1e0 .part L_0x5647206cd220, 2, 1;
L_0x5647206ce280 .part L_0x5647206cd290, 1, 1;
L_0x5647206ce570 .part L_0x5647206cd220, 2, 1;
L_0x5647206ce610 .part L_0x5647206cd220, 1, 1;
L_0x5647206ce830 .part L_0x5647206cd290, 0, 1;
L_0x5647206cea80 .part L_0x5647206cd220, 2, 1;
L_0x5647206ceb20 .part L_0x5647206cd220, 1, 1;
L_0x5647206cecf0 .part L_0x5647206cd220, 0, 1;
LS_0x5647206cf150_0_0 .concat8 [ 1 1 1 1], L_0x5647206cd3a0, L_0x5647206cd700, L_0x5647206cdf80, L_0x5647206cf090;
LS_0x5647206cf150_0_4 .concat8 [ 1 0 0 0], L_0x5647206d1200;
L_0x5647206cf150 .concat8 [ 4 1 0 0], LS_0x5647206cf150_0_0, LS_0x5647206cf150_0_4;
L_0x5647206cf330 .part L_0x5647206cd290, 3, 1;
L_0x5647206cf470 .part L_0x5647206cd220, 3, 1;
L_0x5647206cf510 .part L_0x5647206cd290, 2, 1;
L_0x5647206ceff0 .part L_0x5647206cd220, 3, 1;
L_0x5647206cf3d0 .part L_0x5647206cd220, 2, 1;
L_0x5647206cf770 .part L_0x5647206cd290, 1, 1;
L_0x5647206cfb00 .part L_0x5647206cd220, 3, 1;
L_0x5647206cf930 .part L_0x5647206cd220, 2, 1;
L_0x5647206d02a0 .part L_0x5647206cd220, 1, 1;
L_0x5647206cfde0 .part L_0x5647206cd290, 0, 1;
L_0x5647206d0920 .part L_0x5647206cd220, 3, 1;
L_0x5647206d0340 .part L_0x5647206cd220, 2, 1;
L_0x5647206d0bc0 .part L_0x5647206cd220, 1, 1;
L_0x5647206d0830 .part L_0x5647206cd220, 0, 1;
L_0x5647206d1360 .concat [ 4 1 0 0], L_0x5647206cd220, L_0x7f2e924080f0;
L_0x5647206d16d0 .part L_0x5647206d0cb0, 0, 4;
L_0x5647206d17c0 .part L_0x5647206cf150, 4, 1;
    .scope S_0x56472068de40;
T_0 ;
    %pushi/vec4 0, 0, 16;
    %store/vec4 v0x5647206bdfb0_0, 0, 16;
    %pushi/vec4 0, 0, 16;
    %store/vec4 v0x5647206be090_0, 0, 16;
    %pushi/vec4 0, 0, 1;
    %store/vec4 v0x5647206be160_0, 0, 1;
    %end;
    .thread T_0;
    .scope S_0x56472068de40;
T_1 ;
    %vpi_call 2 11 "$monitor", "A = %b, B = %b, Ci = %b, S = %b, Co = %b", v0x5647206bdfb0_0, v0x5647206be090_0, v0x5647206be160_0, v0x5647206be370_0, v0x5647206be280_0 {0 0 0};
    %delay 10, 0;
    %pushi/vec4 19018, 0, 16;
    %store/vec4 v0x5647206bdfb0_0, 0, 16;
    %pushi/vec4 23387, 0, 16;
    %store/vec4 v0x5647206be090_0, 0, 16;
    %pushi/vec4 0, 0, 1;
    %store/vec4 v0x5647206be160_0, 0, 1;
    %delay 10, 0;
    %pushi/vec4 7967, 0, 16;
    %store/vec4 v0x5647206bdfb0_0, 0, 16;
    %pushi/vec4 57568, 0, 16;
    %store/vec4 v0x5647206be090_0, 0, 16;
    %pushi/vec4 1, 0, 1;
    %store/vec4 v0x5647206be160_0, 0, 1;
    %delay 10, 0;
    %pushi/vec4 31354, 0, 16;
    %store/vec4 v0x5647206bdfb0_0, 0, 16;
    %pushi/vec4 50886, 0, 16;
    %store/vec4 v0x5647206be090_0, 0, 16;
    %pushi/vec4 1, 0, 1;
    %store/vec4 v0x5647206be160_0, 0, 1;
    %end;
    .thread T_1;
# The file index is used to find the file name in the following table.
:file_names 5;
    "N/A";
    "<interactive>";
    "carry_look_ahead_16bit_ripple_tb.v";
    "carry_look_ahead_16bit_ripple.v";
    "carry_look_ahead_4bit.v";
