#! /usr/bin/vvp
:ivl_version "11.0 (stable)";
:ivl_delay_selection "TYPICAL";
:vpi_time_precision - 12;
:vpi_module "/usr/lib/x86_64-linux-gnu/ivl/system.vpi";
:vpi_module "/usr/lib/x86_64-linux-gnu/ivl/vhdl_sys.vpi";
:vpi_module "/usr/lib/x86_64-linux-gnu/ivl/vhdl_textio.vpi";
:vpi_module "/usr/lib/x86_64-linux-gnu/ivl/v2005_math.vpi";
:vpi_module "/usr/lib/x86_64-linux-gnu/ivl/va_math.vpi";
S_0x5616c88a4cf0 .scope module, "carry_look_ahead_4bit_tb" "carry_look_ahead_4bit_tb" 2 3;
 .timescale -9 -12;
v0x5616c890e770_0 .var "A", 3 0;
v0x5616c890e850_0 .var "B", 3 0;
v0x5616c890e8f0_0 .var "Ci", 0 0;
v0x5616c890e990_0 .net "Co", 0 0, L_0x5616c8913270;  1 drivers
v0x5616c890ea30_0 .net "GG", 0 0, L_0x5616c8913150;  1 drivers
v0x5616c890ead0_0 .net "PG", 0 0, L_0x5616c89133d0;  1 drivers
v0x5616c890eba0_0 .net "S", 3 0, L_0x5616c8911070;  1 drivers
S_0x5616c88a4e80 .scope module, "carry_look_ahead" "carry_look_ahead_4bit" 2 10, 3 1 0, S_0x5616c88a4cf0;
 .timescale -9 -12;
    .port_info 0 /INPUT 4 "A";
    .port_info 1 /INPUT 4 "B";
    .port_info 2 /INPUT 1 "Ci";
    .port_info 3 /OUTPUT 4 "S";
    .port_info 4 /OUTPUT 1 "Co";
    .port_info 5 /OUTPUT 1 "PG";
    .port_info 6 /OUTPUT 1 "GG";
L_0x5616c88e9080 .functor BUFZ 1, v0x5616c890e8f0_0, C4<0>, C4<0>, C4<0>;
L_0x5616c88e90f0 .functor AND 1, L_0x5616c890edc0, v0x5616c890e8f0_0, C4<1>, C4<1>;
L_0x5616c890ef40 .functor OR 1, L_0x5616c890ecf0, L_0x5616c88e90f0, C4<0>, C4<0>;
L_0x5616c890f300 .functor AND 1, L_0x5616c890f140, L_0x5616c890f260, C4<1>, C4<1>;
L_0x5616c890f440 .functor OR 1, L_0x5616c890f050, L_0x5616c890f300, C4<0>, C4<0>;
L_0x5616c890f6d0 .functor AND 1, L_0x5616c890f550, L_0x5616c890f630, C4<1>, C4<1>;
L_0x5616c890f7d0 .functor AND 1, L_0x5616c890f6d0, v0x5616c890e8f0_0, C4<1>, C4<1>;
L_0x5616c890f890 .functor OR 1, L_0x5616c890f440, L_0x5616c890f7d0, C4<0>, C4<0>;
L_0x5616c890fe50 .functor AND 1, L_0x5616c890fcb0, L_0x5616c890fdb0, C4<1>, C4<1>;
L_0x5616c890fec0 .functor OR 1, L_0x5616c890fb80, L_0x5616c890fe50, C4<0>, C4<0>;
L_0x5616c89101e0 .functor AND 1, L_0x5616c8910030, L_0x5616c8910140, C4<1>, C4<1>;
L_0x5616c89100d0 .functor AND 1, L_0x5616c89101e0, L_0x5616c89102a0, C4<1>, C4<1>;
L_0x5616c89104d0 .functor OR 1, L_0x5616c890fec0, L_0x5616c89100d0, C4<0>, C4<0>;
L_0x5616c89107b0 .functor AND 1, L_0x5616c89105e0, L_0x5616c8910680, C4<1>, C4<1>;
L_0x5616c8910460 .functor AND 1, L_0x5616c89107b0, L_0x5616c8910940, C4<1>, C4<1>;
L_0x5616c8910a80 .functor AND 1, L_0x5616c8910460, v0x5616c890e8f0_0, C4<1>, C4<1>;
L_0x5616c8910bd0 .functor OR 1, L_0x5616c89104d0, L_0x5616c8910a80, C4<0>, C4<0>;
L_0x5616c8910d30 .functor AND 4, v0x5616c890e770_0, v0x5616c890e850_0, C4<1111>, C4<1111>;
L_0x5616c8910ee0 .functor XOR 4, v0x5616c890e770_0, v0x5616c890e850_0, C4<0000>, C4<0000>;
L_0x5616c8910f50 .functor XOR 4, v0x5616c890e770_0, v0x5616c890e850_0, C4<0000>, C4<0000>;
L_0x5616c8911070 .functor XOR 4, L_0x5616c8910f50, L_0x5616c890f9a0, C4<0000>, C4<0000>;
L_0x5616c8911270 .functor AND 1, L_0x5616c8910e40, L_0x5616c89111d0, C4<1>, C4<1>;
L_0x5616c8911590 .functor AND 1, L_0x5616c8911270, L_0x5616c8911440, C4<1>, C4<1>;
L_0x5616c89116a0 .functor AND 1, L_0x5616c8911590, L_0x5616c8911130, C4<1>, C4<1>;
L_0x5616c8911bf0 .functor AND 1, L_0x5616c89119e0, L_0x5616c8911a80, C4<1>, C4<1>;
L_0x5616c8911d00 .functor OR 1, L_0x5616c8911880, L_0x5616c8911bf0, C4<0>, C4<0>;
L_0x5616c8912110 .functor AND 1, L_0x5616c8911ef0, L_0x5616c8911f90, C4<1>, C4<1>;
L_0x5616c89122c0 .functor AND 1, L_0x5616c8912110, L_0x5616c8912220, C4<1>, C4<1>;
L_0x5616c89124c0 .functor OR 1, L_0x5616c8911d00, L_0x5616c89122c0, C4<0>, C4<0>;
L_0x5616c8912800 .functor AND 1, L_0x5616c89125d0, L_0x5616c8912760, C4<1>, C4<1>;
L_0x5616c8912bb0 .functor AND 1, L_0x5616c8912800, L_0x5616c8912a10, C4<1>, C4<1>;
L_0x5616c8912d60 .functor AND 1, L_0x5616c8912bb0, L_0x5616c8912cc0, C4<1>, C4<1>;
L_0x5616c8912f80 .functor OR 1, L_0x5616c89124c0, L_0x5616c8912d60, C4<0>, C4<0>;
L_0x5616c8913090 .functor AND 1, L_0x5616c89116a0, v0x5616c890e8f0_0, C4<1>, C4<1>;
L_0x5616c8913270 .functor OR 1, L_0x5616c8912f80, L_0x5616c8913090, C4<0>, C4<0>;
L_0x5616c89133d0 .functor BUFZ 1, L_0x5616c89116a0, C4<0>, C4<0>, C4<0>;
L_0x5616c8913150 .functor BUFZ 1, L_0x5616c8912f80, C4<0>, C4<0>, C4<0>;
v0x5616c88e9380_0 .net "A", 3 0, v0x5616c890e770_0;  1 drivers
v0x5616c88e9420_0 .net "B", 3 0, v0x5616c890e850_0;  1 drivers
v0x5616c890a4a0_0 .net "C", 3 0, L_0x5616c890f9a0;  1 drivers
v0x5616c890a560_0 .net "Ci", 0 0, v0x5616c890e8f0_0;  1 drivers
v0x5616c890a620_0 .net "Co", 0 0, L_0x5616c8913270;  alias, 1 drivers
v0x5616c890a730_0 .net "G", 3 0, L_0x5616c8910d30;  1 drivers
v0x5616c890a810_0 .net "GG", 0 0, L_0x5616c8913150;  alias, 1 drivers
v0x5616c890a8d0_0 .net "GG_int", 0 0, L_0x5616c8912f80;  1 drivers
v0x5616c890a990_0 .net "P", 3 0, L_0x5616c8910ee0;  1 drivers
v0x5616c890aa70_0 .net "PG", 0 0, L_0x5616c89133d0;  alias, 1 drivers
v0x5616c890ab30_0 .net "PG_int", 0 0, L_0x5616c89116a0;  1 drivers
v0x5616c890abf0_0 .net "S", 3 0, L_0x5616c8911070;  alias, 1 drivers
v0x5616c890acd0_0 .net *"_ivl_10", 0 0, L_0x5616c88e90f0;  1 drivers
v0x5616c890adb0_0 .net *"_ivl_100", 0 0, L_0x5616c89119e0;  1 drivers
v0x5616c890ae90_0 .net *"_ivl_102", 0 0, L_0x5616c8911a80;  1 drivers
v0x5616c890af70_0 .net *"_ivl_103", 0 0, L_0x5616c8911bf0;  1 drivers
v0x5616c890b050_0 .net *"_ivl_105", 0 0, L_0x5616c8911d00;  1 drivers
v0x5616c890b130_0 .net *"_ivl_108", 0 0, L_0x5616c8911ef0;  1 drivers
v0x5616c890b210_0 .net *"_ivl_110", 0 0, L_0x5616c8911f90;  1 drivers
v0x5616c890b2f0_0 .net *"_ivl_111", 0 0, L_0x5616c8912110;  1 drivers
v0x5616c890b3d0_0 .net *"_ivl_114", 0 0, L_0x5616c8912220;  1 drivers
v0x5616c890b4b0_0 .net *"_ivl_115", 0 0, L_0x5616c89122c0;  1 drivers
v0x5616c890b590_0 .net *"_ivl_117", 0 0, L_0x5616c89124c0;  1 drivers
v0x5616c890b670_0 .net *"_ivl_12", 0 0, L_0x5616c890ef40;  1 drivers
v0x5616c890b750_0 .net *"_ivl_120", 0 0, L_0x5616c89125d0;  1 drivers
v0x5616c890b830_0 .net *"_ivl_122", 0 0, L_0x5616c8912760;  1 drivers
v0x5616c890b910_0 .net *"_ivl_123", 0 0, L_0x5616c8912800;  1 drivers
v0x5616c890b9f0_0 .net *"_ivl_126", 0 0, L_0x5616c8912a10;  1 drivers
v0x5616c890bad0_0 .net *"_ivl_127", 0 0, L_0x5616c8912bb0;  1 drivers
v0x5616c890bbb0_0 .net *"_ivl_130", 0 0, L_0x5616c8912cc0;  1 drivers
v0x5616c890bc90_0 .net *"_ivl_131", 0 0, L_0x5616c8912d60;  1 drivers
v0x5616c890bd70_0 .net *"_ivl_135", 0 0, L_0x5616c8913090;  1 drivers
v0x5616c890be50_0 .net *"_ivl_17", 0 0, L_0x5616c890f050;  1 drivers
v0x5616c890c140_0 .net *"_ivl_19", 0 0, L_0x5616c890f140;  1 drivers
v0x5616c890c220_0 .net *"_ivl_21", 0 0, L_0x5616c890f260;  1 drivers
v0x5616c890c300_0 .net *"_ivl_22", 0 0, L_0x5616c890f300;  1 drivers
v0x5616c890c3e0_0 .net *"_ivl_24", 0 0, L_0x5616c890f440;  1 drivers
v0x5616c890c4c0_0 .net *"_ivl_27", 0 0, L_0x5616c890f550;  1 drivers
v0x5616c890c5a0_0 .net *"_ivl_29", 0 0, L_0x5616c890f630;  1 drivers
v0x5616c890c680_0 .net *"_ivl_3", 0 0, L_0x5616c88e9080;  1 drivers
v0x5616c890c760_0 .net *"_ivl_30", 0 0, L_0x5616c890f6d0;  1 drivers
v0x5616c890c840_0 .net *"_ivl_32", 0 0, L_0x5616c890f7d0;  1 drivers
v0x5616c890c920_0 .net *"_ivl_34", 0 0, L_0x5616c890f890;  1 drivers
v0x5616c890ca00_0 .net *"_ivl_40", 0 0, L_0x5616c890fb80;  1 drivers
v0x5616c890cae0_0 .net *"_ivl_42", 0 0, L_0x5616c890fcb0;  1 drivers
v0x5616c890cbc0_0 .net *"_ivl_44", 0 0, L_0x5616c890fdb0;  1 drivers
v0x5616c890cca0_0 .net *"_ivl_45", 0 0, L_0x5616c890fe50;  1 drivers
v0x5616c890cd80_0 .net *"_ivl_47", 0 0, L_0x5616c890fec0;  1 drivers
v0x5616c890ce60_0 .net *"_ivl_50", 0 0, L_0x5616c8910030;  1 drivers
v0x5616c890cf40_0 .net *"_ivl_52", 0 0, L_0x5616c8910140;  1 drivers
v0x5616c890d020_0 .net *"_ivl_53", 0 0, L_0x5616c89101e0;  1 drivers
v0x5616c890d100_0 .net *"_ivl_56", 0 0, L_0x5616c89102a0;  1 drivers
v0x5616c890d1e0_0 .net *"_ivl_57", 0 0, L_0x5616c89100d0;  1 drivers
v0x5616c890d2c0_0 .net *"_ivl_59", 0 0, L_0x5616c89104d0;  1 drivers
v0x5616c890d3a0_0 .net *"_ivl_62", 0 0, L_0x5616c89105e0;  1 drivers
v0x5616c890d480_0 .net *"_ivl_64", 0 0, L_0x5616c8910680;  1 drivers
v0x5616c890d560_0 .net *"_ivl_65", 0 0, L_0x5616c89107b0;  1 drivers
v0x5616c890d640_0 .net *"_ivl_68", 0 0, L_0x5616c8910940;  1 drivers
v0x5616c890d720_0 .net *"_ivl_69", 0 0, L_0x5616c8910460;  1 drivers
v0x5616c890d800_0 .net *"_ivl_7", 0 0, L_0x5616c890ecf0;  1 drivers
v0x5616c890d8e0_0 .net *"_ivl_71", 0 0, L_0x5616c8910a80;  1 drivers
v0x5616c890d9c0_0 .net *"_ivl_73", 0 0, L_0x5616c8910bd0;  1 drivers
v0x5616c890daa0_0 .net *"_ivl_79", 3 0, L_0x5616c8910f50;  1 drivers
v0x5616c890db80_0 .net *"_ivl_84", 0 0, L_0x5616c8910e40;  1 drivers
v0x5616c890dc60_0 .net *"_ivl_86", 0 0, L_0x5616c89111d0;  1 drivers
v0x5616c890e150_0 .net *"_ivl_87", 0 0, L_0x5616c8911270;  1 drivers
v0x5616c890e230_0 .net *"_ivl_9", 0 0, L_0x5616c890edc0;  1 drivers
v0x5616c890e310_0 .net *"_ivl_90", 0 0, L_0x5616c8911440;  1 drivers
v0x5616c890e3f0_0 .net *"_ivl_91", 0 0, L_0x5616c8911590;  1 drivers
v0x5616c890e4d0_0 .net *"_ivl_94", 0 0, L_0x5616c8911130;  1 drivers
v0x5616c890e5b0_0 .net *"_ivl_98", 0 0, L_0x5616c8911880;  1 drivers
L_0x5616c890ecf0 .part L_0x5616c8910d30, 0, 1;
L_0x5616c890edc0 .part L_0x5616c8910ee0, 0, 1;
L_0x5616c890f050 .part L_0x5616c8910d30, 1, 1;
L_0x5616c890f140 .part L_0x5616c8910ee0, 1, 1;
L_0x5616c890f260 .part L_0x5616c8910d30, 0, 1;
L_0x5616c890f550 .part L_0x5616c8910ee0, 1, 1;
L_0x5616c890f630 .part L_0x5616c8910ee0, 0, 1;
L_0x5616c890f9a0 .concat8 [ 1 1 1 1], L_0x5616c88e9080, L_0x5616c890ef40, L_0x5616c890f890, L_0x5616c8910bd0;
L_0x5616c890fb80 .part L_0x5616c8910d30, 2, 1;
L_0x5616c890fcb0 .part L_0x5616c8910ee0, 2, 1;
L_0x5616c890fdb0 .part L_0x5616c8910d30, 1, 1;
L_0x5616c8910030 .part L_0x5616c8910ee0, 2, 1;
L_0x5616c8910140 .part L_0x5616c8910ee0, 1, 1;
L_0x5616c89102a0 .part L_0x5616c8910d30, 0, 1;
L_0x5616c89105e0 .part L_0x5616c8910ee0, 2, 1;
L_0x5616c8910680 .part L_0x5616c8910ee0, 1, 1;
L_0x5616c8910940 .part L_0x5616c8910ee0, 0, 1;
L_0x5616c8910e40 .part L_0x5616c8910ee0, 3, 1;
L_0x5616c89111d0 .part L_0x5616c8910ee0, 2, 1;
L_0x5616c8911440 .part L_0x5616c8910ee0, 1, 1;
L_0x5616c8911130 .part L_0x5616c8910ee0, 0, 1;
L_0x5616c8911880 .part L_0x5616c8910d30, 3, 1;
L_0x5616c89119e0 .part L_0x5616c8910ee0, 3, 1;
L_0x5616c8911a80 .part L_0x5616c8910d30, 2, 1;
L_0x5616c8911ef0 .part L_0x5616c8910ee0, 3, 1;
L_0x5616c8911f90 .part L_0x5616c8910ee0, 2, 1;
L_0x5616c8912220 .part L_0x5616c8910d30, 1, 1;
L_0x5616c89125d0 .part L_0x5616c8910ee0, 3, 1;
L_0x5616c8912760 .part L_0x5616c8910ee0, 2, 1;
L_0x5616c8912a10 .part L_0x5616c8910ee0, 1, 1;
L_0x5616c8912cc0 .part L_0x5616c8910d30, 0, 1;
    .scope S_0x5616c88a4cf0;
T_0 ;
    %pushi/vec4 0, 0, 4;
    %store/vec4 v0x5616c890e770_0, 0, 4;
    %pushi/vec4 0, 0, 4;
    %store/vec4 v0x5616c890e850_0, 0, 4;
    %pushi/vec4 0, 0, 1;
    %store/vec4 v0x5616c890e8f0_0, 0, 1;
    %end;
    .thread T_0;
    .scope S_0x5616c88a4cf0;
T_1 ;
    %vpi_call 2 13 "$monitor", "i_term1 = %b, i_term2 = %b, i_carry = %b, o_sum = %b, o_carry = %b, PG = %b, GG = %b", v0x5616c890e770_0, v0x5616c890e850_0, v0x5616c890e8f0_0, v0x5616c890eba0_0, v0x5616c890e990_0, v0x5616c890ead0_0, v0x5616c890ea30_0 {0 0 0};
    %delay 10000, 0;
    %pushi/vec4 4, 0, 4;
    %store/vec4 v0x5616c890e770_0, 0, 4;
    %pushi/vec4 5, 0, 4;
    %store/vec4 v0x5616c890e850_0, 0, 4;
    %pushi/vec4 0, 0, 1;
    %store/vec4 v0x5616c890e8f0_0, 0, 1;
    %delay 10000, 0;
    %pushi/vec4 5, 0, 4;
    %store/vec4 v0x5616c890e770_0, 0, 4;
    %pushi/vec4 10, 0, 4;
    %store/vec4 v0x5616c890e850_0, 0, 4;
    %pushi/vec4 1, 0, 1;
    %store/vec4 v0x5616c890e8f0_0, 0, 1;
    %delay 10000, 0;
    %pushi/vec4 7, 0, 4;
    %store/vec4 v0x5616c890e770_0, 0, 4;
    %pushi/vec4 12, 0, 4;
    %store/vec4 v0x5616c890e850_0, 0, 4;
    %pushi/vec4 1, 0, 1;
    %store/vec4 v0x5616c890e8f0_0, 0, 1;
    %delay 10000, 0;
    %pushi/vec4 11, 0, 4;
    %store/vec4 v0x5616c890e770_0, 0, 4;
    %pushi/vec4 9, 0, 4;
    %store/vec4 v0x5616c890e850_0, 0, 4;
    %pushi/vec4 1, 0, 1;
    %store/vec4 v0x5616c890e8f0_0, 0, 1;
    %end;
    .thread T_1;
# The file index is used to find the file name in the following table.
:file_names 4;
    "N/A";
    "<interactive>";
    "carry_look_ahead_4bit_tb.v";
    "carry_look_ahead_4bit.v";
