#! /usr/bin/vvp
:ivl_version "11.0 (stable)";
:ivl_delay_selection "TYPICAL";
:vpi_time_precision - 12;
:vpi_module "/usr/lib/x86_64-linux-gnu/ivl/system.vpi";
:vpi_module "/usr/lib/x86_64-linux-gnu/ivl/vhdl_sys.vpi";
:vpi_module "/usr/lib/x86_64-linux-gnu/ivl/vhdl_textio.vpi";
:vpi_module "/usr/lib/x86_64-linux-gnu/ivl/v2005_math.vpi";
:vpi_module "/usr/lib/x86_64-linux-gnu/ivl/va_math.vpi";
S_0x55cd5f537880 .scope module, "complement_converter_fsm_tb" "complement_converter_fsm_tb" 2 13;
 .timescale -9 -12;
v0x55cd5f54c2d0_0 .var "clk", 0 0;
v0x55cd5f54c3c0_0 .var/i "i", 31 0;
v0x55cd5f54c480_0 .var "inp", 0 0;
v0x55cd5f54c580_0 .var "inp_array", 7 0;
v0x55cd5f54c620_0 .net "out", 0 0, v0x55cd5f54c080_0;  1 drivers
v0x55cd5f54c710_0 .var "reset", 0 0;
S_0x55cd5f537a10 .scope module, "FSM" "complement_converter_fsm" 2 21, 3 13 0, S_0x55cd5f537880;
 .timescale -9 -12;
    .port_info 0 /INPUT 1 "clk";
    .port_info 1 /INPUT 1 "inp";
    .port_info 2 /INPUT 1 "reset";
    .port_info 3 /OUTPUT 1 "out";
P_0x55cd5f522ca0 .param/l "S0" 0 3 20, +C4<00000000000000000000000000000000>;
P_0x55cd5f522ce0 .param/l "S1" 0 3 20, +C4<00000000000000000000000000000001>;
v0x55cd5f4fccf0_0 .var "NS", 0 0;
v0x55cd5f54be30_0 .var "PS", 0 0;
v0x55cd5f54bef0_0 .net "clk", 0 0, v0x55cd5f54c2d0_0;  1 drivers
v0x55cd5f54bfc0_0 .net "inp", 0 0, v0x55cd5f54c480_0;  1 drivers
v0x55cd5f54c080_0 .var "out", 0 0;
v0x55cd5f54c190_0 .net "reset", 0 0, v0x55cd5f54c710_0;  1 drivers
E_0x55cd5f4fd8b0 .event edge, v0x55cd5f54be30_0, v0x55cd5f54bfc0_0;
E_0x55cd5f4fd5e0 .event posedge, v0x55cd5f54c190_0, v0x55cd5f54bef0_0;
    .scope S_0x55cd5f537a10;
T_0 ;
    %wait E_0x55cd5f4fd5e0;
    %load/vec4 v0x55cd5f54c190_0;
    %flag_set/vec4 8;
    %jmp/0xz  T_0.0, 8;
    %pushi/vec4 0, 0, 1;
    %assign/vec4 v0x55cd5f54be30_0, 0;
    %jmp T_0.1;
T_0.0 ;
    %load/vec4 v0x55cd5f4fccf0_0;
    %assign/vec4 v0x55cd5f54be30_0, 0;
T_0.1 ;
    %jmp T_0;
    .thread T_0;
    .scope S_0x55cd5f537a10;
T_1 ;
    %wait E_0x55cd5f4fd8b0;
    %load/vec4 v0x55cd5f54be30_0;
    %dup/vec4;
    %pushi/vec4 0, 0, 1;
    %cmp/u;
    %jmp/1 T_1.0, 6;
    %dup/vec4;
    %pushi/vec4 1, 0, 1;
    %cmp/u;
    %jmp/1 T_1.1, 6;
    %jmp T_1.2;
T_1.0 ;
    %load/vec4 v0x55cd5f54bfc0_0;
    %store/vec4 v0x55cd5f54c080_0, 0, 1;
    %load/vec4 v0x55cd5f54bfc0_0;
    %flag_set/vec4 8;
    %jmp/0 T_1.3, 8;
    %pushi/vec4 1, 0, 32;
    %jmp/1 T_1.4, 8;
T_1.3 ; End of true expr.
    %pushi/vec4 0, 0, 32;
    %jmp/0 T_1.4, 8;
 ; End of false expr.
    %blend;
T_1.4;
    %pad/s 1;
    %store/vec4 v0x55cd5f4fccf0_0, 0, 1;
    %jmp T_1.2;
T_1.1 ;
    %load/vec4 v0x55cd5f54bfc0_0;
    %inv;
    %store/vec4 v0x55cd5f54c080_0, 0, 1;
    %pushi/vec4 1, 0, 1;
    %store/vec4 v0x55cd5f4fccf0_0, 0, 1;
    %jmp T_1.2;
T_1.2 ;
    %pop/vec4 1;
    %jmp T_1;
    .thread T_1, $push;
    .scope S_0x55cd5f537880;
T_2 ;
    %pushi/vec4 0, 0, 1;
    %store/vec4 v0x55cd5f54c2d0_0, 0, 1;
    %pushi/vec4 212, 0, 8;
    %store/vec4 v0x55cd5f54c580_0, 0, 8;
    %pushi/vec4 0, 0, 1;
    %store/vec4 v0x55cd5f54c480_0, 0, 1;
    %pushi/vec4 1, 0, 1;
    %store/vec4 v0x55cd5f54c710_0, 0, 1;
    %delay 10000, 0;
    %pushi/vec4 0, 0, 1;
    %store/vec4 v0x55cd5f54c710_0, 0, 1;
    %delay 10000, 0;
    %pushi/vec4 0, 0, 32;
    %store/vec4 v0x55cd5f54c3c0_0, 0, 32;
T_2.0 ;
    %load/vec4 v0x55cd5f54c3c0_0;
    %cmpi/s 8, 0, 32;
    %jmp/0xz T_2.1, 5;
    %load/vec4 v0x55cd5f54c580_0;
    %load/vec4 v0x55cd5f54c3c0_0;
    %part/s 1;
    %store/vec4 v0x55cd5f54c480_0, 0, 1;
    %delay 1000, 0;
    %vpi_call 2 39 "$display", "inp: %d, out: %d", v0x55cd5f54c480_0, v0x55cd5f54c620_0 {0 0 0};
    %delay 9000, 0;
    %load/vec4 v0x55cd5f54c3c0_0;
    %addi 1, 0, 32;
    %store/vec4 v0x55cd5f54c3c0_0, 0, 32;
    %jmp T_2.0;
T_2.1 ;
    %delay 10000, 0;
    %vpi_call 2 43 "$finish" {0 0 0};
    %end;
    .thread T_2;
    .scope S_0x55cd5f537880;
T_3 ;
    %delay 5000, 0;
    %load/vec4 v0x55cd5f54c2d0_0;
    %inv;
    %store/vec4 v0x55cd5f54c2d0_0, 0, 1;
    %jmp T_3;
    .thread T_3;
# The file index is used to find the file name in the following table.
:file_names 4;
    "N/A";
    "<interactive>";
    "complement_converter_fsm_tb.v";
    "complement_converter_fsm.v";
