Release 14.7 - xst P.20131013 (lin64)
Copyright (c) 1995-2013 Xilinx, Inc.  All rights reserved.
--> 
Parameter TMPDIR set to xst/projnav.tmp


Total REAL time to Xst completion: 1.00 secs
Total CPU time to Xst completion: 0.03 secs
 
--> 
Parameter xsthdpdir set to xst


Total REAL time to Xst completion: 1.00 secs
Total CPU time to Xst completion: 0.03 secs
 
--> 
Reading design: carry_look_ahead_16bit_ripple.prj

TABLE OF CONTENTS
  1) Synthesis Options Summary
  2) HDL Parsing
  3) HDL Elaboration
  4) HDL Synthesis
       4.1) HDL Synthesis Report
  5) Advanced HDL Synthesis
       5.1) Advanced HDL Synthesis Report
  6) Low Level Synthesis
  7) Partition Report
  8) Design Summary
       8.1) Primitive and Black Box Usage
       8.2) Device utilization summary
       8.3) Partition Resource Summary
       8.4) Timing Report
            8.4.1) Clock Information
            8.4.2) Asynchronous Control Signals Information
            8.4.3) Timing Summary
            8.4.4) Timing Details
            8.4.5) Cross Clock Domains Report


=========================================================================
*                      Synthesis Options Summary                        *
=========================================================================
---- Source Parameters
Input File Name                    : "carry_look_ahead_16bit_ripple.prj"
Ignore Synthesis Constraint File   : NO

---- Target Parameters
Output File Name                   : "carry_look_ahead_16bit_ripple"
Output Format                      : NGC
Target Device                      : xc7a100t-1-csg324

---- Source Options
Top Module Name                    : carry_look_ahead_16bit_ripple
Automatic FSM Extraction           : YES
FSM Encoding Algorithm             : Auto
Safe Implementation                : No
FSM Style                          : LUT
RAM Extraction                     : Yes
RAM Style                          : Auto
ROM Extraction                     : Yes
Shift Register Extraction          : YES
ROM Style                          : Auto
Resource Sharing                   : YES
Asynchronous To Synchronous        : NO
Shift Register Minimum Size        : 2
Use DSP Block                      : Auto
Automatic Register Balancing       : No

---- Target Options
LUT Combining                      : Auto
Reduce Control Sets                : Auto
Add IO Buffers                     : YES
Global Maximum Fanout              : 100000
Add Generic Clock Buffer(BUFG)     : 32
Register Duplication               : YES
Optimize Instantiated Primitives   : NO
Use Clock Enable                   : Auto
Use Synchronous Set                : Auto
Use Synchronous Reset              : Auto
Pack IO Registers into IOBs        : Auto
Equivalent register Removal        : YES

---- General Options
Optimization Goal                  : Speed
Optimization Effort                : 1
Power Reduction                    : NO
Keep Hierarchy                     : Yes
Netlist Hierarchy                  : As_Optimized
RTL Output                         : Yes
Global Optimization                : AllClockNets
Read Cores                         : YES
Write Timing Constraints           : NO
Cross Clock Analysis               : NO
Hierarchy Separator                : /
Bus Delimiter                      : <>
Case Specifier                     : Maintain
Slice Utilization Ratio            : 100
BRAM Utilization Ratio             : 100
DSP48 Utilization Ratio            : 100
Auto BRAM Packing                  : NO
Slice Utilization Ratio Delta      : 5

=========================================================================


=========================================================================
*                          HDL Parsing                                  *
=========================================================================
Analyzing Verilog file "/home/suhas/Desktop/Semester-5/COA/COAA-Lab-Sem-5/Assignment-1/Part-2/carry_look_ahead_4bit.v" into library work
Parsing module <carry_look_ahead_4bit>.
Analyzing Verilog file "/home/suhas/Desktop/Semester-5/COA/COAA-Lab-Sem-5/Assignment-1/Part-2/carry_look_ahead_16bit_ripple.v" into library work
Parsing module <carry_look_ahead_16bit_ripple>.

=========================================================================
*                            HDL Elaboration                            *
=========================================================================

Elaborating module <carry_look_ahead_16bit_ripple>.

Elaborating module <carry_look_ahead_4bit>.
WARNING:HDLCompiler:1127 - "/home/suhas/Desktop/Semester-5/COA/COAA-Lab-Sem-5/Assignment-1/Part-2/carry_look_ahead_16bit_ripple.v" Line 10: Assignment to PG_dummy ignored, since the identifier is never used
WARNING:HDLCompiler:1127 - "/home/suhas/Desktop/Semester-5/COA/COAA-Lab-Sem-5/Assignment-1/Part-2/carry_look_ahead_16bit_ripple.v" Line 11: Assignment to PG_dummy ignored, since the identifier is never used
WARNING:HDLCompiler:1127 - "/home/suhas/Desktop/Semester-5/COA/COAA-Lab-Sem-5/Assignment-1/Part-2/carry_look_ahead_16bit_ripple.v" Line 12: Assignment to PG_dummy ignored, since the identifier is never used
WARNING:HDLCompiler:1127 - "/home/suhas/Desktop/Semester-5/COA/COAA-Lab-Sem-5/Assignment-1/Part-2/carry_look_ahead_16bit_ripple.v" Line 13: Assignment to PG_dummy ignored, since the identifier is never used

=========================================================================
*                           HDL Synthesis                               *
=========================================================================

Synthesizing Unit <carry_look_ahead_16bit_ripple>.
    Related source file is "/home/suhas/Desktop/Semester-5/COA/COAA-Lab-Sem-5/Assignment-1/Part-2/carry_look_ahead_16bit_ripple.v".
INFO:Xst:3210 - "/home/suhas/Desktop/Semester-5/COA/COAA-Lab-Sem-5/Assignment-1/Part-2/carry_look_ahead_16bit_ripple.v" line 10: Output port <PG> of the instance <carry_look_ahead1> is unconnected or connected to loadless signal.
INFO:Xst:3210 - "/home/suhas/Desktop/Semester-5/COA/COAA-Lab-Sem-5/Assignment-1/Part-2/carry_look_ahead_16bit_ripple.v" line 10: Output port <GG> of the instance <carry_look_ahead1> is unconnected or connected to loadless signal.
INFO:Xst:3210 - "/home/suhas/Desktop/Semester-5/COA/COAA-Lab-Sem-5/Assignment-1/Part-2/carry_look_ahead_16bit_ripple.v" line 11: Output port <PG> of the instance <carry_look_ahead2> is unconnected or connected to loadless signal.
INFO:Xst:3210 - "/home/suhas/Desktop/Semester-5/COA/COAA-Lab-Sem-5/Assignment-1/Part-2/carry_look_ahead_16bit_ripple.v" line 11: Output port <GG> of the instance <carry_look_ahead2> is unconnected or connected to loadless signal.
INFO:Xst:3210 - "/home/suhas/Desktop/Semester-5/COA/COAA-Lab-Sem-5/Assignment-1/Part-2/carry_look_ahead_16bit_ripple.v" line 12: Output port <PG> of the instance <carry_look_ahead3> is unconnected or connected to loadless signal.
INFO:Xst:3210 - "/home/suhas/Desktop/Semester-5/COA/COAA-Lab-Sem-5/Assignment-1/Part-2/carry_look_ahead_16bit_ripple.v" line 12: Output port <GG> of the instance <carry_look_ahead3> is unconnected or connected to loadless signal.
INFO:Xst:3210 - "/home/suhas/Desktop/Semester-5/COA/COAA-Lab-Sem-5/Assignment-1/Part-2/carry_look_ahead_16bit_ripple.v" line 13: Output port <PG> of the instance <carry_look_ahead4> is unconnected or connected to loadless signal.
INFO:Xst:3210 - "/home/suhas/Desktop/Semester-5/COA/COAA-Lab-Sem-5/Assignment-1/Part-2/carry_look_ahead_16bit_ripple.v" line 13: Output port <GG> of the instance <carry_look_ahead4> is unconnected or connected to loadless signal.
    Summary:
	no macro.
Unit <carry_look_ahead_16bit_ripple> synthesized.

Synthesizing Unit <carry_look_ahead_4bit>.
    Related source file is "/home/suhas/Desktop/Semester-5/COA/COAA-Lab-Sem-5/Assignment-1/Part-2/carry_look_ahead_4bit.v".
    Summary:
Unit <carry_look_ahead_4bit> synthesized.

=========================================================================
HDL Synthesis Report

Macro Statistics
# Xors                                                 : 8
 4-bit xor2                                            : 8

=========================================================================

=========================================================================
*                       Advanced HDL Synthesis                          *
=========================================================================


=========================================================================
Advanced HDL Synthesis Report

Macro Statistics
# Xors                                                 : 8
 4-bit xor2                                            : 8

=========================================================================

=========================================================================
*                         Low Level Synthesis                           *
=========================================================================

Optimizing unit <carry_look_ahead_16bit_ripple> ...

Optimizing unit <carry_look_ahead_4bit> ...

Mapping all equations...
Building and optimizing final netlist ...
Found area constraint ratio of 100 (+ 5) on block carry_look_ahead_16bit_ripple, actual ratio is 0.

Final Macro Processing ...

=========================================================================
Final Register Report

Found no macro
=========================================================================

=========================================================================
*                           Partition Report                            *
=========================================================================

Partition Implementation Status
-------------------------------

  No Partitions were found in this design.

-------------------------------

=========================================================================
*                            Design Summary                             *
=========================================================================

Top Level Output File Name         : carry_look_ahead_16bit_ripple.ngc

Primitive and Black Box Usage:
------------------------------
# BELS                             : 40
#      LUT3                        : 12
#      LUT4                        : 8
#      LUT5                        : 20
# IO Buffers                       : 50
#      IBUF                        : 33
#      OBUF                        : 17

Device utilization summary:
---------------------------

Selected Device : 7a100tcsg324-1 


Slice Logic Utilization: 
 Number of Slice LUTs:                   40  out of  63400     0%  
    Number used as Logic:                40  out of  63400     0%  

Slice Logic Distribution: 
 Number of LUT Flip Flop pairs used:     40
   Number with an unused Flip Flop:      40  out of     40   100%  
   Number with an unused LUT:             0  out of     40     0%  
   Number of fully used LUT-FF pairs:     0  out of     40     0%  
   Number of unique control sets:         0

IO Utilization: 
 Number of IOs:                          50
 Number of bonded IOBs:                  50  out of    210    23%  

Specific Feature Utilization:

---------------------------
Partition Resource Summary:
---------------------------

  No Partitions were found in this design.

---------------------------


=========================================================================
Timing Report

NOTE: THESE TIMING NUMBERS ARE ONLY A SYNTHESIS ESTIMATE.
      FOR ACCURATE TIMING INFORMATION PLEASE REFER TO THE TRACE REPORT
      GENERATED AFTER PLACE-and-ROUTE.

Clock Information:
------------------
No clock signals found in this design

Asynchronous Control Signals Information:
----------------------------------------
No asynchronous control signals found in this design

Timing Summary:
---------------
Speed Grade: -1

   Minimum period: No path found
   Minimum input arrival time before clock: No path found
   Maximum output required time after clock: No path found
   Maximum combinational path delay: 5.909ns

Timing Details:
---------------
All values displayed in nanoseconds (ns)

=========================================================================
Timing constraint: Default path analysis
  Total number of paths / destination ports: 545 / 17
-------------------------------------------------------------------------
Delay:               5.909ns (Levels of Logic = 13)
  Source:            B<1> (PAD)
  Destination:       S<15> (PAD)

  Data Path: B<1> to S<15>
                                Gate     Net
    Cell:in->out      fanout   Delay   Delay  Logical Name (Net Name)
    ----------------------------------------  ------------
     IBUF:I->O             4   0.001   0.796  B_1_IBUF (B_1_IBUF)
     begin scope: 'carry_look_ahead1:B<1>'
     LUT4:I0->O            1   0.124   0.919  PG_int_SW0 (N2)
     LUT5:I0->O            1   0.124   0.716  PG_int (PG)
     LUT3:I0->O            4   0.124   0.556  Co1 (Co)
     end scope: 'carry_look_ahead1:Co'
     begin scope: 'carry_look_ahead2:Ci'
     LUT3:I1->O            4   0.124   0.556  Co1 (Co)
     end scope: 'carry_look_ahead2:Co'
     begin scope: 'carry_look_ahead3:Ci'
     LUT3:I1->O            4   0.124   0.556  Co1 (Co)
     end scope: 'carry_look_ahead3:Co'
     begin scope: 'carry_look_ahead4:Ci'
     LUT5:I3->O            2   0.124   0.542  C<2><1>1 (C<2>)
     LUT5:I3->O            1   0.124   0.399  Mxor_S_3_xo<0>1 (S<3>)
     end scope: 'carry_look_ahead4:S<3>'
     OBUF:I->O                 0.000          S_15_OBUF (S<15>)
    ----------------------------------------
    Total                      5.909ns (0.869ns logic, 5.040ns route)
                                       (14.7% logic, 85.3% route)

=========================================================================

Cross Clock Domains Report:
--------------------------

=========================================================================


Total REAL time to Xst completion: 5.00 secs
Total CPU time to Xst completion: 4.29 secs
 
--> 


Total memory usage is 485908 kilobytes

Number of errors   :    0 (   0 filtered)
Number of warnings :    4 (   0 filtered)
Number of infos    :    8 (   0 filtered)

