--------------------------------------------------------------------------------
Release 14.7 Trace  (lin64)
Copyright (c) 1995-2013 Xilinx, Inc.  All rights reserved.

/opt/Xilinx/14.7/ISE_DS/ISE/bin/lin64/unwrapped/trce -intstyle ise -v 3 -s 1 -n
3 -fastpaths -xml carry_look_ahead_4bit.twx carry_look_ahead_4bit.ncd -o
carry_look_ahead_4bit.twr carry_look_ahead_4bit.pcf

Design file:              carry_look_ahead_4bit.ncd
Physical constraint file: carry_look_ahead_4bit.pcf
Device,package,speed:     xc7a100t,csg324,C,-1 (PRODUCTION 1.10 2013-10-13)
Report level:             verbose report

Environment Variable      Effect 
--------------------      ------ 
NONE                      No environment variables were set
--------------------------------------------------------------------------------

INFO:Timing:2698 - No timing constraints found, doing default enumeration.
INFO:Timing:3412 - To improve timing, see the Timing Closure User Guide (UG612).
INFO:Timing:2752 - To get complete path coverage, use the unconstrained paths 
   option. All paths that are not constrained will be reported in the 
   unconstrained paths section(s) of the report.
INFO:Timing:3339 - The clock-to-out numbers in this timing report are based on 
   a 50 Ohm transmission line loading model.  For the details of this model, 
   and for more information on accounting for different loading conditions, 
   please see the device datasheet.



Data Sheet report:
-----------------
All values displayed in nanoseconds (ns)

Pad to Pad
---------------+---------------+---------+
Source Pad     |Destination Pad|  Delay  |
---------------+---------------+---------+
A<0>           |S<0>           |    6.893|
A<0>           |S<1>           |    6.794|
A<0>           |S<2>           |    7.324|
A<0>           |S<3>           |    6.969|
A<1>           |S<1>           |    7.062|
A<1>           |S<2>           |    7.590|
A<1>           |S<3>           |    7.235|
A<2>           |S<2>           |    7.088|
A<2>           |S<3>           |    6.700|
A<3>           |S<3>           |    6.962|
B<0>           |S<0>           |    6.785|
B<0>           |S<1>           |    6.622|
B<0>           |S<2>           |    7.184|
B<0>           |S<3>           |    6.829|
B<1>           |S<1>           |    7.028|
B<1>           |S<2>           |    7.556|
B<1>           |S<3>           |    7.201|
B<2>           |S<2>           |    6.830|
B<2>           |S<3>           |    6.444|
B<3>           |S<3>           |    6.821|
Ci             |S<0>           |    6.998|
Ci             |S<1>           |    6.879|
Ci             |S<2>           |    7.409|
Ci             |S<3>           |    7.054|
---------------+---------------+---------+


Analysis completed Thu Aug 26 19:13:18 2021 
--------------------------------------------------------------------------------

Trace Settings:
-------------------------
Trace Settings 

Peak Memory Usage: 751 MB



