#! /usr/bin/vvp
:ivl_version "11.0 (stable)";
:ivl_delay_selection "TYPICAL";
:vpi_time_precision - 12;
:vpi_module "/usr/lib/x86_64-linux-gnu/ivl/system.vpi";
:vpi_module "/usr/lib/x86_64-linux-gnu/ivl/vhdl_sys.vpi";
:vpi_module "/usr/lib/x86_64-linux-gnu/ivl/vhdl_textio.vpi";
:vpi_module "/usr/lib/x86_64-linux-gnu/ivl/v2005_math.vpi";
:vpi_module "/usr/lib/x86_64-linux-gnu/ivl/va_math.vpi";
S_0x56203e399710 .scope module, "ripple_carry_adder_4bit_tb" "ripple_carry_adder_4bit_tb" 2 3;
 .timescale -9 -12;
v0x56203e3cd450_0 .var "r_ADD1", 3 0;
v0x56203e3cd530_0 .var "r_ADD2", 3 0;
v0x56203e3cd600_0 .var "r_CARRY", 0 0;
v0x56203e3cd720_0 .net "w_CARRY", 0 0, L_0x56203e3cfa50;  1 drivers
v0x56203e3cd810_0 .net "w_SUM", 3 0, L_0x56203e3d0050;  1 drivers
S_0x56203e39f650 .scope module, "ripple_carry_adder" "ripple_carry_adder_4bit" 2 10, 3 1 0, S_0x56203e399710;
 .timescale 0 0;
    .port_info 0 /INPUT 4 "i_term1";
    .port_info 1 /INPUT 4 "i_term2";
    .port_info 2 /INPUT 1 "i_carry";
    .port_info 3 /OUTPUT 4 "o_sum";
    .port_info 4 /OUTPUT 1 "o_carry";
v0x56203e3cced0_0 .net "i_carry", 0 0, v0x56203e3cd600_0;  1 drivers
v0x56203e3ccf90_0 .net "i_term1", 3 0, v0x56203e3cd450_0;  1 drivers
v0x56203e3cd050_0 .net "i_term2", 3 0, v0x56203e3cd530_0;  1 drivers
v0x56203e3cd140_0 .net "o_carry", 0 0, L_0x56203e3cfa50;  alias, 1 drivers
v0x56203e3cd210_0 .net "o_sum", 3 0, L_0x56203e3d0050;  alias, 1 drivers
v0x56203e3cd2d0_0 .net "w_temp", 2 0, L_0x56203e3cf540;  1 drivers
L_0x56203e3cde70 .part v0x56203e3cd450_0, 0, 1;
L_0x56203e3cdfa0 .part v0x56203e3cd530_0, 0, 1;
L_0x56203e3ce6d0 .part v0x56203e3cd450_0, 1, 1;
L_0x56203e3ce800 .part v0x56203e3cd530_0, 1, 1;
L_0x56203e3ce960 .part L_0x56203e3cf540, 0, 1;
L_0x56203e3cf000 .part v0x56203e3cd450_0, 2, 1;
L_0x56203e3cf200 .part v0x56203e3cd530_0, 2, 1;
L_0x56203e3cf3c0 .part L_0x56203e3cf540, 1, 1;
L_0x56203e3cf540 .concat8 [ 1 1 1 0], L_0x56203e3cdd60, L_0x56203e3ce5c0, L_0x56203e3ceef0;
L_0x56203e3cfb60 .part v0x56203e3cd450_0, 3, 1;
L_0x56203e3cfcf0 .part v0x56203e3cd530_0, 3, 1;
L_0x56203e3cfe20 .part L_0x56203e3cf540, 2, 1;
L_0x56203e3d0050 .concat8 [ 1 1 1 1], L_0x56203e3a2ee0, L_0x56203e3ce140, L_0x56203e3ceb00, L_0x56203e3cf650;
S_0x56203e39c700 .scope module, "full_adder1" "full_adder" 3 15, 4 1 0, S_0x56203e39f650;
 .timescale -9 -12;
    .port_info 0 /INPUT 1 "i_bit1";
    .port_info 1 /INPUT 1 "i_bit2";
    .port_info 2 /INPUT 1 "i_carry";
    .port_info 3 /OUTPUT 1 "o_sum";
    .port_info 4 /OUTPUT 1 "o_carry";
L_0x56203e3a2e70 .functor XOR 1, L_0x56203e3cde70, L_0x56203e3cdfa0, C4<0>, C4<0>;
L_0x56203e3a2ee0 .functor XOR 1, L_0x56203e3a2e70, v0x56203e3cd600_0, C4<0>, C4<0>;
L_0x56203e3cd9b0 .functor AND 1, L_0x56203e3cde70, L_0x56203e3cdfa0, C4<1>, C4<1>;
L_0x56203e3cdac0 .functor AND 1, L_0x56203e3cdfa0, v0x56203e3cd600_0, C4<1>, C4<1>;
L_0x56203e3cdbf0 .functor OR 1, L_0x56203e3cd9b0, L_0x56203e3cdac0, C4<0>, C4<0>;
L_0x56203e3cdcb0 .functor AND 1, v0x56203e3cd600_0, L_0x56203e3cde70, C4<1>, C4<1>;
L_0x56203e3cdd60 .functor OR 1, L_0x56203e3cdbf0, L_0x56203e3cdcb0, C4<0>, C4<0>;
v0x56203e3a2790_0 .net *"_ivl_0", 0 0, L_0x56203e3a2e70;  1 drivers
v0x56203e39f9f0_0 .net *"_ivl_10", 0 0, L_0x56203e3cdcb0;  1 drivers
v0x56203e39caa0_0 .net *"_ivl_4", 0 0, L_0x56203e3cd9b0;  1 drivers
v0x56203e399b30_0 .net *"_ivl_6", 0 0, L_0x56203e3cdac0;  1 drivers
v0x56203e3ca680_0 .net *"_ivl_8", 0 0, L_0x56203e3cdbf0;  1 drivers
v0x56203e3ca7b0_0 .net "i_bit1", 0 0, L_0x56203e3cde70;  1 drivers
v0x56203e3ca870_0 .net "i_bit2", 0 0, L_0x56203e3cdfa0;  1 drivers
v0x56203e3ca930_0 .net "i_carry", 0 0, v0x56203e3cd600_0;  alias, 1 drivers
v0x56203e3ca9f0_0 .net "o_carry", 0 0, L_0x56203e3cdd60;  1 drivers
v0x56203e3caab0_0 .net "o_sum", 0 0, L_0x56203e3a2ee0;  1 drivers
S_0x56203e3cac10 .scope module, "full_adder2" "full_adder" 3 16, 4 1 0, S_0x56203e39f650;
 .timescale -9 -12;
    .port_info 0 /INPUT 1 "i_bit1";
    .port_info 1 /INPUT 1 "i_bit2";
    .port_info 2 /INPUT 1 "i_carry";
    .port_info 3 /OUTPUT 1 "o_sum";
    .port_info 4 /OUTPUT 1 "o_carry";
L_0x56203e3ce0d0 .functor XOR 1, L_0x56203e3ce6d0, L_0x56203e3ce800, C4<0>, C4<0>;
L_0x56203e3ce140 .functor XOR 1, L_0x56203e3ce0d0, L_0x56203e3ce960, C4<0>, C4<0>;
L_0x56203e3ce200 .functor AND 1, L_0x56203e3ce6d0, L_0x56203e3ce800, C4<1>, C4<1>;
L_0x56203e3ce310 .functor AND 1, L_0x56203e3ce800, L_0x56203e3ce960, C4<1>, C4<1>;
L_0x56203e3ce400 .functor OR 1, L_0x56203e3ce200, L_0x56203e3ce310, C4<0>, C4<0>;
L_0x56203e3ce510 .functor AND 1, L_0x56203e3ce960, L_0x56203e3ce6d0, C4<1>, C4<1>;
L_0x56203e3ce5c0 .functor OR 1, L_0x56203e3ce400, L_0x56203e3ce510, C4<0>, C4<0>;
v0x56203e3cae40_0 .net *"_ivl_0", 0 0, L_0x56203e3ce0d0;  1 drivers
v0x56203e3caf20_0 .net *"_ivl_10", 0 0, L_0x56203e3ce510;  1 drivers
v0x56203e3cb000_0 .net *"_ivl_4", 0 0, L_0x56203e3ce200;  1 drivers
v0x56203e3cb0c0_0 .net *"_ivl_6", 0 0, L_0x56203e3ce310;  1 drivers
v0x56203e3cb1a0_0 .net *"_ivl_8", 0 0, L_0x56203e3ce400;  1 drivers
v0x56203e3cb2d0_0 .net "i_bit1", 0 0, L_0x56203e3ce6d0;  1 drivers
v0x56203e3cb390_0 .net "i_bit2", 0 0, L_0x56203e3ce800;  1 drivers
v0x56203e3cb450_0 .net "i_carry", 0 0, L_0x56203e3ce960;  1 drivers
v0x56203e3cb510_0 .net "o_carry", 0 0, L_0x56203e3ce5c0;  1 drivers
v0x56203e3cb5d0_0 .net "o_sum", 0 0, L_0x56203e3ce140;  1 drivers
S_0x56203e3cb730 .scope module, "full_adder3" "full_adder" 3 17, 4 1 0, S_0x56203e39f650;
 .timescale -9 -12;
    .port_info 0 /INPUT 1 "i_bit1";
    .port_info 1 /INPUT 1 "i_bit2";
    .port_info 2 /INPUT 1 "i_carry";
    .port_info 3 /OUTPUT 1 "o_sum";
    .port_info 4 /OUTPUT 1 "o_carry";
L_0x56203e3cea90 .functor XOR 1, L_0x56203e3cf000, L_0x56203e3cf200, C4<0>, C4<0>;
L_0x56203e3ceb00 .functor XOR 1, L_0x56203e3cea90, L_0x56203e3cf3c0, C4<0>, C4<0>;
L_0x56203e3ceba0 .functor AND 1, L_0x56203e3cf000, L_0x56203e3cf200, C4<1>, C4<1>;
L_0x56203e3cec40 .functor AND 1, L_0x56203e3cf200, L_0x56203e3cf3c0, C4<1>, C4<1>;
L_0x56203e3ced30 .functor OR 1, L_0x56203e3ceba0, L_0x56203e3cec40, C4<0>, C4<0>;
L_0x56203e3cee40 .functor AND 1, L_0x56203e3cf3c0, L_0x56203e3cf000, C4<1>, C4<1>;
L_0x56203e3ceef0 .functor OR 1, L_0x56203e3ced30, L_0x56203e3cee40, C4<0>, C4<0>;
v0x56203e3cb940_0 .net *"_ivl_0", 0 0, L_0x56203e3cea90;  1 drivers
v0x56203e3cba20_0 .net *"_ivl_10", 0 0, L_0x56203e3cee40;  1 drivers
v0x56203e3cbb00_0 .net *"_ivl_4", 0 0, L_0x56203e3ceba0;  1 drivers
v0x56203e3cbbf0_0 .net *"_ivl_6", 0 0, L_0x56203e3cec40;  1 drivers
v0x56203e3cbcd0_0 .net *"_ivl_8", 0 0, L_0x56203e3ced30;  1 drivers
v0x56203e3cbe00_0 .net "i_bit1", 0 0, L_0x56203e3cf000;  1 drivers
v0x56203e3cbec0_0 .net "i_bit2", 0 0, L_0x56203e3cf200;  1 drivers
v0x56203e3cbf80_0 .net "i_carry", 0 0, L_0x56203e3cf3c0;  1 drivers
v0x56203e3cc040_0 .net "o_carry", 0 0, L_0x56203e3ceef0;  1 drivers
v0x56203e3cc190_0 .net "o_sum", 0 0, L_0x56203e3ceb00;  1 drivers
S_0x56203e3cc2f0 .scope module, "full_adder4" "full_adder" 3 18, 4 1 0, S_0x56203e39f650;
 .timescale -9 -12;
    .port_info 0 /INPUT 1 "i_bit1";
    .port_info 1 /INPUT 1 "i_bit2";
    .port_info 2 /INPUT 1 "i_carry";
    .port_info 3 /OUTPUT 1 "o_sum";
    .port_info 4 /OUTPUT 1 "o_carry";
L_0x56203e3cf5e0 .functor XOR 1, L_0x56203e3cfb60, L_0x56203e3cfcf0, C4<0>, C4<0>;
L_0x56203e3cf650 .functor XOR 1, L_0x56203e3cf5e0, L_0x56203e3cfe20, C4<0>, C4<0>;
L_0x56203e3cf6c0 .functor AND 1, L_0x56203e3cfb60, L_0x56203e3cfcf0, C4<1>, C4<1>;
L_0x56203e3cf7d0 .functor AND 1, L_0x56203e3cfcf0, L_0x56203e3cfe20, C4<1>, C4<1>;
L_0x56203e3cf890 .functor OR 1, L_0x56203e3cf6c0, L_0x56203e3cf7d0, C4<0>, C4<0>;
L_0x56203e3cf9a0 .functor AND 1, L_0x56203e3cfe20, L_0x56203e3cfb60, C4<1>, C4<1>;
L_0x56203e3cfa50 .functor OR 1, L_0x56203e3cf890, L_0x56203e3cf9a0, C4<0>, C4<0>;
v0x56203e3cc500_0 .net *"_ivl_0", 0 0, L_0x56203e3cf5e0;  1 drivers
v0x56203e3cc600_0 .net *"_ivl_10", 0 0, L_0x56203e3cf9a0;  1 drivers
v0x56203e3cc6e0_0 .net *"_ivl_4", 0 0, L_0x56203e3cf6c0;  1 drivers
v0x56203e3cc7d0_0 .net *"_ivl_6", 0 0, L_0x56203e3cf7d0;  1 drivers
v0x56203e3cc8b0_0 .net *"_ivl_8", 0 0, L_0x56203e3cf890;  1 drivers
v0x56203e3cc9e0_0 .net "i_bit1", 0 0, L_0x56203e3cfb60;  1 drivers
v0x56203e3ccaa0_0 .net "i_bit2", 0 0, L_0x56203e3cfcf0;  1 drivers
v0x56203e3ccb60_0 .net "i_carry", 0 0, L_0x56203e3cfe20;  1 drivers
v0x56203e3ccc20_0 .net "o_carry", 0 0, L_0x56203e3cfa50;  alias, 1 drivers
v0x56203e3ccd70_0 .net "o_sum", 0 0, L_0x56203e3cf650;  1 drivers
    .scope S_0x56203e399710;
T_0 ;
    %pushi/vec4 0, 0, 4;
    %store/vec4 v0x56203e3cd450_0, 0, 4;
    %pushi/vec4 0, 0, 4;
    %store/vec4 v0x56203e3cd530_0, 0, 4;
    %pushi/vec4 0, 0, 1;
    %store/vec4 v0x56203e3cd600_0, 0, 1;
    %end;
    .thread T_0;
    .scope S_0x56203e399710;
T_1 ;
    %vpi_call 2 13 "$monitor", "i_term1 = %b, i_term2 = %b, i_carry = %b, o_sum = %b, o_carry = %b", v0x56203e3cd450_0, v0x56203e3cd530_0, v0x56203e3cd600_0, v0x56203e3cd810_0, v0x56203e3cd720_0 {0 0 0};
    %delay 10000, 0;
    %pushi/vec4 4, 0, 4;
    %store/vec4 v0x56203e3cd450_0, 0, 4;
    %pushi/vec4 5, 0, 4;
    %store/vec4 v0x56203e3cd530_0, 0, 4;
    %pushi/vec4 0, 0, 1;
    %store/vec4 v0x56203e3cd600_0, 0, 1;
    %delay 10000, 0;
    %pushi/vec4 1, 0, 4;
    %store/vec4 v0x56203e3cd450_0, 0, 4;
    %pushi/vec4 14, 0, 4;
    %store/vec4 v0x56203e3cd530_0, 0, 4;
    %pushi/vec4 1, 0, 1;
    %store/vec4 v0x56203e3cd600_0, 0, 1;
    %delay 10000, 0;
    %pushi/vec4 7, 0, 4;
    %store/vec4 v0x56203e3cd450_0, 0, 4;
    %pushi/vec4 12, 0, 4;
    %store/vec4 v0x56203e3cd530_0, 0, 4;
    %pushi/vec4 1, 0, 1;
    %store/vec4 v0x56203e3cd600_0, 0, 1;
    %end;
    .thread T_1;
# The file index is used to find the file name in the following table.
:file_names 5;
    "N/A";
    "<interactive>";
    "ripple_carry_adder_4bit_tb.v";
    "ripple_carry_adder_4bit.v";
    "full_adder.v";
