#! /usr/bin/vvp
:ivl_version "11.0 (stable)";
:ivl_delay_selection "TYPICAL";
:vpi_time_precision - 12;
:vpi_module "/usr/lib/x86_64-linux-gnu/ivl/system.vpi";
:vpi_module "/usr/lib/x86_64-linux-gnu/ivl/vhdl_sys.vpi";
:vpi_module "/usr/lib/x86_64-linux-gnu/ivl/vhdl_textio.vpi";
:vpi_module "/usr/lib/x86_64-linux-gnu/ivl/v2005_math.vpi";
:vpi_module "/usr/lib/x86_64-linux-gnu/ivl/va_math.vpi";
S_0x556585093a10 .scope module, "branchingLogic_testbench" "branchingLogic_testbench" 2 11;
 .timescale -9 -12;
v0x556585119fc0_0 .var "alu_result", 31 0;
v0x55658511a0a0_0 .net "branch_success", 0 0, v0x5565850be730_0;  1 drivers
v0x55658511a170_0 .var "carry_flag", 0 0;
v0x55658511a270_0 .var "clk", 0 0;
v0x55658511a340_0 .var "offset_in", 15 0;
v0x55658511a3e0_0 .net "offset_out", 15 0, v0x556585119a20_0;  1 drivers
v0x55658511a4b0_0 .var "op_code", 5 0;
v0x55658511a580_0 .var "reset", 0 0;
v0x55658511a650_0 .var "sign_flag", 0 0;
v0x55658511a7b0_0 .var "zero_flag", 0 0;
S_0x556585093ba0 .scope module, "uut" "branchLogic" 2 28, 3 11 0, S_0x556585093a10;
 .timescale -9 -12;
    .port_info 0 /INPUT 6 "op_code";
    .port_info 1 /INPUT 16 "offset_in";
    .port_info 2 /INPUT 32 "alu_result";
    .port_info 3 /INPUT 1 "clk";
    .port_info 4 /INPUT 1 "reset";
    .port_info 5 /INPUT 1 "zero_flag";
    .port_info 6 /INPUT 1 "sign_flag";
    .port_info 7 /INPUT 1 "carry_flag";
    .port_info 8 /OUTPUT 16 "offset_out";
    .port_info 9 /OUTPUT 1 "branch_success";
v0x556585095f20_0 .net "alu_result", 31 0, v0x556585119fc0_0;  1 drivers
v0x5565850be730_0 .var "branch_success", 0 0;
v0x556585119790_0 .net "carry_flag", 0 0, v0x55658511a170_0;  1 drivers
v0x556585119830_0 .net "clk", 0 0, v0x55658511a270_0;  1 drivers
v0x5565851198f0_0 .net "offset_in", 15 0, v0x55658511a340_0;  1 drivers
v0x556585119a20_0 .var "offset_out", 15 0;
v0x556585119b00_0 .net "op_code", 5 0, v0x55658511a4b0_0;  1 drivers
v0x556585119be0_0 .net "reset", 0 0, v0x55658511a580_0;  1 drivers
v0x556585119ca0_0 .net "sign_flag", 0 0, v0x55658511a650_0;  1 drivers
v0x556585119d60_0 .net "zero_flag", 0 0, v0x55658511a7b0_0;  1 drivers
E_0x5565850eadd0 .event edge, v0x556585119be0_0, v0x556585119830_0;
    .scope S_0x556585093ba0;
T_0 ;
    %wait E_0x5565850eadd0;
    %load/vec4 v0x556585119be0_0;
    %flag_set/vec4 8;
    %jmp/0xz  T_0.0, 8;
    %pushi/vec4 0, 0, 16;
    %assign/vec4 v0x556585119a20_0, 0;
    %pushi/vec4 0, 0, 1;
    %assign/vec4 v0x5565850be730_0, 0;
    %jmp T_0.1;
T_0.0 ;
    %load/vec4 v0x556585119b00_0;
    %dup/vec4;
    %pushi/vec4 5, 0, 6;
    %cmp/u;
    %jmp/1 T_0.2, 6;
    %dup/vec4;
    %pushi/vec4 6, 0, 6;
    %cmp/u;
    %jmp/1 T_0.3, 6;
    %dup/vec4;
    %pushi/vec4 7, 0, 6;
    %cmp/u;
    %jmp/1 T_0.4, 6;
    %dup/vec4;
    %pushi/vec4 8, 0, 6;
    %cmp/u;
    %jmp/1 T_0.5, 6;
    %dup/vec4;
    %pushi/vec4 9, 0, 6;
    %cmp/u;
    %jmp/1 T_0.6, 6;
    %dup/vec4;
    %pushi/vec4 10, 0, 6;
    %cmp/u;
    %jmp/1 T_0.7, 6;
    %dup/vec4;
    %pushi/vec4 11, 0, 6;
    %cmp/u;
    %jmp/1 T_0.8, 6;
    %dup/vec4;
    %pushi/vec4 12, 0, 6;
    %cmp/u;
    %jmp/1 T_0.9, 6;
    %pushi/vec4 0, 0, 16;
    %assign/vec4 v0x556585119a20_0, 0;
    %pushi/vec4 0, 0, 1;
    %assign/vec4 v0x5565850be730_0, 0;
    %jmp T_0.11;
T_0.2 ;
    %load/vec4 v0x556585095f20_0;
    %parti/s 16, 0, 2;
    %assign/vec4 v0x556585119a20_0, 0;
    %pushi/vec4 1, 0, 1;
    %assign/vec4 v0x5565850be730_0, 0;
    %jmp T_0.11;
T_0.3 ;
    %load/vec4 v0x556585095f20_0;
    %parti/s 1, 31, 6;
    %flag_set/vec4 8;
    %jmp/0xz  T_0.12, 8;
    %load/vec4 v0x5565851198f0_0;
    %assign/vec4 v0x556585119a20_0, 0;
    %pushi/vec4 1, 0, 1;
    %assign/vec4 v0x5565850be730_0, 0;
    %jmp T_0.13;
T_0.12 ;
    %pushi/vec4 0, 0, 16;
    %assign/vec4 v0x556585119a20_0, 0;
    %pushi/vec4 0, 0, 1;
    %assign/vec4 v0x5565850be730_0, 0;
T_0.13 ;
    %jmp T_0.11;
T_0.4 ;
    %load/vec4 v0x556585095f20_0;
    %cmpi/e 0, 0, 32;
    %jmp/0xz  T_0.14, 4;
    %load/vec4 v0x5565851198f0_0;
    %assign/vec4 v0x556585119a20_0, 0;
    %pushi/vec4 1, 0, 1;
    %assign/vec4 v0x5565850be730_0, 0;
    %jmp T_0.15;
T_0.14 ;
    %pushi/vec4 0, 0, 16;
    %assign/vec4 v0x556585119a20_0, 0;
    %pushi/vec4 0, 0, 1;
    %assign/vec4 v0x5565850be730_0, 0;
T_0.15 ;
    %jmp T_0.11;
T_0.5 ;
    %load/vec4 v0x556585095f20_0;
    %cmpi/ne 0, 0, 32;
    %jmp/0xz  T_0.16, 4;
    %load/vec4 v0x5565851198f0_0;
    %assign/vec4 v0x556585119a20_0, 0;
    %pushi/vec4 1, 0, 1;
    %assign/vec4 v0x5565850be730_0, 0;
    %jmp T_0.17;
T_0.16 ;
    %pushi/vec4 0, 0, 16;
    %assign/vec4 v0x556585119a20_0, 0;
    %pushi/vec4 0, 0, 1;
    %assign/vec4 v0x5565850be730_0, 0;
T_0.17 ;
    %jmp T_0.11;
T_0.6 ;
    %load/vec4 v0x5565851198f0_0;
    %assign/vec4 v0x556585119a20_0, 0;
    %pushi/vec4 1, 0, 1;
    %assign/vec4 v0x5565850be730_0, 0;
    %jmp T_0.11;
T_0.7 ;
    %load/vec4 v0x5565851198f0_0;
    %assign/vec4 v0x556585119a20_0, 0;
    %pushi/vec4 1, 0, 1;
    %assign/vec4 v0x5565850be730_0, 0;
    %jmp T_0.11;
T_0.8 ;
    %load/vec4 v0x556585119790_0;
    %flag_set/vec4 8;
    %jmp/0xz  T_0.18, 8;
    %load/vec4 v0x5565851198f0_0;
    %assign/vec4 v0x556585119a20_0, 0;
    %pushi/vec4 1, 0, 1;
    %assign/vec4 v0x5565850be730_0, 0;
    %jmp T_0.19;
T_0.18 ;
    %pushi/vec4 0, 0, 16;
    %assign/vec4 v0x556585119a20_0, 0;
    %pushi/vec4 0, 0, 1;
    %assign/vec4 v0x5565850be730_0, 0;
T_0.19 ;
    %jmp T_0.11;
T_0.9 ;
    %load/vec4 v0x556585119790_0;
    %nor/r;
    %flag_set/vec4 8;
    %jmp/0xz  T_0.20, 8;
    %load/vec4 v0x5565851198f0_0;
    %assign/vec4 v0x556585119a20_0, 0;
    %pushi/vec4 1, 0, 1;
    %assign/vec4 v0x5565850be730_0, 0;
    %jmp T_0.21;
T_0.20 ;
    %pushi/vec4 0, 0, 16;
    %assign/vec4 v0x556585119a20_0, 0;
    %pushi/vec4 0, 0, 1;
    %assign/vec4 v0x5565850be730_0, 0;
T_0.21 ;
    %jmp T_0.11;
T_0.11 ;
    %pop/vec4 1;
T_0.1 ;
    %jmp T_0;
    .thread T_0, $push;
    .scope S_0x556585093a10;
T_1 ;
    %pushi/vec4 0, 0, 1;
    %store/vec4 v0x55658511a270_0, 0, 1;
    %pushi/vec4 0, 0, 6;
    %store/vec4 v0x55658511a4b0_0, 0, 6;
    %pushi/vec4 0, 0, 16;
    %store/vec4 v0x55658511a340_0, 0, 16;
    %pushi/vec4 0, 0, 32;
    %store/vec4 v0x556585119fc0_0, 0, 32;
    %pushi/vec4 0, 0, 1;
    %store/vec4 v0x55658511a580_0, 0, 1;
    %pushi/vec4 0, 0, 1;
    %store/vec4 v0x55658511a7b0_0, 0, 1;
    %pushi/vec4 0, 0, 1;
    %store/vec4 v0x55658511a170_0, 0, 1;
    %pushi/vec4 0, 0, 1;
    %store/vec4 v0x55658511a650_0, 0, 1;
    %delay 100000, 0;
    %vpi_call 2 57 "$monitor", "clk = %b,op_code=%b,offset_in=%b,alu_result=%b,carry_flag=%b,zero_flag=%b,sign_flag=%b,offset_out=%b,branch_success=%b", v0x55658511a270_0, v0x55658511a4b0_0, v0x55658511a340_0, v0x556585119fc0_0, v0x55658511a170_0, v0x55658511a7b0_0, v0x55658511a650_0, v0x55658511a3e0_0, v0x55658511a0a0_0 {0 0 0};
    %delay 10000, 0;
    %pushi/vec4 0, 0, 1;
    %store/vec4 v0x55658511a270_0, 0, 1;
    %pushi/vec4 5, 0, 6;
    %store/vec4 v0x55658511a4b0_0, 0, 6;
    %pushi/vec4 20, 0, 16;
    %store/vec4 v0x55658511a340_0, 0, 16;
    %pushi/vec4 40, 0, 32;
    %store/vec4 v0x556585119fc0_0, 0, 32;
    %pushi/vec4 0, 0, 1;
    %store/vec4 v0x55658511a7b0_0, 0, 1;
    %pushi/vec4 0, 0, 1;
    %store/vec4 v0x55658511a170_0, 0, 1;
    %pushi/vec4 0, 0, 1;
    %store/vec4 v0x55658511a650_0, 0, 1;
    %delay 10000, 0;
    %pushi/vec4 1, 0, 1;
    %store/vec4 v0x55658511a270_0, 0, 1;
    %pushi/vec4 5, 0, 6;
    %store/vec4 v0x55658511a4b0_0, 0, 6;
    %pushi/vec4 20, 0, 16;
    %store/vec4 v0x55658511a340_0, 0, 16;
    %pushi/vec4 40, 0, 32;
    %store/vec4 v0x556585119fc0_0, 0, 32;
    %pushi/vec4 0, 0, 1;
    %store/vec4 v0x55658511a7b0_0, 0, 1;
    %pushi/vec4 0, 0, 1;
    %store/vec4 v0x55658511a170_0, 0, 1;
    %pushi/vec4 0, 0, 1;
    %store/vec4 v0x55658511a650_0, 0, 1;
    %delay 10000, 0;
    %pushi/vec4 0, 0, 1;
    %store/vec4 v0x55658511a270_0, 0, 1;
    %pushi/vec4 5, 0, 6;
    %store/vec4 v0x55658511a4b0_0, 0, 6;
    %pushi/vec4 20, 0, 16;
    %store/vec4 v0x55658511a340_0, 0, 16;
    %pushi/vec4 40, 0, 32;
    %store/vec4 v0x556585119fc0_0, 0, 32;
    %pushi/vec4 0, 0, 1;
    %store/vec4 v0x55658511a7b0_0, 0, 1;
    %pushi/vec4 0, 0, 1;
    %store/vec4 v0x55658511a170_0, 0, 1;
    %pushi/vec4 0, 0, 1;
    %store/vec4 v0x55658511a650_0, 0, 1;
    %delay 10000, 0;
    %pushi/vec4 1, 0, 1;
    %store/vec4 v0x55658511a270_0, 0, 1;
    %pushi/vec4 5, 0, 6;
    %store/vec4 v0x55658511a4b0_0, 0, 6;
    %pushi/vec4 20, 0, 16;
    %store/vec4 v0x55658511a340_0, 0, 16;
    %pushi/vec4 40, 0, 32;
    %store/vec4 v0x556585119fc0_0, 0, 32;
    %pushi/vec4 0, 0, 1;
    %store/vec4 v0x55658511a7b0_0, 0, 1;
    %pushi/vec4 0, 0, 1;
    %store/vec4 v0x55658511a170_0, 0, 1;
    %pushi/vec4 0, 0, 1;
    %store/vec4 v0x55658511a650_0, 0, 1;
    %delay 10000, 0;
    %pushi/vec4 0, 0, 1;
    %store/vec4 v0x55658511a270_0, 0, 1;
    %pushi/vec4 6, 0, 6;
    %store/vec4 v0x55658511a4b0_0, 0, 6;
    %pushi/vec4 20, 0, 16;
    %store/vec4 v0x55658511a340_0, 0, 16;
    %pushi/vec4 40, 0, 32;
    %store/vec4 v0x556585119fc0_0, 0, 32;
    %pushi/vec4 0, 0, 1;
    %store/vec4 v0x55658511a7b0_0, 0, 1;
    %pushi/vec4 0, 0, 1;
    %store/vec4 v0x55658511a170_0, 0, 1;
    %pushi/vec4 0, 0, 1;
    %store/vec4 v0x55658511a650_0, 0, 1;
    %delay 10000, 0;
    %pushi/vec4 1, 0, 1;
    %store/vec4 v0x55658511a270_0, 0, 1;
    %pushi/vec4 6, 0, 6;
    %store/vec4 v0x55658511a4b0_0, 0, 6;
    %pushi/vec4 20, 0, 16;
    %store/vec4 v0x55658511a340_0, 0, 16;
    %pushi/vec4 40, 0, 32;
    %store/vec4 v0x556585119fc0_0, 0, 32;
    %pushi/vec4 0, 0, 1;
    %store/vec4 v0x55658511a7b0_0, 0, 1;
    %pushi/vec4 0, 0, 1;
    %store/vec4 v0x55658511a170_0, 0, 1;
    %pushi/vec4 0, 0, 1;
    %store/vec4 v0x55658511a650_0, 0, 1;
    %delay 10000, 0;
    %pushi/vec4 0, 0, 1;
    %store/vec4 v0x55658511a270_0, 0, 1;
    %pushi/vec4 6, 0, 6;
    %store/vec4 v0x55658511a4b0_0, 0, 6;
    %pushi/vec4 20, 0, 16;
    %store/vec4 v0x55658511a340_0, 0, 16;
    %pushi/vec4 40, 0, 32;
    %store/vec4 v0x556585119fc0_0, 0, 32;
    %pushi/vec4 0, 0, 1;
    %store/vec4 v0x55658511a7b0_0, 0, 1;
    %pushi/vec4 0, 0, 1;
    %store/vec4 v0x55658511a170_0, 0, 1;
    %pushi/vec4 0, 0, 1;
    %store/vec4 v0x55658511a650_0, 0, 1;
    %delay 10000, 0;
    %pushi/vec4 1, 0, 1;
    %store/vec4 v0x55658511a270_0, 0, 1;
    %pushi/vec4 6, 0, 6;
    %store/vec4 v0x55658511a4b0_0, 0, 6;
    %pushi/vec4 20, 0, 16;
    %store/vec4 v0x55658511a340_0, 0, 16;
    %pushi/vec4 40, 0, 32;
    %store/vec4 v0x556585119fc0_0, 0, 32;
    %pushi/vec4 0, 0, 1;
    %store/vec4 v0x55658511a7b0_0, 0, 1;
    %pushi/vec4 0, 0, 1;
    %store/vec4 v0x55658511a170_0, 0, 1;
    %pushi/vec4 0, 0, 1;
    %store/vec4 v0x55658511a650_0, 0, 1;
    %delay 10000, 0;
    %pushi/vec4 0, 0, 1;
    %store/vec4 v0x55658511a270_0, 0, 1;
    %pushi/vec4 7, 0, 6;
    %store/vec4 v0x55658511a4b0_0, 0, 6;
    %pushi/vec4 20, 0, 16;
    %store/vec4 v0x55658511a340_0, 0, 16;
    %pushi/vec4 40, 0, 32;
    %store/vec4 v0x556585119fc0_0, 0, 32;
    %pushi/vec4 1, 0, 1;
    %store/vec4 v0x55658511a7b0_0, 0, 1;
    %pushi/vec4 0, 0, 1;
    %store/vec4 v0x55658511a170_0, 0, 1;
    %pushi/vec4 0, 0, 1;
    %store/vec4 v0x55658511a650_0, 0, 1;
    %delay 10000, 0;
    %pushi/vec4 1, 0, 1;
    %store/vec4 v0x55658511a270_0, 0, 1;
    %pushi/vec4 7, 0, 6;
    %store/vec4 v0x55658511a4b0_0, 0, 6;
    %pushi/vec4 20, 0, 16;
    %store/vec4 v0x55658511a340_0, 0, 16;
    %pushi/vec4 40, 0, 32;
    %store/vec4 v0x556585119fc0_0, 0, 32;
    %pushi/vec4 1, 0, 1;
    %store/vec4 v0x55658511a7b0_0, 0, 1;
    %pushi/vec4 0, 0, 1;
    %store/vec4 v0x55658511a170_0, 0, 1;
    %pushi/vec4 0, 0, 1;
    %store/vec4 v0x55658511a650_0, 0, 1;
    %delay 10000, 0;
    %pushi/vec4 0, 0, 1;
    %store/vec4 v0x55658511a270_0, 0, 1;
    %pushi/vec4 7, 0, 6;
    %store/vec4 v0x55658511a4b0_0, 0, 6;
    %pushi/vec4 20, 0, 16;
    %store/vec4 v0x55658511a340_0, 0, 16;
    %pushi/vec4 40, 0, 32;
    %store/vec4 v0x556585119fc0_0, 0, 32;
    %pushi/vec4 1, 0, 1;
    %store/vec4 v0x55658511a7b0_0, 0, 1;
    %pushi/vec4 0, 0, 1;
    %store/vec4 v0x55658511a170_0, 0, 1;
    %pushi/vec4 0, 0, 1;
    %store/vec4 v0x55658511a650_0, 0, 1;
    %delay 10000, 0;
    %pushi/vec4 1, 0, 1;
    %store/vec4 v0x55658511a270_0, 0, 1;
    %pushi/vec4 7, 0, 6;
    %store/vec4 v0x55658511a4b0_0, 0, 6;
    %pushi/vec4 20, 0, 16;
    %store/vec4 v0x55658511a340_0, 0, 16;
    %pushi/vec4 40, 0, 32;
    %store/vec4 v0x556585119fc0_0, 0, 32;
    %pushi/vec4 1, 0, 1;
    %store/vec4 v0x55658511a7b0_0, 0, 1;
    %pushi/vec4 0, 0, 1;
    %store/vec4 v0x55658511a170_0, 0, 1;
    %pushi/vec4 0, 0, 1;
    %store/vec4 v0x55658511a650_0, 0, 1;
    %delay 10000, 0;
    %pushi/vec4 0, 0, 1;
    %store/vec4 v0x55658511a270_0, 0, 1;
    %pushi/vec4 8, 0, 6;
    %store/vec4 v0x55658511a4b0_0, 0, 6;
    %pushi/vec4 20, 0, 16;
    %store/vec4 v0x55658511a340_0, 0, 16;
    %pushi/vec4 40, 0, 32;
    %store/vec4 v0x556585119fc0_0, 0, 32;
    %pushi/vec4 0, 0, 1;
    %store/vec4 v0x55658511a7b0_0, 0, 1;
    %pushi/vec4 0, 0, 1;
    %store/vec4 v0x55658511a170_0, 0, 1;
    %pushi/vec4 0, 0, 1;
    %store/vec4 v0x55658511a650_0, 0, 1;
    %delay 10000, 0;
    %pushi/vec4 1, 0, 1;
    %store/vec4 v0x55658511a270_0, 0, 1;
    %pushi/vec4 8, 0, 6;
    %store/vec4 v0x55658511a4b0_0, 0, 6;
    %pushi/vec4 20, 0, 16;
    %store/vec4 v0x55658511a340_0, 0, 16;
    %pushi/vec4 40, 0, 32;
    %store/vec4 v0x556585119fc0_0, 0, 32;
    %pushi/vec4 0, 0, 1;
    %store/vec4 v0x55658511a7b0_0, 0, 1;
    %pushi/vec4 0, 0, 1;
    %store/vec4 v0x55658511a170_0, 0, 1;
    %pushi/vec4 0, 0, 1;
    %store/vec4 v0x55658511a650_0, 0, 1;
    %delay 10000, 0;
    %pushi/vec4 0, 0, 1;
    %store/vec4 v0x55658511a270_0, 0, 1;
    %pushi/vec4 8, 0, 6;
    %store/vec4 v0x55658511a4b0_0, 0, 6;
    %pushi/vec4 20, 0, 16;
    %store/vec4 v0x55658511a340_0, 0, 16;
    %pushi/vec4 40, 0, 32;
    %store/vec4 v0x556585119fc0_0, 0, 32;
    %pushi/vec4 0, 0, 1;
    %store/vec4 v0x55658511a7b0_0, 0, 1;
    %pushi/vec4 0, 0, 1;
    %store/vec4 v0x55658511a170_0, 0, 1;
    %pushi/vec4 0, 0, 1;
    %store/vec4 v0x55658511a650_0, 0, 1;
    %delay 10000, 0;
    %pushi/vec4 1, 0, 1;
    %store/vec4 v0x55658511a270_0, 0, 1;
    %pushi/vec4 8, 0, 6;
    %store/vec4 v0x55658511a4b0_0, 0, 6;
    %pushi/vec4 20, 0, 16;
    %store/vec4 v0x55658511a340_0, 0, 16;
    %pushi/vec4 40, 0, 32;
    %store/vec4 v0x556585119fc0_0, 0, 32;
    %pushi/vec4 0, 0, 1;
    %store/vec4 v0x55658511a7b0_0, 0, 1;
    %pushi/vec4 0, 0, 1;
    %store/vec4 v0x55658511a170_0, 0, 1;
    %pushi/vec4 0, 0, 1;
    %store/vec4 v0x55658511a650_0, 0, 1;
    %delay 10000, 0;
    %pushi/vec4 0, 0, 1;
    %store/vec4 v0x55658511a270_0, 0, 1;
    %pushi/vec4 9, 0, 6;
    %store/vec4 v0x55658511a4b0_0, 0, 6;
    %pushi/vec4 20, 0, 16;
    %store/vec4 v0x55658511a340_0, 0, 16;
    %pushi/vec4 40, 0, 32;
    %store/vec4 v0x556585119fc0_0, 0, 32;
    %pushi/vec4 0, 0, 1;
    %store/vec4 v0x55658511a7b0_0, 0, 1;
    %pushi/vec4 0, 0, 1;
    %store/vec4 v0x55658511a170_0, 0, 1;
    %pushi/vec4 0, 0, 1;
    %store/vec4 v0x55658511a650_0, 0, 1;
    %delay 10000, 0;
    %pushi/vec4 1, 0, 1;
    %store/vec4 v0x55658511a270_0, 0, 1;
    %pushi/vec4 9, 0, 6;
    %store/vec4 v0x55658511a4b0_0, 0, 6;
    %pushi/vec4 20, 0, 16;
    %store/vec4 v0x55658511a340_0, 0, 16;
    %pushi/vec4 40, 0, 32;
    %store/vec4 v0x556585119fc0_0, 0, 32;
    %pushi/vec4 0, 0, 1;
    %store/vec4 v0x55658511a7b0_0, 0, 1;
    %pushi/vec4 0, 0, 1;
    %store/vec4 v0x55658511a170_0, 0, 1;
    %pushi/vec4 0, 0, 1;
    %store/vec4 v0x55658511a650_0, 0, 1;
    %delay 10000, 0;
    %pushi/vec4 0, 0, 1;
    %store/vec4 v0x55658511a270_0, 0, 1;
    %pushi/vec4 9, 0, 6;
    %store/vec4 v0x55658511a4b0_0, 0, 6;
    %pushi/vec4 20, 0, 16;
    %store/vec4 v0x55658511a340_0, 0, 16;
    %pushi/vec4 40, 0, 32;
    %store/vec4 v0x556585119fc0_0, 0, 32;
    %pushi/vec4 0, 0, 1;
    %store/vec4 v0x55658511a7b0_0, 0, 1;
    %pushi/vec4 0, 0, 1;
    %store/vec4 v0x55658511a170_0, 0, 1;
    %pushi/vec4 0, 0, 1;
    %store/vec4 v0x55658511a650_0, 0, 1;
    %delay 10000, 0;
    %pushi/vec4 1, 0, 1;
    %store/vec4 v0x55658511a270_0, 0, 1;
    %pushi/vec4 9, 0, 6;
    %store/vec4 v0x55658511a4b0_0, 0, 6;
    %pushi/vec4 20, 0, 16;
    %store/vec4 v0x55658511a340_0, 0, 16;
    %pushi/vec4 40, 0, 32;
    %store/vec4 v0x556585119fc0_0, 0, 32;
    %pushi/vec4 0, 0, 1;
    %store/vec4 v0x55658511a7b0_0, 0, 1;
    %pushi/vec4 0, 0, 1;
    %store/vec4 v0x55658511a170_0, 0, 1;
    %pushi/vec4 0, 0, 1;
    %store/vec4 v0x55658511a650_0, 0, 1;
    %delay 10000, 0;
    %pushi/vec4 0, 0, 1;
    %store/vec4 v0x55658511a270_0, 0, 1;
    %pushi/vec4 10, 0, 6;
    %store/vec4 v0x55658511a4b0_0, 0, 6;
    %pushi/vec4 20, 0, 16;
    %store/vec4 v0x55658511a340_0, 0, 16;
    %pushi/vec4 40, 0, 32;
    %store/vec4 v0x556585119fc0_0, 0, 32;
    %pushi/vec4 1, 0, 1;
    %store/vec4 v0x55658511a7b0_0, 0, 1;
    %pushi/vec4 0, 0, 1;
    %store/vec4 v0x55658511a170_0, 0, 1;
    %pushi/vec4 0, 0, 1;
    %store/vec4 v0x55658511a650_0, 0, 1;
    %delay 10000, 0;
    %pushi/vec4 1, 0, 1;
    %store/vec4 v0x55658511a270_0, 0, 1;
    %pushi/vec4 10, 0, 6;
    %store/vec4 v0x55658511a4b0_0, 0, 6;
    %pushi/vec4 20, 0, 16;
    %store/vec4 v0x55658511a340_0, 0, 16;
    %pushi/vec4 40, 0, 32;
    %store/vec4 v0x556585119fc0_0, 0, 32;
    %pushi/vec4 1, 0, 1;
    %store/vec4 v0x55658511a7b0_0, 0, 1;
    %pushi/vec4 0, 0, 1;
    %store/vec4 v0x55658511a170_0, 0, 1;
    %pushi/vec4 0, 0, 1;
    %store/vec4 v0x55658511a650_0, 0, 1;
    %delay 10000, 0;
    %pushi/vec4 0, 0, 1;
    %store/vec4 v0x55658511a270_0, 0, 1;
    %pushi/vec4 10, 0, 6;
    %store/vec4 v0x55658511a4b0_0, 0, 6;
    %pushi/vec4 20, 0, 16;
    %store/vec4 v0x55658511a340_0, 0, 16;
    %pushi/vec4 40, 0, 32;
    %store/vec4 v0x556585119fc0_0, 0, 32;
    %pushi/vec4 1, 0, 1;
    %store/vec4 v0x55658511a7b0_0, 0, 1;
    %pushi/vec4 0, 0, 1;
    %store/vec4 v0x55658511a170_0, 0, 1;
    %pushi/vec4 0, 0, 1;
    %store/vec4 v0x55658511a650_0, 0, 1;
    %delay 10000, 0;
    %pushi/vec4 1, 0, 1;
    %store/vec4 v0x55658511a270_0, 0, 1;
    %pushi/vec4 10, 0, 6;
    %store/vec4 v0x55658511a4b0_0, 0, 6;
    %pushi/vec4 20, 0, 16;
    %store/vec4 v0x55658511a340_0, 0, 16;
    %pushi/vec4 40, 0, 32;
    %store/vec4 v0x556585119fc0_0, 0, 32;
    %pushi/vec4 1, 0, 1;
    %store/vec4 v0x55658511a7b0_0, 0, 1;
    %pushi/vec4 0, 0, 1;
    %store/vec4 v0x55658511a170_0, 0, 1;
    %pushi/vec4 0, 0, 1;
    %store/vec4 v0x55658511a650_0, 0, 1;
    %delay 10000, 0;
    %pushi/vec4 0, 0, 1;
    %store/vec4 v0x55658511a270_0, 0, 1;
    %pushi/vec4 11, 0, 6;
    %store/vec4 v0x55658511a4b0_0, 0, 6;
    %pushi/vec4 20, 0, 16;
    %store/vec4 v0x55658511a340_0, 0, 16;
    %pushi/vec4 40, 0, 32;
    %store/vec4 v0x556585119fc0_0, 0, 32;
    %pushi/vec4 0, 0, 1;
    %store/vec4 v0x55658511a7b0_0, 0, 1;
    %pushi/vec4 1, 0, 1;
    %store/vec4 v0x55658511a170_0, 0, 1;
    %pushi/vec4 0, 0, 1;
    %store/vec4 v0x55658511a650_0, 0, 1;
    %delay 10000, 0;
    %pushi/vec4 1, 0, 1;
    %store/vec4 v0x55658511a270_0, 0, 1;
    %pushi/vec4 11, 0, 6;
    %store/vec4 v0x55658511a4b0_0, 0, 6;
    %pushi/vec4 20, 0, 16;
    %store/vec4 v0x55658511a340_0, 0, 16;
    %pushi/vec4 40, 0, 32;
    %store/vec4 v0x556585119fc0_0, 0, 32;
    %pushi/vec4 0, 0, 1;
    %store/vec4 v0x55658511a7b0_0, 0, 1;
    %pushi/vec4 1, 0, 1;
    %store/vec4 v0x55658511a170_0, 0, 1;
    %pushi/vec4 0, 0, 1;
    %store/vec4 v0x55658511a650_0, 0, 1;
    %delay 10000, 0;
    %pushi/vec4 0, 0, 1;
    %store/vec4 v0x55658511a270_0, 0, 1;
    %pushi/vec4 11, 0, 6;
    %store/vec4 v0x55658511a4b0_0, 0, 6;
    %pushi/vec4 20, 0, 16;
    %store/vec4 v0x55658511a340_0, 0, 16;
    %pushi/vec4 40, 0, 32;
    %store/vec4 v0x556585119fc0_0, 0, 32;
    %pushi/vec4 0, 0, 1;
    %store/vec4 v0x55658511a7b0_0, 0, 1;
    %pushi/vec4 1, 0, 1;
    %store/vec4 v0x55658511a170_0, 0, 1;
    %pushi/vec4 0, 0, 1;
    %store/vec4 v0x55658511a650_0, 0, 1;
    %delay 10000, 0;
    %pushi/vec4 1, 0, 1;
    %store/vec4 v0x55658511a270_0, 0, 1;
    %pushi/vec4 11, 0, 6;
    %store/vec4 v0x55658511a4b0_0, 0, 6;
    %pushi/vec4 20, 0, 16;
    %store/vec4 v0x55658511a340_0, 0, 16;
    %pushi/vec4 40, 0, 32;
    %store/vec4 v0x556585119fc0_0, 0, 32;
    %pushi/vec4 0, 0, 1;
    %store/vec4 v0x55658511a7b0_0, 0, 1;
    %pushi/vec4 1, 0, 1;
    %store/vec4 v0x55658511a170_0, 0, 1;
    %pushi/vec4 0, 0, 1;
    %store/vec4 v0x55658511a650_0, 0, 1;
    %delay 10000, 0;
    %pushi/vec4 0, 0, 1;
    %store/vec4 v0x55658511a270_0, 0, 1;
    %pushi/vec4 12, 0, 6;
    %store/vec4 v0x55658511a4b0_0, 0, 6;
    %pushi/vec4 20, 0, 16;
    %store/vec4 v0x55658511a340_0, 0, 16;
    %pushi/vec4 40, 0, 32;
    %store/vec4 v0x556585119fc0_0, 0, 32;
    %pushi/vec4 0, 0, 1;
    %store/vec4 v0x55658511a7b0_0, 0, 1;
    %pushi/vec4 0, 0, 1;
    %store/vec4 v0x55658511a170_0, 0, 1;
    %pushi/vec4 0, 0, 1;
    %store/vec4 v0x55658511a650_0, 0, 1;
    %delay 10000, 0;
    %pushi/vec4 1, 0, 1;
    %store/vec4 v0x55658511a270_0, 0, 1;
    %pushi/vec4 12, 0, 6;
    %store/vec4 v0x55658511a4b0_0, 0, 6;
    %pushi/vec4 20, 0, 16;
    %store/vec4 v0x55658511a340_0, 0, 16;
    %pushi/vec4 40, 0, 32;
    %store/vec4 v0x556585119fc0_0, 0, 32;
    %pushi/vec4 0, 0, 1;
    %store/vec4 v0x55658511a7b0_0, 0, 1;
    %pushi/vec4 0, 0, 1;
    %store/vec4 v0x55658511a170_0, 0, 1;
    %pushi/vec4 0, 0, 1;
    %store/vec4 v0x55658511a650_0, 0, 1;
    %delay 10000, 0;
    %pushi/vec4 0, 0, 1;
    %store/vec4 v0x55658511a270_0, 0, 1;
    %pushi/vec4 12, 0, 6;
    %store/vec4 v0x55658511a4b0_0, 0, 6;
    %pushi/vec4 20, 0, 16;
    %store/vec4 v0x55658511a340_0, 0, 16;
    %pushi/vec4 40, 0, 32;
    %store/vec4 v0x556585119fc0_0, 0, 32;
    %pushi/vec4 0, 0, 1;
    %store/vec4 v0x55658511a7b0_0, 0, 1;
    %pushi/vec4 0, 0, 1;
    %store/vec4 v0x55658511a170_0, 0, 1;
    %pushi/vec4 0, 0, 1;
    %store/vec4 v0x55658511a650_0, 0, 1;
    %delay 10000, 0;
    %pushi/vec4 1, 0, 1;
    %store/vec4 v0x55658511a270_0, 0, 1;
    %pushi/vec4 12, 0, 6;
    %store/vec4 v0x55658511a4b0_0, 0, 6;
    %pushi/vec4 20, 0, 16;
    %store/vec4 v0x55658511a340_0, 0, 16;
    %pushi/vec4 40, 0, 32;
    %store/vec4 v0x556585119fc0_0, 0, 32;
    %pushi/vec4 0, 0, 1;
    %store/vec4 v0x55658511a7b0_0, 0, 1;
    %pushi/vec4 0, 0, 1;
    %store/vec4 v0x55658511a170_0, 0, 1;
    %pushi/vec4 0, 0, 1;
    %store/vec4 v0x55658511a650_0, 0, 1;
    %end;
    .thread T_1;
# The file index is used to find the file name in the following table.
:file_names 4;
    "N/A";
    "<interactive>";
    "branchLogic_tb.v";
    "branchLogic.v";
