#! /usr/bin/vvp
:ivl_version "11.0 (stable)";
:ivl_delay_selection "TYPICAL";
:vpi_time_precision - 12;
:vpi_module "/usr/lib/x86_64-linux-gnu/ivl/system.vpi";
:vpi_module "/usr/lib/x86_64-linux-gnu/ivl/vhdl_sys.vpi";
:vpi_module "/usr/lib/x86_64-linux-gnu/ivl/vhdl_textio.vpi";
:vpi_module "/usr/lib/x86_64-linux-gnu/ivl/v2005_math.vpi";
:vpi_module "/usr/lib/x86_64-linux-gnu/ivl/va_math.vpi";
S_0x55d3c722cac0 .scope module, "BranchCheckTest" "BranchCheckTest" 2 25;
 .timescale -9 -12;
v0x55d3c723f540_0 .net "BrFlag", 0 0, L_0x55d3c723f7e0;  1 drivers
v0x55d3c723f610_0 .var "BrSel", 1 0;
v0x55d3c723f6e0_0 .var "X", 31 0;
S_0x55d3c722cc50 .scope module, "uut" "BranchCheck" 2 35, 3 21 0, S_0x55d3c722cac0;
 .timescale -9 -12;
    .port_info 0 /INPUT 32 "X";
    .port_info 1 /INPUT 2 "BrSel";
    .port_info 2 /OUTPUT 1 "BrFlag";
L_0x55d3c723f7e0 .functor BUFZ 1, v0x55d3c723f400_0, C4<0>, C4<0>, C4<0>;
v0x55d3c71f2f20_0 .net "BrFlag", 0 0, L_0x55d3c723f7e0;  alias, 1 drivers
v0x55d3c723f260_0 .net "BrSel", 1 0, v0x55d3c723f610_0;  1 drivers
v0x55d3c723f340_0 .net "X", 31 0, v0x55d3c723f6e0_0;  1 drivers
v0x55d3c723f400_0 .var "brFlag1", 0 0;
E_0x55d3c71f15d0 .event edge, v0x55d3c723f260_0, v0x55d3c723f340_0;
    .scope S_0x55d3c722cc50;
T_0 ;
    %wait E_0x55d3c71f15d0;
    %load/vec4 v0x55d3c723f260_0;
    %cmpi/e 0, 0, 2;
    %jmp/0xz  T_0.0, 4;
    %load/vec4 v0x55d3c723f340_0;
    %cmpi/u 0, 0, 32;
    %jmp/0xz  T_0.2, 5;
    %pushi/vec4 1, 0, 1;
    %cassign/vec4 v0x55d3c723f400_0;
    %jmp T_0.3;
T_0.2 ;
    %pushi/vec4 0, 0, 1;
    %cassign/vec4 v0x55d3c723f400_0;
T_0.3 ;
T_0.0 ;
    %load/vec4 v0x55d3c723f260_0;
    %cmpi/e 1, 0, 2;
    %jmp/0xz  T_0.4, 4;
    %load/vec4 v0x55d3c723f340_0;
    %cmpi/ne 0, 0, 32;
    %jmp/0xz  T_0.6, 4;
    %pushi/vec4 1, 0, 1;
    %cassign/vec4 v0x55d3c723f400_0;
    %jmp T_0.7;
T_0.6 ;
    %pushi/vec4 0, 0, 1;
    %cassign/vec4 v0x55d3c723f400_0;
T_0.7 ;
T_0.4 ;
    %load/vec4 v0x55d3c723f260_0;
    %cmpi/e 2, 0, 2;
    %jmp/0xz  T_0.8, 4;
    %load/vec4 v0x55d3c723f340_0;
    %cmpi/e 0, 0, 32;
    %jmp/0xz  T_0.10, 4;
    %pushi/vec4 1, 0, 1;
    %cassign/vec4 v0x55d3c723f400_0;
    %jmp T_0.11;
T_0.10 ;
    %pushi/vec4 0, 0, 1;
    %cassign/vec4 v0x55d3c723f400_0;
T_0.11 ;
T_0.8 ;
    %jmp T_0;
    .thread T_0, $push;
    .scope S_0x55d3c722cac0;
T_1 ;
    %pushi/vec4 0, 0, 32;
    %store/vec4 v0x55d3c723f6e0_0, 0, 32;
    %pushi/vec4 0, 0, 2;
    %store/vec4 v0x55d3c723f610_0, 0, 2;
    %delay 100000, 0;
    %end;
    .thread T_1;
    .scope S_0x55d3c722cac0;
T_2 ;
    %pushi/vec4 0, 0, 32;
    %store/vec4 v0x55d3c723f6e0_0, 0, 32;
    %pushi/vec4 0, 0, 2;
    %store/vec4 v0x55d3c723f610_0, 0, 2;
    %delay 10000, 0;
    %pushi/vec4 1, 0, 32;
    %store/vec4 v0x55d3c723f6e0_0, 0, 32;
    %pushi/vec4 1, 0, 2;
    %store/vec4 v0x55d3c723f610_0, 0, 2;
    %delay 10000, 0;
    %pushi/vec4 0, 0, 32;
    %store/vec4 v0x55d3c723f6e0_0, 0, 32;
    %pushi/vec4 2, 0, 2;
    %store/vec4 v0x55d3c723f610_0, 0, 2;
    %end;
    .thread T_2;
# The file index is used to find the file name in the following table.
:file_names 4;
    "N/A";
    "<interactive>";
    "BranchCheckTest.v";
    "BranchCheck.v";
