Command line:
   carry_look_ahead_4bit_tb_isim_beh.exe
     -simmode  gui
     -simrunnum  0
     -socket  35821

Thu Aug 26 20:05:40 2021


 Elaboration Time: 0.03 sec

 Current Memory Usage: 194.048 Meg

 Total Signals          : 23
 Total Nets             : 40
 Total Signal Drivers   : 17
 Total Blocks           : 3
 Total Primitive Blocks : 2
 Total Processes        : 19
 Total Traceable Variables  : 21
 Total Scalar Nets and Variables : 129
Total Line Count : 41

 Total Simulation Time: 0.03 sec

 Current Memory Usage: 269.55 Meg

Thu Aug 26 20:05:56 2021

