#! /usr/bin/vvp
:ivl_version "11.0 (stable)";
:ivl_delay_selection "TYPICAL";
:vpi_time_precision - 12;
:vpi_module "/usr/lib/x86_64-linux-gnu/ivl/system.vpi";
:vpi_module "/usr/lib/x86_64-linux-gnu/ivl/vhdl_sys.vpi";
:vpi_module "/usr/lib/x86_64-linux-gnu/ivl/vhdl_textio.vpi";
:vpi_module "/usr/lib/x86_64-linux-gnu/ivl/v2005_math.vpi";
:vpi_module "/usr/lib/x86_64-linux-gnu/ivl/va_math.vpi";
S_0x5582d16dbec0 .scope module, "Mult_three_fsm_tb" "Mult_three_fsm_tb" 2 25;
 .timescale -9 -12;
v0x5582d16f21e0_0 .var "clk", 0 0;
v0x5582d16f22a0_0 .net "div", 0 0, L_0x5582d1702700;  1 drivers
v0x5582d16f2370_0 .var "in", 0 0;
v0x5582d16f2470_0 .var "rst", 0 0;
S_0x5582d16dc050 .scope module, "uut" "Mult_three_fsm" 2 36, 3 21 0, S_0x5582d16dbec0;
 .timescale -9 -12;
    .port_info 0 /INPUT 1 "clk";
    .port_info 1 /INPUT 1 "in";
    .port_info 2 /INPUT 1 "rst";
    .port_info 3 /OUTPUT 1 "div";
v0x5582d16a1cf0_0 .net *"_ivl_0", 31 0, L_0x5582d16f2540;  1 drivers
L_0x7f9b1d5eb018 .functor BUFT 1, C4<000000000000000000000000000000>, C4<0>, C4<0>, C4<0>;
v0x5582d16f1b60_0 .net *"_ivl_3", 29 0, L_0x7f9b1d5eb018;  1 drivers
L_0x7f9b1d5eb060 .functor BUFT 1, C4<00000000000000000000000000000000>, C4<0>, C4<0>, C4<0>;
v0x5582d16f1c40_0 .net/2u *"_ivl_4", 31 0, L_0x7f9b1d5eb060;  1 drivers
v0x5582d16f1d30_0 .net "clk", 0 0, v0x5582d16f21e0_0;  1 drivers
v0x5582d16f1df0_0 .net "div", 0 0, L_0x5582d1702700;  alias, 1 drivers
v0x5582d16f1f00_0 .net "in", 0 0, v0x5582d16f2370_0;  1 drivers
v0x5582d16f1fc0_0 .net "rst", 0 0, v0x5582d16f2470_0;  1 drivers
v0x5582d16f2080_0 .var "state", 1 0;
E_0x5582d16a25c0 .event posedge, v0x5582d16f1fc0_0, v0x5582d16f1d30_0;
L_0x5582d16f2540 .concat [ 2 30 0 0], v0x5582d16f2080_0, L_0x7f9b1d5eb018;
L_0x5582d1702700 .cmp/eq 32, L_0x5582d16f2540, L_0x7f9b1d5eb060;
    .scope S_0x5582d16dc050;
T_0 ;
    %wait E_0x5582d16a25c0;
    %load/vec4 v0x5582d16f1fc0_0;
    %flag_set/vec4 8;
    %jmp/0xz  T_0.0, 8;
    %pushi/vec4 0, 0, 2;
    %assign/vec4 v0x5582d16f2080_0, 0;
    %jmp T_0.1;
T_0.0 ;
    %load/vec4 v0x5582d16f2080_0;
    %dup/vec4;
    %pushi/vec4 0, 0, 2;
    %cmp/u;
    %jmp/1 T_0.2, 6;
    %dup/vec4;
    %pushi/vec4 1, 0, 2;
    %cmp/u;
    %jmp/1 T_0.3, 6;
    %dup/vec4;
    %pushi/vec4 2, 0, 2;
    %cmp/u;
    %jmp/1 T_0.4, 6;
    %jmp T_0.5;
T_0.2 ;
    %load/vec4 v0x5582d16f1f00_0;
    %flag_set/vec4 8;
    %jmp/0 T_0.6, 8;
    %pushi/vec4 1, 0, 2;
    %jmp/1 T_0.7, 8;
T_0.6 ; End of true expr.
    %pushi/vec4 0, 0, 2;
    %jmp/0 T_0.7, 8;
 ; End of false expr.
    %blend;
T_0.7;
    %assign/vec4 v0x5582d16f2080_0, 0;
    %jmp T_0.5;
T_0.3 ;
    %load/vec4 v0x5582d16f1f00_0;
    %flag_set/vec4 8;
    %jmp/0 T_0.8, 8;
    %pushi/vec4 0, 0, 3;
    %jmp/1 T_0.9, 8;
T_0.8 ; End of true expr.
    %pushi/vec4 2, 0, 3;
    %jmp/0 T_0.9, 8;
 ; End of false expr.
    %blend;
T_0.9;
    %pad/s 2;
    %assign/vec4 v0x5582d16f2080_0, 0;
    %jmp T_0.5;
T_0.4 ;
    %load/vec4 v0x5582d16f1f00_0;
    %flag_set/vec4 8;
    %jmp/0 T_0.10, 8;
    %pushi/vec4 2, 0, 3;
    %jmp/1 T_0.11, 8;
T_0.10 ; End of true expr.
    %pushi/vec4 0, 0, 3;
    %jmp/0 T_0.11, 8;
 ; End of false expr.
    %blend;
T_0.11;
    %pad/s 2;
    %assign/vec4 v0x5582d16f2080_0, 0;
    %jmp T_0.5;
T_0.5 ;
    %pop/vec4 1;
T_0.1 ;
    %jmp T_0;
    .thread T_0;
    .scope S_0x5582d16dbec0;
T_1 ;
    %pushi/vec4 0, 0, 1;
    %store/vec4 v0x5582d16f21e0_0, 0, 1;
    %pushi/vec4 0, 0, 1;
    %store/vec4 v0x5582d16f2370_0, 0, 1;
    %pushi/vec4 1, 0, 1;
    %store/vec4 v0x5582d16f2470_0, 0, 1;
    %delay 100000, 0;
    %vpi_call 2 53 "$monitor", $time, "\011clk = %d \011rst = %d \011in = %d \011div=%d", v0x5582d16f21e0_0, v0x5582d16f2470_0, v0x5582d16f2370_0, v0x5582d16f22a0_0 {0 0 0};
    %delay 11000, 0;
    %pushi/vec4 0, 0, 1;
    %store/vec4 v0x5582d16f2470_0, 0, 1;
    %pushi/vec4 1, 0, 1;
    %store/vec4 v0x5582d16f2370_0, 0, 1;
    %delay 10000, 0;
    %pushi/vec4 1, 0, 1;
    %store/vec4 v0x5582d16f2370_0, 0, 1;
    %delay 10000, 0;
    %pushi/vec4 0, 0, 1;
    %store/vec4 v0x5582d16f2370_0, 0, 1;
    %delay 10000, 0;
    %pushi/vec4 1, 0, 1;
    %store/vec4 v0x5582d16f2370_0, 0, 1;
    %delay 10000, 0;
    %pushi/vec4 0, 0, 1;
    %store/vec4 v0x5582d16f2370_0, 0, 1;
    %delay 10000, 0;
    %pushi/vec4 0, 0, 1;
    %store/vec4 v0x5582d16f2370_0, 0, 1;
    %delay 10000, 0;
    %pushi/vec4 1, 0, 1;
    %store/vec4 v0x5582d16f2370_0, 0, 1;
    %delay 10000, 0;
    %pushi/vec4 1, 0, 1;
    %store/vec4 v0x5582d16f2370_0, 0, 1;
    %delay 10000, 0;
    %pushi/vec4 0, 0, 1;
    %store/vec4 v0x5582d16f2370_0, 0, 1;
    %delay 5000, 0;
    %vpi_call 2 69 "$finish" {0 0 0};
    %end;
    .thread T_1;
    .scope S_0x5582d16dbec0;
T_2 ;
    %delay 5000, 0;
    %load/vec4 v0x5582d16f21e0_0;
    %nor/r;
    %store/vec4 v0x5582d16f21e0_0, 0, 1;
    %jmp T_2;
    .thread T_2;
# The file index is used to find the file name in the following table.
:file_names 4;
    "N/A";
    "<interactive>";
    "trial_tb.v";
    "trial.v";
