Command line:
   half_adder_tb_isim_beh.exe
     -simmode  gui
     -simrunnum  0
     -socket  46163

Thu Aug 26 20:11:10 2021


 Elaboration Time: 0.01 sec

 Current Memory Usage: 194.044 Meg

 Total Signals          : 19
 Total Nets             : 17
 Total Signal Drivers   : 9
 Total Blocks           : 3
 Total Primitive Blocks : 2
 Total Processes        : 11
 Total Traceable Variables  : 20
 Total Scalar Nets and Variables : 99
Total Line Count : 30

 Total Simulation Time: 0.01 sec

 Current Memory Usage: 269.545 Meg

Thu Aug 26 20:11:20 2021

