#! /usr/bin/vvp
:ivl_version "10.3 (stable)";
:ivl_delay_selection "TYPICAL";
:vpi_time_precision - 12;
:vpi_module "system";
:vpi_module "vhdl_sys";
:vpi_module "v2005_math";
:vpi_module "va_math";
S_0x55f4b86e8320 .scope module, "programCounter_tb" "programCounter_tb" 2 11;
 .timescale -9 -12;
v0x55f4b86fee90_0 .var "branch", 0 0;
v0x55f4b86fef50_0 .var "clk", 0 0;
v0x55f4b86ff020_0 .var "offset", 15 0;
v0x55f4b86ff0f0_0 .net "out", 31 0, v0x55f4b86fe3f0_0;  1 drivers
v0x55f4b86ff190_0 .var "rst", 0 0;
S_0x55f4b86e84a0 .scope module, "UUT" "programCounter" 2 21, 3 11 0, S_0x55f4b86e8320;
 .timescale -9 -12;
    .port_info 0 /INPUT 1 "branch"
    .port_info 1 /INPUT 16 "offset"
    .port_info 2 /INPUT 1 "clk"
    .port_info 3 /INPUT 1 "reset"
    .port_info 4 /OUTPUT 32 "PC"
v0x55f4b86fe3f0_0 .var "PC", 31 0;
v0x55f4b86fe4d0_0 .net "PC_branch", 31 0, L_0x55f4b870f9f0;  1 drivers
v0x55f4b86fe5b0_0 .net "PC_next", 31 0, L_0x55f4b870fae0;  1 drivers
v0x55f4b86fe670_0 .net "PC_no_banch", 31 0, L_0x55f4b870f7c0;  1 drivers
L_0x7fded4bfb018 .functor BUFT 1, C4<00000000000000000000000000000001>, C4<0>, C4<0>, C4<0>;
v0x55f4b86fe750_0 .net/2u *"_s0", 31 0, L_0x7fded4bfb018;  1 drivers
L_0x7fded4bfb060 .functor BUFT 1, C4<00000000000000000000000000000001>, C4<0>, C4<0>, C4<0>;
v0x55f4b86fe880_0 .net/2u *"_s4", 31 0, L_0x7fded4bfb060;  1 drivers
v0x55f4b86fe960_0 .net *"_s6", 31 0, L_0x55f4b870f900;  1 drivers
v0x55f4b86fea40_0 .net "branch", 0 0, v0x55f4b86fee90_0;  1 drivers
v0x55f4b86feb00_0 .net "clk", 0 0, v0x55f4b86fef50_0;  1 drivers
v0x55f4b86febc0_0 .net "jump", 31 0, L_0x55f4b86ff710;  1 drivers
v0x55f4b86fec80_0 .net "offset", 15 0, v0x55f4b86ff020_0;  1 drivers
v0x55f4b86fed20_0 .net "reset", 0 0, v0x55f4b86ff190_0;  1 drivers
E_0x55f4b86e68e0 .event posedge, v0x55f4b86fed20_0, v0x55f4b86feb00_0;
L_0x55f4b870f7c0 .arith/sum 32, v0x55f4b86fe3f0_0, L_0x7fded4bfb018;
L_0x55f4b870f900 .arith/sum 32, v0x55f4b86fe3f0_0, L_0x7fded4bfb060;
L_0x55f4b870f9f0 .arith/sum 32, L_0x55f4b870f900, L_0x55f4b86ff710;
L_0x55f4b870fae0 .functor MUXZ 32, L_0x55f4b870f7c0, L_0x55f4b870f9f0, v0x55f4b86fee90_0, C4<>;
S_0x55f4b86af050 .scope module, "uut" "signExtend16to32" 3 24, 4 11 0, S_0x55f4b86e84a0;
 .timescale -9 -12;
    .port_info 0 /INPUT 16 "inp"
    .port_info 1 /OUTPUT 32 "out"
v0x55f4b86af220_0 .net *"_s1", 0 0, L_0x55f4b86ff280;  1 drivers
v0x55f4b86fe110_0 .net *"_s2", 15 0, L_0x55f4b86ff350;  1 drivers
v0x55f4b86fe1f0_0 .net "inp", 15 0, v0x55f4b86ff020_0;  alias, 1 drivers
v0x55f4b86fe2b0_0 .net "out", 31 0, L_0x55f4b86ff710;  alias, 1 drivers
L_0x55f4b86ff280 .part v0x55f4b86ff020_0, 15, 1;
LS_0x55f4b86ff350_0_0 .concat [ 1 1 1 1], L_0x55f4b86ff280, L_0x55f4b86ff280, L_0x55f4b86ff280, L_0x55f4b86ff280;
LS_0x55f4b86ff350_0_4 .concat [ 1 1 1 1], L_0x55f4b86ff280, L_0x55f4b86ff280, L_0x55f4b86ff280, L_0x55f4b86ff280;
LS_0x55f4b86ff350_0_8 .concat [ 1 1 1 1], L_0x55f4b86ff280, L_0x55f4b86ff280, L_0x55f4b86ff280, L_0x55f4b86ff280;
LS_0x55f4b86ff350_0_12 .concat [ 1 1 1 1], L_0x55f4b86ff280, L_0x55f4b86ff280, L_0x55f4b86ff280, L_0x55f4b86ff280;
L_0x55f4b86ff350 .concat [ 4 4 4 4], LS_0x55f4b86ff350_0_0, LS_0x55f4b86ff350_0_4, LS_0x55f4b86ff350_0_8, LS_0x55f4b86ff350_0_12;
L_0x55f4b86ff710 .concat [ 16 16 0 0], v0x55f4b86ff020_0, L_0x55f4b86ff350;
    .scope S_0x55f4b86e84a0;
T_0 ;
    %wait E_0x55f4b86e68e0;
    %load/vec4 v0x55f4b86fed20_0;
    %flag_set/vec4 8;
    %jmp/0xz  T_0.0, 8;
    %pushi/vec4 0, 0, 32;
    %assign/vec4 v0x55f4b86fe3f0_0, 0;
    %jmp T_0.1;
T_0.0 ;
    %load/vec4 v0x55f4b86fe5b0_0;
    %assign/vec4 v0x55f4b86fe3f0_0, 0;
T_0.1 ;
    %jmp T_0;
    .thread T_0;
    .scope S_0x55f4b86e8320;
T_1 ;
    %pushi/vec4 34952, 0, 16;
    %store/vec4 v0x55f4b86ff020_0, 0, 16;
    %pushi/vec4 0, 0, 1;
    %store/vec4 v0x55f4b86fef50_0, 0, 1;
    %pushi/vec4 0, 0, 1;
    %store/vec4 v0x55f4b86ff190_0, 0, 1;
    %delay 10000, 0;
    %pushi/vec4 1, 0, 1;
    %store/vec4 v0x55f4b86ff190_0, 0, 1;
    %delay 10000, 0;
    %pushi/vec4 0, 0, 1;
    %store/vec4 v0x55f4b86ff190_0, 0, 1;
    %delay 10000, 0;
    %pushi/vec4 1, 0, 1;
    %store/vec4 v0x55f4b86fee90_0, 0, 1;
    %delay 1000, 0;
    %vpi_call 2 33 "$display", "branch:%d, offset:%b,clock:%d, reset:%d, out = %b", v0x55f4b86fee90_0, v0x55f4b86ff020_0, v0x55f4b86fef50_0, v0x55f4b86ff190_0, v0x55f4b86ff0f0_0 {0 0 0};
    %delay 10000, 0;
    %pushi/vec4 0, 0, 1;
    %store/vec4 v0x55f4b86fee90_0, 0, 1;
    %delay 1000, 0;
    %vpi_call 2 38 "$display", "branch:%d, offset:%b,clock:%d, reset:%d, out = %b", v0x55f4b86fee90_0, v0x55f4b86ff020_0, v0x55f4b86fef50_0, v0x55f4b86ff190_0, v0x55f4b86ff0f0_0 {0 0 0};
    %end;
    .thread T_1;
# The file index is used to find the file name in the following table.
:file_names 5;
    "N/A";
    "<interactive>";
    "programCounter_tb.v";
    "programCounter.v";
    "signExtend16to32.v";
