Release 14.7 - xst P.20131013 (lin64)
Copyright (c) 1995-2013 Xilinx, Inc.  All rights reserved.
--> 
Parameter TMPDIR set to xst/projnav.tmp


Total REAL time to Xst completion: 0.00 secs
Total CPU time to Xst completion: 0.03 secs
 
--> 
Parameter xsthdpdir set to xst


Total REAL time to Xst completion: 0.00 secs
Total CPU time to Xst completion: 0.03 secs
 
--> 
Reading design: rca_16bit.prj

TABLE OF CONTENTS
  1) Synthesis Options Summary
  2) HDL Parsing
  3) HDL Elaboration
  4) HDL Synthesis
       4.1) HDL Synthesis Report
  5) Advanced HDL Synthesis
       5.1) Advanced HDL Synthesis Report
  6) Low Level Synthesis
  7) Partition Report
  8) Design Summary
       8.1) Primitive and Black Box Usage
       8.2) Device utilization summary
       8.3) Partition Resource Summary
       8.4) Timing Report
            8.4.1) Clock Information
            8.4.2) Asynchronous Control Signals Information
            8.4.3) Timing Summary
            8.4.4) Timing Details
            8.4.5) Cross Clock Domains Report


=========================================================================
*                      Synthesis Options Summary                        *
=========================================================================
---- Source Parameters
Input File Name                    : "rca_16bit.prj"
Ignore Synthesis Constraint File   : NO

---- Target Parameters
Output File Name                   : "rca_16bit"
Output Format                      : NGC
Target Device                      : xc7a100t-1-csg324

---- Source Options
Top Module Name                    : rca_16bit
Automatic FSM Extraction           : YES
FSM Encoding Algorithm             : Auto
Safe Implementation                : No
FSM Style                          : LUT
RAM Extraction                     : Yes
RAM Style                          : Auto
ROM Extraction                     : Yes
Shift Register Extraction          : YES
ROM Style                          : Auto
Resource Sharing                   : YES
Asynchronous To Synchronous        : NO
Shift Register Minimum Size        : 2
Use DSP Block                      : Auto
Automatic Register Balancing       : No

---- Target Options
LUT Combining                      : Auto
Reduce Control Sets                : Auto
Add IO Buffers                     : YES
Global Maximum Fanout              : 100000
Add Generic Clock Buffer(BUFG)     : 32
Register Duplication               : YES
Optimize Instantiated Primitives   : NO
Use Clock Enable                   : Auto
Use Synchronous Set                : Auto
Use Synchronous Reset              : Auto
Pack IO Registers into IOBs        : Auto
Equivalent register Removal        : YES

---- General Options
Optimization Goal                  : Speed
Optimization Effort                : 1
Power Reduction                    : NO
Keep Hierarchy                     : Yes
Netlist Hierarchy                  : As_Optimized
RTL Output                         : Yes
Global Optimization                : AllClockNets
Read Cores                         : YES
Write Timing Constraints           : NO
Cross Clock Analysis               : NO
Hierarchy Separator                : /
Bus Delimiter                      : <>
Case Specifier                     : Maintain
Slice Utilization Ratio            : 100
BRAM Utilization Ratio             : 100
DSP48 Utilization Ratio            : 100
Auto BRAM Packing                  : NO
Slice Utilization Ratio Delta      : 5

=========================================================================


=========================================================================
*                          HDL Parsing                                  *
=========================================================================
Analyzing Verilog file "/home/suhas/Desktop/Semester-5/COA/COAA-Lab-Sem-5/Assignment-1/Xilinx/Part-1/full_adder.v" into library work
Parsing module <full_adder>.
Analyzing Verilog file "/home/suhas/Desktop/Semester-5/COA/COAA-Lab-Sem-5/Assignment-1/Xilinx/Part-1/rca_8bit.v" into library work
Parsing module <rca_8bit>.
Analyzing Verilog file "/home/suhas/Desktop/Semester-5/COA/COAA-Lab-Sem-5/Assignment-1/Xilinx/Part-1/rca_16bit.v" into library work
Parsing module <rca_16bit>.

=========================================================================
*                            HDL Elaboration                            *
=========================================================================

Elaborating module <rca_16bit>.

Elaborating module <rca_8bit>.

Elaborating module <full_adder>.

=========================================================================
*                           HDL Synthesis                               *
=========================================================================

Synthesizing Unit <rca_16bit>.
    Related source file is "/home/suhas/Desktop/Semester-5/COA/COAA-Lab-Sem-5/Assignment-1/Xilinx/Part-1/rca_16bit.v".
    Summary:
	no macro.
Unit <rca_16bit> synthesized.

Synthesizing Unit <rca_8bit>.
    Related source file is "/home/suhas/Desktop/Semester-5/COA/COAA-Lab-Sem-5/Assignment-1/Xilinx/Part-1/rca_8bit.v".
    Summary:
	no macro.
Unit <rca_8bit> synthesized.

Synthesizing Unit <full_adder>.
    Related source file is "/home/suhas/Desktop/Semester-5/COA/COAA-Lab-Sem-5/Assignment-1/Xilinx/Part-1/full_adder.v".
    Summary:
Unit <full_adder> synthesized.

=========================================================================
HDL Synthesis Report

Macro Statistics
# Xors                                                 : 32
 1-bit xor2                                            : 32

=========================================================================

=========================================================================
*                       Advanced HDL Synthesis                          *
=========================================================================


=========================================================================
Advanced HDL Synthesis Report

Macro Statistics
# Xors                                                 : 32
 1-bit xor2                                            : 32

=========================================================================

=========================================================================
*                         Low Level Synthesis                           *
=========================================================================

Optimizing unit <rca_16bit> ...

Optimizing unit <rca_8bit> ...

Optimizing unit <full_adder> ...

Mapping all equations...
Building and optimizing final netlist ...
Found area constraint ratio of 100 (+ 5) on block rca_16bit, actual ratio is 0.

Final Macro Processing ...

=========================================================================
Final Register Report

Found no macro
=========================================================================

=========================================================================
*                           Partition Report                            *
=========================================================================

Partition Implementation Status
-------------------------------

  No Partitions were found in this design.

-------------------------------

=========================================================================
*                            Design Summary                             *
=========================================================================

Top Level Output File Name         : rca_16bit.ngc

Primitive and Black Box Usage:
------------------------------
# BELS                             : 32
#      LUT3                        : 32
# IO Buffers                       : 50
#      IBUF                        : 33
#      OBUF                        : 17

Device utilization summary:
---------------------------

Selected Device : 7a100tcsg324-1 


Slice Logic Utilization: 
 Number of Slice LUTs:                   32  out of  63400     0%  
    Number used as Logic:                32  out of  63400     0%  

Slice Logic Distribution: 
 Number of LUT Flip Flop pairs used:     32
   Number with an unused Flip Flop:      32  out of     32   100%  
   Number with an unused LUT:             0  out of     32     0%  
   Number of fully used LUT-FF pairs:     0  out of     32     0%  
   Number of unique control sets:         0

IO Utilization: 
 Number of IOs:                          50
 Number of bonded IOBs:                  50  out of    210    23%  

Specific Feature Utilization:

---------------------------
Partition Resource Summary:
---------------------------

  No Partitions were found in this design.

---------------------------


=========================================================================
Timing Report

NOTE: THESE TIMING NUMBERS ARE ONLY A SYNTHESIS ESTIMATE.
      FOR ACCURATE TIMING INFORMATION PLEASE REFER TO THE TRACE REPORT
      GENERATED AFTER PLACE-and-ROUTE.

Clock Information:
------------------
No clock signals found in this design

Asynchronous Control Signals Information:
----------------------------------------
No asynchronous control signals found in this design

Timing Summary:
---------------
Speed Grade: -1

   Minimum period: No path found
   Minimum input arrival time before clock: No path found
   Maximum output required time after clock: No path found
   Maximum combinational path delay: 11.236ns

Timing Details:
---------------
All values displayed in nanoseconds (ns)

=========================================================================
Timing constraint: Default path analysis
  Total number of paths / destination ports: 321 / 17
-------------------------------------------------------------------------
Delay:               11.236ns (Levels of Logic = 36)
  Source:            i_term2<0> (PAD)
  Destination:       o_carry (PAD)

  Data Path: i_term2<0> to o_carry
                                Gate     Net
    Cell:in->out      fanout   Delay   Delay  Logical Name (Net Name)
    ----------------------------------------  ------------
     IBUF:I->O             2   0.001   0.722  i_term2_0_IBUF (i_term2_0_IBUF)
     begin scope: 'ripple_carry_adder1:i_term2<0>'
     begin scope: 'ripple_carry_adder1/full_adder1:i_bit2'
     LUT3:I0->O            2   0.124   0.542  o_carry1 (o_carry)
     end scope: 'ripple_carry_adder1/full_adder1:o_carry'
     begin scope: 'ripple_carry_adder1/full_adder2:i_carry'
     LUT3:I1->O            2   0.124   0.542  o_carry1 (o_carry)
     end scope: 'ripple_carry_adder1/full_adder2:o_carry'
     begin scope: 'ripple_carry_adder1/full_adder3:i_carry'
     LUT3:I1->O            2   0.124   0.542  o_carry1 (o_carry)
     end scope: 'ripple_carry_adder1/full_adder3:o_carry'
     begin scope: 'ripple_carry_adder1/full_adder4:i_carry'
     LUT3:I1->O            2   0.124   0.542  o_carry1 (o_carry)
     end scope: 'ripple_carry_adder1/full_adder4:o_carry'
     begin scope: 'ripple_carry_adder1/full_adder5:i_carry'
     LUT3:I1->O            2   0.124   0.542  o_carry1 (o_carry)
     end scope: 'ripple_carry_adder1/full_adder5:o_carry'
     begin scope: 'ripple_carry_adder1/full_adder6:i_carry'
     LUT3:I1->O            2   0.124   0.542  o_carry1 (o_carry)
     end scope: 'ripple_carry_adder1/full_adder6:o_carry'
     begin scope: 'ripple_carry_adder1/full_adder7:i_carry'
     LUT3:I1->O            2   0.124   0.542  o_carry1 (o_carry)
     end scope: 'ripple_carry_adder1/full_adder7:o_carry'
     begin scope: 'ripple_carry_adder1/full_adder8:i_carry'
     LUT3:I1->O            2   0.124   0.542  o_carry1 (o_carry)
     end scope: 'ripple_carry_adder1/full_adder8:o_carry'
     end scope: 'ripple_carry_adder1:o_carry'
     begin scope: 'ripple_carry_adder2:i_carry'
     begin scope: 'ripple_carry_adder2/full_adder1:i_carry'
     LUT3:I1->O            2   0.124   0.542  o_carry1 (o_carry)
     end scope: 'ripple_carry_adder2/full_adder1:o_carry'
     begin scope: 'ripple_carry_adder2/full_adder2:i_carry'
     LUT3:I1->O            2   0.124   0.542  o_carry1 (o_carry)
     end scope: 'ripple_carry_adder2/full_adder2:o_carry'
     begin scope: 'ripple_carry_adder2/full_adder3:i_carry'
     LUT3:I1->O            2   0.124   0.542  o_carry1 (o_carry)
     end scope: 'ripple_carry_adder2/full_adder3:o_carry'
     begin scope: 'ripple_carry_adder2/full_adder4:i_carry'
     LUT3:I1->O            2   0.124   0.542  o_carry1 (o_carry)
     end scope: 'ripple_carry_adder2/full_adder4:o_carry'
     begin scope: 'ripple_carry_adder2/full_adder5:i_carry'
     LUT3:I1->O            2   0.124   0.542  o_carry1 (o_carry)
     end scope: 'ripple_carry_adder2/full_adder5:o_carry'
     begin scope: 'ripple_carry_adder2/full_adder6:i_carry'
     LUT3:I1->O            2   0.124   0.542  o_carry1 (o_carry)
     end scope: 'ripple_carry_adder2/full_adder6:o_carry'
     begin scope: 'ripple_carry_adder2/full_adder7:i_carry'
     LUT3:I1->O            2   0.124   0.542  o_carry1 (o_carry)
     end scope: 'ripple_carry_adder2/full_adder7:o_carry'
     begin scope: 'ripple_carry_adder2/full_adder8:i_carry'
     LUT3:I1->O            1   0.124   0.399  o_carry1 (o_carry)
     end scope: 'ripple_carry_adder2/full_adder8:o_carry'
     end scope: 'ripple_carry_adder2:o_carry'
     OBUF:I->O                 0.000          o_carry_OBUF (o_carry)
    ----------------------------------------
    Total                     11.236ns (1.985ns logic, 9.251ns route)
                                       (17.7% logic, 82.3% route)

=========================================================================

Cross Clock Domains Report:
--------------------------

=========================================================================


Total REAL time to Xst completion: 5.00 secs
Total CPU time to Xst completion: 4.31 secs
 
--> 


Total memory usage is 485400 kilobytes

Number of errors   :    0 (   0 filtered)
Number of warnings :    0 (   0 filtered)
Number of infos    :    0 (   0 filtered)

