--------------------------------------------------------------------------------
Release 14.7 Trace  (lin64)
Copyright (c) 1995-2013 Xilinx, Inc.  All rights reserved.

/opt/Xilinx/14.7/ISE_DS/ISE/bin/lin64/unwrapped/trce -intstyle ise -v 3 -s 1 -n
3 -fastpaths -xml ripple_carry_adder_8bit.twx ripple_carry_adder_8bit.ncd -o
ripple_carry_adder_8bit.twr ripple_carry_adder_8bit.pcf

Design file:              ripple_carry_adder_8bit.ncd
Physical constraint file: ripple_carry_adder_8bit.pcf
Device,package,speed:     xc7a100t,csg324,C,-1 (PRODUCTION 1.10 2013-10-13)
Report level:             verbose report

Environment Variable      Effect 
--------------------      ------ 
NONE                      No environment variables were set
--------------------------------------------------------------------------------

INFO:Timing:2698 - No timing constraints found, doing default enumeration.
INFO:Timing:3412 - To improve timing, see the Timing Closure User Guide (UG612).
INFO:Timing:2752 - To get complete path coverage, use the unconstrained paths 
   option. All paths that are not constrained will be reported in the 
   unconstrained paths section(s) of the report.
INFO:Timing:3339 - The clock-to-out numbers in this timing report are based on 
   a 50 Ohm transmission line loading model.  For the details of this model, 
   and for more information on accounting for different loading conditions, 
   please see the device datasheet.



Data Sheet report:
-----------------
All values displayed in nanoseconds (ns)

Pad to Pad
---------------+---------------+---------+
Source Pad     |Destination Pad|  Delay  |
---------------+---------------+---------+
A<0>           |Co             |   11.591|
A<0>           |S<0>           |    7.283|
A<0>           |S<1>           |    8.274|
A<0>           |S<2>           |    9.063|
A<0>           |S<3>           |    9.451|
A<0>           |S<4>           |   10.128|
A<0>           |S<5>           |   11.120|
A<0>           |S<6>           |   11.419|
A<0>           |S<7>           |   12.217|
A<1>           |Co             |   10.686|
A<1>           |S<1>           |    7.367|
A<1>           |S<2>           |    8.158|
A<1>           |S<3>           |    8.546|
A<1>           |S<4>           |    9.223|
A<1>           |S<5>           |   10.215|
A<1>           |S<6>           |   10.514|
A<1>           |S<7>           |   11.312|
A<2>           |Co             |    9.747|
A<2>           |S<2>           |    7.186|
A<2>           |S<3>           |    7.607|
A<2>           |S<4>           |    8.284|
A<2>           |S<5>           |    9.276|
A<2>           |S<6>           |    9.575|
A<2>           |S<7>           |   10.373|
A<3>           |Co             |    9.430|
A<3>           |S<3>           |    7.322|
A<3>           |S<4>           |    7.967|
A<3>           |S<5>           |    8.959|
A<3>           |S<6>           |    9.258|
A<3>           |S<7>           |   10.056|
A<4>           |Co             |    9.038|
A<4>           |S<4>           |    7.609|
A<4>           |S<5>           |    8.567|
A<4>           |S<6>           |    8.866|
A<4>           |S<7>           |    9.664|
A<5>           |Co             |    8.285|
A<5>           |S<5>           |    7.815|
A<5>           |S<6>           |    8.113|
A<5>           |S<7>           |    8.911|
A<6>           |Co             |    7.533|
A<6>           |S<6>           |    7.393|
A<6>           |S<7>           |    8.159|
A<7>           |Co             |    7.176|
A<7>           |S<7>           |    7.834|
B<0>           |Co             |   11.156|
B<0>           |S<0>           |    6.815|
B<0>           |S<1>           |    7.839|
B<0>           |S<2>           |    8.628|
B<0>           |S<3>           |    9.016|
B<0>           |S<4>           |    9.693|
B<0>           |S<5>           |   10.685|
B<0>           |S<6>           |   10.984|
B<0>           |S<7>           |   11.782|
B<1>           |Co             |   10.216|
B<1>           |S<1>           |    6.865|
B<1>           |S<2>           |    7.688|
B<1>           |S<3>           |    8.076|
B<1>           |S<4>           |    8.753|
B<1>           |S<5>           |    9.745|
B<1>           |S<6>           |   10.044|
B<1>           |S<7>           |   10.842|
B<2>           |Co             |    9.898|
B<2>           |S<2>           |    7.371|
B<2>           |S<3>           |    7.758|
B<2>           |S<4>           |    8.435|
B<2>           |S<5>           |    9.427|
B<2>           |S<6>           |    9.726|
B<2>           |S<7>           |   10.524|
B<3>           |Co             |    9.359|
B<3>           |S<3>           |    7.251|
B<3>           |S<4>           |    7.896|
B<3>           |S<5>           |    8.888|
B<3>           |S<6>           |    9.187|
B<3>           |S<7>           |    9.985|
B<4>           |Co             |    8.505|
B<4>           |S<4>           |    7.074|
B<4>           |S<5>           |    8.034|
B<4>           |S<6>           |    8.333|
B<4>           |S<7>           |    9.131|
B<5>           |Co             |    7.645|
B<5>           |S<5>           |    7.174|
B<5>           |S<6>           |    7.473|
B<5>           |S<7>           |    8.271|
B<6>           |Co             |    7.373|
B<6>           |S<6>           |    7.233|
B<6>           |S<7>           |    7.999|
B<7>           |Co             |    6.583|
B<7>           |S<7>           |    7.241|
Ci             |Co             |   12.121|
Ci             |S<0>           |    7.813|
Ci             |S<1>           |    8.804|
Ci             |S<2>           |    9.593|
Ci             |S<3>           |    9.981|
Ci             |S<4>           |   10.658|
Ci             |S<5>           |   11.650|
Ci             |S<6>           |   11.949|
Ci             |S<7>           |   12.747|
---------------+---------------+---------+


Analysis completed Thu Aug 26 15:02:24 2021 
--------------------------------------------------------------------------------

Trace Settings:
-------------------------
Trace Settings 

Peak Memory Usage: 751 MB



