--------------------------------------------------------------------------------
Release 14.7 Trace  (lin64)
Copyright (c) 1995-2013 Xilinx, Inc.  All rights reserved.

/opt/Xilinx/14.7/ISE_DS/ISE/bin/lin64/unwrapped/trce -intstyle ise -v 3 -s 1 -n
3 -fastpaths -xml ripple_carry_adder_32bit.twx ripple_carry_adder_32bit.ncd -o
ripple_carry_adder_32bit.twr ripple_carry_adder_32bit.pcf

Design file:              ripple_carry_adder_32bit.ncd
Physical constraint file: ripple_carry_adder_32bit.pcf
Device,package,speed:     xc7a100t,csg324,C,-1 (PRODUCTION 1.10 2013-10-13)
Report level:             verbose report

Environment Variable      Effect 
--------------------      ------ 
NONE                      No environment variables were set
--------------------------------------------------------------------------------

INFO:Timing:2698 - No timing constraints found, doing default enumeration.
INFO:Timing:3412 - To improve timing, see the Timing Closure User Guide (UG612).
INFO:Timing:2752 - To get complete path coverage, use the unconstrained paths 
   option. All paths that are not constrained will be reported in the 
   unconstrained paths section(s) of the report.
INFO:Timing:3339 - The clock-to-out numbers in this timing report are based on 
   a 50 Ohm transmission line loading model.  For the details of this model, 
   and for more information on accounting for different loading conditions, 
   please see the device datasheet.



Data Sheet report:
-----------------
All values displayed in nanoseconds (ns)

Pad to Pad
---------------+---------------+---------+
Source Pad     |Destination Pad|  Delay  |
---------------+---------------+---------+
A<0>           |Co             |   38.026|
A<0>           |S<0>           |    9.200|
A<0>           |S<1>           |    9.985|
A<0>           |S<2>           |   10.697|
A<0>           |S<3>           |   10.484|
A<0>           |S<4>           |   10.954|
A<0>           |S<5>           |   12.026|
A<0>           |S<6>           |   15.556|
A<0>           |S<7>           |   16.064|
A<0>           |S<8>           |   17.049|
A<0>           |S<9>           |   17.801|
A<0>           |S<10>          |   18.217|
A<0>           |S<11>          |   18.841|
A<0>           |S<12>          |   19.247|
A<0>           |S<13>          |   20.378|
A<0>           |S<14>          |   21.452|
A<0>           |S<15>          |   21.805|
A<0>           |S<16>          |   22.567|
A<0>           |S<17>          |   23.856|
A<0>           |S<18>          |   24.373|
A<0>           |S<19>          |   26.184|
A<0>           |S<20>          |   27.900|
A<0>           |S<21>          |   28.908|
A<0>           |S<22>          |   29.017|
A<0>           |S<23>          |   30.976|
A<0>           |S<24>          |   31.348|
A<0>           |S<25>          |   33.851|
A<0>           |S<26>          |   34.357|
A<0>           |S<27>          |   35.384|
A<0>           |S<28>          |   36.361|
A<0>           |S<29>          |   36.857|
A<0>           |S<30>          |   37.467|
A<0>           |S<31>          |   38.219|
A<1>           |Co             |   37.583|
A<1>           |S<1>           |    9.544|
A<1>           |S<2>           |   10.254|
A<1>           |S<3>           |   10.041|
A<1>           |S<4>           |   10.511|
A<1>           |S<5>           |   11.583|
A<1>           |S<6>           |   15.113|
A<1>           |S<7>           |   15.621|
A<1>           |S<8>           |   16.606|
A<1>           |S<9>           |   17.358|
A<1>           |S<10>          |   17.774|
A<1>           |S<11>          |   18.398|
A<1>           |S<12>          |   18.804|
A<1>           |S<13>          |   19.935|
A<1>           |S<14>          |   21.009|
A<1>           |S<15>          |   21.362|
A<1>           |S<16>          |   22.124|
A<1>           |S<17>          |   23.413|
A<1>           |S<18>          |   23.930|
A<1>           |S<19>          |   25.741|
A<1>           |S<20>          |   27.457|
A<1>           |S<21>          |   28.465|
A<1>           |S<22>          |   28.574|
A<1>           |S<23>          |   30.533|
A<1>           |S<24>          |   30.905|
A<1>           |S<25>          |   33.408|
A<1>           |S<26>          |   33.914|
A<1>           |S<27>          |   34.941|
A<1>           |S<28>          |   35.918|
A<1>           |S<29>          |   36.414|
A<1>           |S<30>          |   37.024|
A<1>           |S<31>          |   37.776|
A<2>           |Co             |   36.434|
A<2>           |S<2>           |    9.137|
A<2>           |S<3>           |    8.892|
A<2>           |S<4>           |    9.362|
A<2>           |S<5>           |   10.434|
A<2>           |S<6>           |   13.964|
A<2>           |S<7>           |   14.472|
A<2>           |S<8>           |   15.457|
A<2>           |S<9>           |   16.209|
A<2>           |S<10>          |   16.625|
A<2>           |S<11>          |   17.249|
A<2>           |S<12>          |   17.655|
A<2>           |S<13>          |   18.786|
A<2>           |S<14>          |   19.860|
A<2>           |S<15>          |   20.213|
A<2>           |S<16>          |   20.975|
A<2>           |S<17>          |   22.264|
A<2>           |S<18>          |   22.781|
A<2>           |S<19>          |   24.592|
A<2>           |S<20>          |   26.308|
A<2>           |S<21>          |   27.316|
A<2>           |S<22>          |   27.425|
A<2>           |S<23>          |   29.384|
A<2>           |S<24>          |   29.756|
A<2>           |S<25>          |   32.259|
A<2>           |S<26>          |   32.765|
A<2>           |S<27>          |   33.792|
A<2>           |S<28>          |   34.769|
A<2>           |S<29>          |   35.265|
A<2>           |S<30>          |   35.875|
A<2>           |S<31>          |   36.627|
A<3>           |Co             |   35.514|
A<3>           |S<3>           |    7.968|
A<3>           |S<4>           |    8.442|
A<3>           |S<5>           |    9.514|
A<3>           |S<6>           |   13.044|
A<3>           |S<7>           |   13.552|
A<3>           |S<8>           |   14.537|
A<3>           |S<9>           |   15.289|
A<3>           |S<10>          |   15.705|
A<3>           |S<11>          |   16.329|
A<3>           |S<12>          |   16.735|
A<3>           |S<13>          |   17.866|
A<3>           |S<14>          |   18.940|
A<3>           |S<15>          |   19.293|
A<3>           |S<16>          |   20.055|
A<3>           |S<17>          |   21.344|
A<3>           |S<18>          |   21.861|
A<3>           |S<19>          |   23.672|
A<3>           |S<20>          |   25.388|
A<3>           |S<21>          |   26.396|
A<3>           |S<22>          |   26.505|
A<3>           |S<23>          |   28.464|
A<3>           |S<24>          |   28.836|
A<3>           |S<25>          |   31.339|
A<3>           |S<26>          |   31.845|
A<3>           |S<27>          |   32.872|
A<3>           |S<28>          |   33.849|
A<3>           |S<29>          |   34.345|
A<3>           |S<30>          |   34.955|
A<3>           |S<31>          |   35.707|
A<4>           |Co             |   34.074|
A<4>           |S<4>           |    6.998|
A<4>           |S<5>           |    8.074|
A<4>           |S<6>           |   11.604|
A<4>           |S<7>           |   12.112|
A<4>           |S<8>           |   13.097|
A<4>           |S<9>           |   13.849|
A<4>           |S<10>          |   14.265|
A<4>           |S<11>          |   14.889|
A<4>           |S<12>          |   15.295|
A<4>           |S<13>          |   16.426|
A<4>           |S<14>          |   17.500|
A<4>           |S<15>          |   17.853|
A<4>           |S<16>          |   18.615|
A<4>           |S<17>          |   19.904|
A<4>           |S<18>          |   20.421|
A<4>           |S<19>          |   22.232|
A<4>           |S<20>          |   23.948|
A<4>           |S<21>          |   24.956|
A<4>           |S<22>          |   25.065|
A<4>           |S<23>          |   27.024|
A<4>           |S<24>          |   27.396|
A<4>           |S<25>          |   29.899|
A<4>           |S<26>          |   30.405|
A<4>           |S<27>          |   31.432|
A<4>           |S<28>          |   32.409|
A<4>           |S<29>          |   32.905|
A<4>           |S<30>          |   33.515|
A<4>           |S<31>          |   34.267|
A<5>           |Co             |   33.218|
A<5>           |S<5>           |    7.188|
A<5>           |S<6>           |   10.748|
A<5>           |S<7>           |   11.256|
A<5>           |S<8>           |   12.241|
A<5>           |S<9>           |   12.993|
A<5>           |S<10>          |   13.409|
A<5>           |S<11>          |   14.033|
A<5>           |S<12>          |   14.439|
A<5>           |S<13>          |   15.570|
A<5>           |S<14>          |   16.644|
A<5>           |S<15>          |   16.997|
A<5>           |S<16>          |   17.759|
A<5>           |S<17>          |   19.048|
A<5>           |S<18>          |   19.565|
A<5>           |S<19>          |   21.376|
A<5>           |S<20>          |   23.092|
A<5>           |S<21>          |   24.100|
A<5>           |S<22>          |   24.209|
A<5>           |S<23>          |   26.168|
A<5>           |S<24>          |   26.540|
A<5>           |S<25>          |   29.043|
A<5>           |S<26>          |   29.549|
A<5>           |S<27>          |   30.576|
A<5>           |S<28>          |   31.553|
A<5>           |S<29>          |   32.049|
A<5>           |S<30>          |   32.659|
A<5>           |S<31>          |   33.411|
A<6>           |Co             |   32.056|
A<6>           |S<6>           |    9.587|
A<6>           |S<7>           |   10.094|
A<6>           |S<8>           |   11.079|
A<6>           |S<9>           |   11.831|
A<6>           |S<10>          |   12.247|
A<6>           |S<11>          |   12.871|
A<6>           |S<12>          |   13.277|
A<6>           |S<13>          |   14.408|
A<6>           |S<14>          |   15.482|
A<6>           |S<15>          |   15.835|
A<6>           |S<16>          |   16.597|
A<6>           |S<17>          |   17.886|
A<6>           |S<18>          |   18.403|
A<6>           |S<19>          |   20.214|
A<6>           |S<20>          |   21.930|
A<6>           |S<21>          |   22.938|
A<6>           |S<22>          |   23.047|
A<6>           |S<23>          |   25.006|
A<6>           |S<24>          |   25.378|
A<6>           |S<25>          |   27.881|
A<6>           |S<26>          |   28.387|
A<6>           |S<27>          |   29.414|
A<6>           |S<28>          |   30.391|
A<6>           |S<29>          |   30.887|
A<6>           |S<30>          |   31.497|
A<6>           |S<31>          |   32.249|
A<7>           |Co             |   31.828|
A<7>           |S<7>           |    9.904|
A<7>           |S<8>           |   10.851|
A<7>           |S<9>           |   11.603|
A<7>           |S<10>          |   12.019|
A<7>           |S<11>          |   12.643|
A<7>           |S<12>          |   13.049|
A<7>           |S<13>          |   14.180|
A<7>           |S<14>          |   15.254|
A<7>           |S<15>          |   15.607|
A<7>           |S<16>          |   16.369|
A<7>           |S<17>          |   17.658|
A<7>           |S<18>          |   18.175|
A<7>           |S<19>          |   19.986|
A<7>           |S<20>          |   21.702|
A<7>           |S<21>          |   22.710|
A<7>           |S<22>          |   22.819|
A<7>           |S<23>          |   24.778|
A<7>           |S<24>          |   25.150|
A<7>           |S<25>          |   27.653|
A<7>           |S<26>          |   28.159|
A<7>           |S<27>          |   29.186|
A<7>           |S<28>          |   30.163|
A<7>           |S<29>          |   30.659|
A<7>           |S<30>          |   31.269|
A<7>           |S<31>          |   32.021|
A<8>           |Co             |   30.095|
A<8>           |S<8>           |    9.086|
A<8>           |S<9>           |    9.870|
A<8>           |S<10>          |   10.286|
A<8>           |S<11>          |   10.910|
A<8>           |S<12>          |   11.316|
A<8>           |S<13>          |   12.447|
A<8>           |S<14>          |   13.521|
A<8>           |S<15>          |   13.874|
A<8>           |S<16>          |   14.636|
A<8>           |S<17>          |   15.925|
A<8>           |S<18>          |   16.442|
A<8>           |S<19>          |   18.253|
A<8>           |S<20>          |   19.969|
A<8>           |S<21>          |   20.977|
A<8>           |S<22>          |   21.086|
A<8>           |S<23>          |   23.045|
A<8>           |S<24>          |   23.417|
A<8>           |S<25>          |   25.920|
A<8>           |S<26>          |   26.426|
A<8>           |S<27>          |   27.453|
A<8>           |S<28>          |   28.430|
A<8>           |S<29>          |   28.926|
A<8>           |S<30>          |   29.536|
A<8>           |S<31>          |   30.288|
A<9>           |Co             |   29.578|
A<9>           |S<9>           |    9.353|
A<9>           |S<10>          |    9.769|
A<9>           |S<11>          |   10.393|
A<9>           |S<12>          |   10.799|
A<9>           |S<13>          |   11.930|
A<9>           |S<14>          |   13.004|
A<9>           |S<15>          |   13.357|
A<9>           |S<16>          |   14.119|
A<9>           |S<17>          |   15.408|
A<9>           |S<18>          |   15.925|
A<9>           |S<19>          |   17.736|
A<9>           |S<20>          |   19.452|
A<9>           |S<21>          |   20.460|
A<9>           |S<22>          |   20.569|
A<9>           |S<23>          |   22.528|
A<9>           |S<24>          |   22.900|
A<9>           |S<25>          |   25.403|
A<9>           |S<26>          |   25.909|
A<9>           |S<27>          |   26.936|
A<9>           |S<28>          |   27.913|
A<9>           |S<29>          |   28.409|
A<9>           |S<30>          |   29.019|
A<9>           |S<31>          |   29.771|
A<10>          |Co             |   29.472|
A<10>          |S<10>          |    9.700|
A<10>          |S<11>          |   10.287|
A<10>          |S<12>          |   10.693|
A<10>          |S<13>          |   11.824|
A<10>          |S<14>          |   12.898|
A<10>          |S<15>          |   13.251|
A<10>          |S<16>          |   14.013|
A<10>          |S<17>          |   15.302|
A<10>          |S<18>          |   15.819|
A<10>          |S<19>          |   17.630|
A<10>          |S<20>          |   19.346|
A<10>          |S<21>          |   20.354|
A<10>          |S<22>          |   20.463|
A<10>          |S<23>          |   22.422|
A<10>          |S<24>          |   22.794|
A<10>          |S<25>          |   25.297|
A<10>          |S<26>          |   25.803|
A<10>          |S<27>          |   26.830|
A<10>          |S<28>          |   27.807|
A<10>          |S<29>          |   28.303|
A<10>          |S<30>          |   28.913|
A<10>          |S<31>          |   29.665|
A<11>          |Co             |   28.735|
A<11>          |S<11>          |    9.582|
A<11>          |S<12>          |    9.956|
A<11>          |S<13>          |   11.087|
A<11>          |S<14>          |   12.161|
A<11>          |S<15>          |   12.514|
A<11>          |S<16>          |   13.276|
A<11>          |S<17>          |   14.565|
A<11>          |S<18>          |   15.082|
A<11>          |S<19>          |   16.893|
A<11>          |S<20>          |   18.609|
A<11>          |S<21>          |   19.617|
A<11>          |S<22>          |   19.726|
A<11>          |S<23>          |   21.685|
A<11>          |S<24>          |   22.057|
A<11>          |S<25>          |   24.560|
A<11>          |S<26>          |   25.066|
A<11>          |S<27>          |   26.093|
A<11>          |S<28>          |   27.070|
A<11>          |S<29>          |   27.566|
A<11>          |S<30>          |   28.176|
A<11>          |S<31>          |   28.928|
A<12>          |Co             |   28.510|
A<12>          |S<12>          |    9.764|
A<12>          |S<13>          |   10.862|
A<12>          |S<14>          |   11.936|
A<12>          |S<15>          |   12.289|
A<12>          |S<16>          |   13.051|
A<12>          |S<17>          |   14.340|
A<12>          |S<18>          |   14.857|
A<12>          |S<19>          |   16.668|
A<12>          |S<20>          |   18.384|
A<12>          |S<21>          |   19.392|
A<12>          |S<22>          |   19.501|
A<12>          |S<23>          |   21.460|
A<12>          |S<24>          |   21.832|
A<12>          |S<25>          |   24.335|
A<12>          |S<26>          |   24.841|
A<12>          |S<27>          |   25.868|
A<12>          |S<28>          |   26.845|
A<12>          |S<29>          |   27.341|
A<12>          |S<30>          |   27.951|
A<12>          |S<31>          |   28.703|
A<13>          |Co             |   27.241|
A<13>          |S<13>          |    9.591|
A<13>          |S<14>          |   10.667|
A<13>          |S<15>          |   11.020|
A<13>          |S<16>          |   11.782|
A<13>          |S<17>          |   13.071|
A<13>          |S<18>          |   13.588|
A<13>          |S<19>          |   15.399|
A<13>          |S<20>          |   17.115|
A<13>          |S<21>          |   18.123|
A<13>          |S<22>          |   18.232|
A<13>          |S<23>          |   20.191|
A<13>          |S<24>          |   20.563|
A<13>          |S<25>          |   23.066|
A<13>          |S<26>          |   23.572|
A<13>          |S<27>          |   24.599|
A<13>          |S<28>          |   25.576|
A<13>          |S<29>          |   26.072|
A<13>          |S<30>          |   26.682|
A<13>          |S<31>          |   27.434|
A<14>          |Co             |   26.518|
A<14>          |S<14>          |    9.943|
A<14>          |S<15>          |   10.297|
A<14>          |S<16>          |   11.059|
A<14>          |S<17>          |   12.348|
A<14>          |S<18>          |   12.865|
A<14>          |S<19>          |   14.676|
A<14>          |S<20>          |   16.392|
A<14>          |S<21>          |   17.400|
A<14>          |S<22>          |   17.509|
A<14>          |S<23>          |   19.468|
A<14>          |S<24>          |   19.840|
A<14>          |S<25>          |   22.343|
A<14>          |S<26>          |   22.849|
A<14>          |S<27>          |   23.876|
A<14>          |S<28>          |   24.853|
A<14>          |S<29>          |   25.349|
A<14>          |S<30>          |   25.959|
A<14>          |S<31>          |   26.711|
A<15>          |Co             |   25.624|
A<15>          |S<15>          |    9.435|
A<15>          |S<16>          |   10.165|
A<15>          |S<17>          |   11.454|
A<15>          |S<18>          |   11.971|
A<15>          |S<19>          |   13.782|
A<15>          |S<20>          |   15.498|
A<15>          |S<21>          |   16.506|
A<15>          |S<22>          |   16.615|
A<15>          |S<23>          |   18.574|
A<15>          |S<24>          |   18.946|
A<15>          |S<25>          |   21.449|
A<15>          |S<26>          |   21.955|
A<15>          |S<27>          |   22.982|
A<15>          |S<28>          |   23.959|
A<15>          |S<29>          |   24.455|
A<15>          |S<30>          |   25.065|
A<15>          |S<31>          |   25.817|
A<16>          |Co             |   24.420|
A<16>          |S<16>          |    8.927|
A<16>          |S<17>          |   10.250|
A<16>          |S<18>          |   10.767|
A<16>          |S<19>          |   12.578|
A<16>          |S<20>          |   14.294|
A<16>          |S<21>          |   15.302|
A<16>          |S<22>          |   15.411|
A<16>          |S<23>          |   17.370|
A<16>          |S<24>          |   17.742|
A<16>          |S<25>          |   20.245|
A<16>          |S<26>          |   20.751|
A<16>          |S<27>          |   21.778|
A<16>          |S<28>          |   22.755|
A<16>          |S<29>          |   23.251|
A<16>          |S<30>          |   23.861|
A<16>          |S<31>          |   24.613|
A<17>          |Co             |   23.696|
A<17>          |S<17>          |    9.527|
A<17>          |S<18>          |   10.043|
A<17>          |S<19>          |   11.854|
A<17>          |S<20>          |   13.570|
A<17>          |S<21>          |   14.578|
A<17>          |S<22>          |   14.687|
A<17>          |S<23>          |   16.646|
A<17>          |S<24>          |   17.018|
A<17>          |S<25>          |   19.521|
A<17>          |S<26>          |   20.027|
A<17>          |S<27>          |   21.054|
A<17>          |S<28>          |   22.031|
A<17>          |S<29>          |   22.527|
A<17>          |S<30>          |   23.137|
A<17>          |S<31>          |   23.889|
A<18>          |Co             |   23.699|
A<18>          |S<18>          |   10.048|
A<18>          |S<19>          |   11.857|
A<18>          |S<20>          |   13.573|
A<18>          |S<21>          |   14.581|
A<18>          |S<22>          |   14.690|
A<18>          |S<23>          |   16.649|
A<18>          |S<24>          |   17.021|
A<18>          |S<25>          |   19.524|
A<18>          |S<26>          |   20.030|
A<18>          |S<27>          |   21.057|
A<18>          |S<28>          |   22.034|
A<18>          |S<29>          |   22.530|
A<18>          |S<30>          |   23.140|
A<18>          |S<31>          |   23.892|
A<19>          |Co             |   20.374|
A<19>          |S<19>          |    8.532|
A<19>          |S<20>          |   10.248|
A<19>          |S<21>          |   11.256|
A<19>          |S<22>          |   11.365|
A<19>          |S<23>          |   13.324|
A<19>          |S<24>          |   13.696|
A<19>          |S<25>          |   16.199|
A<19>          |S<26>          |   16.705|
A<19>          |S<27>          |   17.732|
A<19>          |S<28>          |   18.709|
A<19>          |S<29>          |   19.205|
A<19>          |S<30>          |   19.815|
A<19>          |S<31>          |   20.567|
A<20>          |Co             |   18.002|
A<20>          |S<20>          |    7.842|
A<20>          |S<21>          |    8.884|
A<20>          |S<22>          |    8.993|
A<20>          |S<23>          |   10.952|
A<20>          |S<24>          |   11.324|
A<20>          |S<25>          |   13.827|
A<20>          |S<26>          |   14.333|
A<20>          |S<27>          |   15.360|
A<20>          |S<28>          |   16.337|
A<20>          |S<29>          |   16.833|
A<20>          |S<30>          |   17.443|
A<20>          |S<31>          |   18.195|
A<21>          |Co             |   16.566|
A<21>          |S<21>          |    7.416|
A<21>          |S<22>          |    7.557|
A<21>          |S<23>          |    9.516|
A<21>          |S<24>          |    9.888|
A<21>          |S<25>          |   12.391|
A<21>          |S<26>          |   12.897|
A<21>          |S<27>          |   13.924|
A<21>          |S<28>          |   14.901|
A<21>          |S<29>          |   15.397|
A<21>          |S<30>          |   16.007|
A<21>          |S<31>          |   16.759|
A<22>          |Co             |   16.451|
A<22>          |S<22>          |    7.476|
A<22>          |S<23>          |    9.401|
A<22>          |S<24>          |    9.773|
A<22>          |S<25>          |   12.276|
A<22>          |S<26>          |   12.782|
A<22>          |S<27>          |   13.809|
A<22>          |S<28>          |   14.786|
A<22>          |S<29>          |   15.282|
A<22>          |S<30>          |   15.892|
A<22>          |S<31>          |   16.644|
A<23>          |Co             |   15.041|
A<23>          |S<23>          |    7.991|
A<23>          |S<24>          |    8.363|
A<23>          |S<25>          |   10.866|
A<23>          |S<26>          |   11.372|
A<23>          |S<27>          |   12.399|
A<23>          |S<28>          |   13.376|
A<23>          |S<29>          |   13.872|
A<23>          |S<30>          |   14.482|
A<23>          |S<31>          |   15.234|
A<24>          |Co             |   14.232|
A<24>          |S<24>          |    7.552|
A<24>          |S<25>          |   10.057|
A<24>          |S<26>          |   10.563|
A<24>          |S<27>          |   11.590|
A<24>          |S<28>          |   12.567|
A<24>          |S<29>          |   13.063|
A<24>          |S<30>          |   13.673|
A<24>          |S<31>          |   14.425|
A<25>          |Co             |   13.367|
A<25>          |S<25>          |    9.192|
A<25>          |S<26>          |    9.698|
A<25>          |S<27>          |   10.725|
A<25>          |S<28>          |   11.702|
A<25>          |S<29>          |   12.198|
A<25>          |S<30>          |   12.808|
A<25>          |S<31>          |   13.560|
A<26>          |Co             |   13.060|
A<26>          |S<26>          |    9.423|
A<26>          |S<27>          |   10.418|
A<26>          |S<28>          |   11.395|
A<26>          |S<29>          |   11.891|
A<26>          |S<30>          |   12.501|
A<26>          |S<31>          |   13.253|
A<27>          |Co             |   11.518|
A<27>          |S<27>          |    8.874|
A<27>          |S<28>          |    9.853|
A<27>          |S<29>          |   10.349|
A<27>          |S<30>          |   10.959|
A<27>          |S<31>          |   11.711|
A<28>          |Co             |   10.847|
A<28>          |S<28>          |    9.181|
A<28>          |S<29>          |    9.678|
A<28>          |S<30>          |   10.288|
A<28>          |S<31>          |   11.040|
A<29>          |Co             |   11.284|
A<29>          |S<29>          |   10.147|
A<29>          |S<30>          |   10.725|
A<29>          |S<31>          |   11.477|
A<30>          |Co             |   10.202|
A<30>          |S<30>          |    9.675|
A<30>          |S<31>          |   10.395|
A<31>          |Co             |    7.669|
A<31>          |S<31>          |    7.863|
B<0>           |Co             |   38.643|
B<0>           |S<0>           |    9.819|
B<0>           |S<1>           |   10.602|
B<0>           |S<2>           |   11.314|
B<0>           |S<3>           |   11.101|
B<0>           |S<4>           |   11.571|
B<0>           |S<5>           |   12.643|
B<0>           |S<6>           |   16.173|
B<0>           |S<7>           |   16.681|
B<0>           |S<8>           |   17.666|
B<0>           |S<9>           |   18.418|
B<0>           |S<10>          |   18.834|
B<0>           |S<11>          |   19.458|
B<0>           |S<12>          |   19.864|
B<0>           |S<13>          |   20.995|
B<0>           |S<14>          |   22.069|
B<0>           |S<15>          |   22.422|
B<0>           |S<16>          |   23.184|
B<0>           |S<17>          |   24.473|
B<0>           |S<18>          |   24.990|
B<0>           |S<19>          |   26.801|
B<0>           |S<20>          |   28.517|
B<0>           |S<21>          |   29.525|
B<0>           |S<22>          |   29.634|
B<0>           |S<23>          |   31.593|
B<0>           |S<24>          |   31.965|
B<0>           |S<25>          |   34.468|
B<0>           |S<26>          |   34.974|
B<0>           |S<27>          |   36.001|
B<0>           |S<28>          |   36.978|
B<0>           |S<29>          |   37.474|
B<0>           |S<30>          |   38.084|
B<0>           |S<31>          |   38.836|
B<1>           |Co             |   37.850|
B<1>           |S<1>           |    9.811|
B<1>           |S<2>           |   10.521|
B<1>           |S<3>           |   10.308|
B<1>           |S<4>           |   10.778|
B<1>           |S<5>           |   11.850|
B<1>           |S<6>           |   15.380|
B<1>           |S<7>           |   15.888|
B<1>           |S<8>           |   16.873|
B<1>           |S<9>           |   17.625|
B<1>           |S<10>          |   18.041|
B<1>           |S<11>          |   18.665|
B<1>           |S<12>          |   19.071|
B<1>           |S<13>          |   20.202|
B<1>           |S<14>          |   21.276|
B<1>           |S<15>          |   21.629|
B<1>           |S<16>          |   22.391|
B<1>           |S<17>          |   23.680|
B<1>           |S<18>          |   24.197|
B<1>           |S<19>          |   26.008|
B<1>           |S<20>          |   27.724|
B<1>           |S<21>          |   28.732|
B<1>           |S<22>          |   28.841|
B<1>           |S<23>          |   30.800|
B<1>           |S<24>          |   31.172|
B<1>           |S<25>          |   33.675|
B<1>           |S<26>          |   34.181|
B<1>           |S<27>          |   35.208|
B<1>           |S<28>          |   36.185|
B<1>           |S<29>          |   36.681|
B<1>           |S<30>          |   37.291|
B<1>           |S<31>          |   38.043|
B<2>           |Co             |   36.688|
B<2>           |S<2>           |    9.393|
B<2>           |S<3>           |    9.146|
B<2>           |S<4>           |    9.616|
B<2>           |S<5>           |   10.688|
B<2>           |S<6>           |   14.218|
B<2>           |S<7>           |   14.726|
B<2>           |S<8>           |   15.711|
B<2>           |S<9>           |   16.463|
B<2>           |S<10>          |   16.879|
B<2>           |S<11>          |   17.503|
B<2>           |S<12>          |   17.909|
B<2>           |S<13>          |   19.040|
B<2>           |S<14>          |   20.114|
B<2>           |S<15>          |   20.467|
B<2>           |S<16>          |   21.229|
B<2>           |S<17>          |   22.518|
B<2>           |S<18>          |   23.035|
B<2>           |S<19>          |   24.846|
B<2>           |S<20>          |   26.562|
B<2>           |S<21>          |   27.570|
B<2>           |S<22>          |   27.679|
B<2>           |S<23>          |   29.638|
B<2>           |S<24>          |   30.010|
B<2>           |S<25>          |   32.513|
B<2>           |S<26>          |   33.019|
B<2>           |S<27>          |   34.046|
B<2>           |S<28>          |   35.023|
B<2>           |S<29>          |   35.519|
B<2>           |S<30>          |   36.129|
B<2>           |S<31>          |   36.881|
B<3>           |Co             |   35.566|
B<3>           |S<3>           |    8.024|
B<3>           |S<4>           |    8.494|
B<3>           |S<5>           |    9.566|
B<3>           |S<6>           |   13.096|
B<3>           |S<7>           |   13.604|
B<3>           |S<8>           |   14.589|
B<3>           |S<9>           |   15.341|
B<3>           |S<10>          |   15.757|
B<3>           |S<11>          |   16.381|
B<3>           |S<12>          |   16.787|
B<3>           |S<13>          |   17.918|
B<3>           |S<14>          |   18.992|
B<3>           |S<15>          |   19.345|
B<3>           |S<16>          |   20.107|
B<3>           |S<17>          |   21.396|
B<3>           |S<18>          |   21.913|
B<3>           |S<19>          |   23.724|
B<3>           |S<20>          |   25.440|
B<3>           |S<21>          |   26.448|
B<3>           |S<22>          |   26.557|
B<3>           |S<23>          |   28.516|
B<3>           |S<24>          |   28.888|
B<3>           |S<25>          |   31.391|
B<3>           |S<26>          |   31.897|
B<3>           |S<27>          |   32.924|
B<3>           |S<28>          |   33.901|
B<3>           |S<29>          |   34.397|
B<3>           |S<30>          |   35.007|
B<3>           |S<31>          |   35.759|
B<4>           |Co             |   33.955|
B<4>           |S<4>           |    6.849|
B<4>           |S<5>           |    7.955|
B<4>           |S<6>           |   11.485|
B<4>           |S<7>           |   11.993|
B<4>           |S<8>           |   12.978|
B<4>           |S<9>           |   13.730|
B<4>           |S<10>          |   14.146|
B<4>           |S<11>          |   14.770|
B<4>           |S<12>          |   15.176|
B<4>           |S<13>          |   16.307|
B<4>           |S<14>          |   17.381|
B<4>           |S<15>          |   17.734|
B<4>           |S<16>          |   18.496|
B<4>           |S<17>          |   19.785|
B<4>           |S<18>          |   20.302|
B<4>           |S<19>          |   22.113|
B<4>           |S<20>          |   23.829|
B<4>           |S<21>          |   24.837|
B<4>           |S<22>          |   24.946|
B<4>           |S<23>          |   26.905|
B<4>           |S<24>          |   27.277|
B<4>           |S<25>          |   29.780|
B<4>           |S<26>          |   30.286|
B<4>           |S<27>          |   31.313|
B<4>           |S<28>          |   32.290|
B<4>           |S<29>          |   32.786|
B<4>           |S<30>          |   33.396|
B<4>           |S<31>          |   34.148|
B<5>           |Co             |   33.205|
B<5>           |S<5>           |    7.209|
B<5>           |S<6>           |   10.735|
B<5>           |S<7>           |   11.243|
B<5>           |S<8>           |   12.228|
B<5>           |S<9>           |   12.980|
B<5>           |S<10>          |   13.396|
B<5>           |S<11>          |   14.020|
B<5>           |S<12>          |   14.426|
B<5>           |S<13>          |   15.557|
B<5>           |S<14>          |   16.631|
B<5>           |S<15>          |   16.984|
B<5>           |S<16>          |   17.746|
B<5>           |S<17>          |   19.035|
B<5>           |S<18>          |   19.552|
B<5>           |S<19>          |   21.363|
B<5>           |S<20>          |   23.079|
B<5>           |S<21>          |   24.087|
B<5>           |S<22>          |   24.196|
B<5>           |S<23>          |   26.155|
B<5>           |S<24>          |   26.527|
B<5>           |S<25>          |   29.030|
B<5>           |S<26>          |   29.536|
B<5>           |S<27>          |   30.563|
B<5>           |S<28>          |   31.540|
B<5>           |S<29>          |   32.036|
B<5>           |S<30>          |   32.646|
B<5>           |S<31>          |   33.398|
B<6>           |Co             |   32.083|
B<6>           |S<6>           |    9.576|
B<6>           |S<7>           |   10.121|
B<6>           |S<8>           |   11.106|
B<6>           |S<9>           |   11.858|
B<6>           |S<10>          |   12.274|
B<6>           |S<11>          |   12.898|
B<6>           |S<12>          |   13.304|
B<6>           |S<13>          |   14.435|
B<6>           |S<14>          |   15.509|
B<6>           |S<15>          |   15.862|
B<6>           |S<16>          |   16.624|
B<6>           |S<17>          |   17.913|
B<6>           |S<18>          |   18.430|
B<6>           |S<19>          |   20.241|
B<6>           |S<20>          |   21.957|
B<6>           |S<21>          |   22.965|
B<6>           |S<22>          |   23.074|
B<6>           |S<23>          |   25.033|
B<6>           |S<24>          |   25.405|
B<6>           |S<25>          |   27.908|
B<6>           |S<26>          |   28.414|
B<6>           |S<27>          |   29.441|
B<6>           |S<28>          |   30.418|
B<6>           |S<29>          |   30.914|
B<6>           |S<30>          |   31.524|
B<6>           |S<31>          |   32.276|
B<7>           |Co             |   31.900|
B<7>           |S<7>           |    9.975|
B<7>           |S<8>           |   10.923|
B<7>           |S<9>           |   11.675|
B<7>           |S<10>          |   12.091|
B<7>           |S<11>          |   12.715|
B<7>           |S<12>          |   13.121|
B<7>           |S<13>          |   14.252|
B<7>           |S<14>          |   15.326|
B<7>           |S<15>          |   15.679|
B<7>           |S<16>          |   16.441|
B<7>           |S<17>          |   17.730|
B<7>           |S<18>          |   18.247|
B<7>           |S<19>          |   20.058|
B<7>           |S<20>          |   21.774|
B<7>           |S<21>          |   22.782|
B<7>           |S<22>          |   22.891|
B<7>           |S<23>          |   24.850|
B<7>           |S<24>          |   25.222|
B<7>           |S<25>          |   27.725|
B<7>           |S<26>          |   28.231|
B<7>           |S<27>          |   29.258|
B<7>           |S<28>          |   30.235|
B<7>           |S<29>          |   30.731|
B<7>           |S<30>          |   31.341|
B<7>           |S<31>          |   32.093|
B<8>           |Co             |   30.527|
B<8>           |S<8>           |    9.550|
B<8>           |S<9>           |   10.302|
B<8>           |S<10>          |   10.718|
B<8>           |S<11>          |   11.342|
B<8>           |S<12>          |   11.748|
B<8>           |S<13>          |   12.879|
B<8>           |S<14>          |   13.953|
B<8>           |S<15>          |   14.306|
B<8>           |S<16>          |   15.068|
B<8>           |S<17>          |   16.357|
B<8>           |S<18>          |   16.874|
B<8>           |S<19>          |   18.685|
B<8>           |S<20>          |   20.401|
B<8>           |S<21>          |   21.409|
B<8>           |S<22>          |   21.518|
B<8>           |S<23>          |   23.477|
B<8>           |S<24>          |   23.849|
B<8>           |S<25>          |   26.352|
B<8>           |S<26>          |   26.858|
B<8>           |S<27>          |   27.885|
B<8>           |S<28>          |   28.862|
B<8>           |S<29>          |   29.358|
B<8>           |S<30>          |   29.968|
B<8>           |S<31>          |   30.720|
B<9>           |Co             |   29.512|
B<9>           |S<9>           |    9.287|
B<9>           |S<10>          |    9.703|
B<9>           |S<11>          |   10.327|
B<9>           |S<12>          |   10.733|
B<9>           |S<13>          |   11.864|
B<9>           |S<14>          |   12.938|
B<9>           |S<15>          |   13.291|
B<9>           |S<16>          |   14.053|
B<9>           |S<17>          |   15.342|
B<9>           |S<18>          |   15.859|
B<9>           |S<19>          |   17.670|
B<9>           |S<20>          |   19.386|
B<9>           |S<21>          |   20.394|
B<9>           |S<22>          |   20.503|
B<9>           |S<23>          |   22.462|
B<9>           |S<24>          |   22.834|
B<9>           |S<25>          |   25.337|
B<9>           |S<26>          |   25.843|
B<9>           |S<27>          |   26.870|
B<9>           |S<28>          |   27.847|
B<9>           |S<29>          |   28.343|
B<9>           |S<30>          |   28.953|
B<9>           |S<31>          |   29.705|
B<10>          |Co             |   29.065|
B<10>          |S<10>          |    9.287|
B<10>          |S<11>          |    9.880|
B<10>          |S<12>          |   10.286|
B<10>          |S<13>          |   11.417|
B<10>          |S<14>          |   12.491|
B<10>          |S<15>          |   12.844|
B<10>          |S<16>          |   13.606|
B<10>          |S<17>          |   14.895|
B<10>          |S<18>          |   15.412|
B<10>          |S<19>          |   17.223|
B<10>          |S<20>          |   18.939|
B<10>          |S<21>          |   19.947|
B<10>          |S<22>          |   20.056|
B<10>          |S<23>          |   22.015|
B<10>          |S<24>          |   22.387|
B<10>          |S<25>          |   24.890|
B<10>          |S<26>          |   25.396|
B<10>          |S<27>          |   26.423|
B<10>          |S<28>          |   27.400|
B<10>          |S<29>          |   27.896|
B<10>          |S<30>          |   28.506|
B<10>          |S<31>          |   29.258|
B<11>          |Co             |   28.646|
B<11>          |S<11>          |    9.494|
B<11>          |S<12>          |    9.867|
B<11>          |S<13>          |   10.998|
B<11>          |S<14>          |   12.072|
B<11>          |S<15>          |   12.425|
B<11>          |S<16>          |   13.187|
B<11>          |S<17>          |   14.476|
B<11>          |S<18>          |   14.993|
B<11>          |S<19>          |   16.804|
B<11>          |S<20>          |   18.520|
B<11>          |S<21>          |   19.528|
B<11>          |S<22>          |   19.637|
B<11>          |S<23>          |   21.596|
B<11>          |S<24>          |   21.968|
B<11>          |S<25>          |   24.471|
B<11>          |S<26>          |   24.977|
B<11>          |S<27>          |   26.004|
B<11>          |S<28>          |   26.981|
B<11>          |S<29>          |   27.477|
B<11>          |S<30>          |   28.087|
B<11>          |S<31>          |   28.839|
B<12>          |Co             |   27.994|
B<12>          |S<12>          |    9.247|
B<12>          |S<13>          |   10.346|
B<12>          |S<14>          |   11.420|
B<12>          |S<15>          |   11.773|
B<12>          |S<16>          |   12.535|
B<12>          |S<17>          |   13.824|
B<12>          |S<18>          |   14.341|
B<12>          |S<19>          |   16.152|
B<12>          |S<20>          |   17.868|
B<12>          |S<21>          |   18.876|
B<12>          |S<22>          |   18.985|
B<12>          |S<23>          |   20.944|
B<12>          |S<24>          |   21.316|
B<12>          |S<25>          |   23.819|
B<12>          |S<26>          |   24.325|
B<12>          |S<27>          |   25.352|
B<12>          |S<28>          |   26.329|
B<12>          |S<29>          |   26.825|
B<12>          |S<30>          |   27.435|
B<12>          |S<31>          |   28.187|
B<13>          |Co             |   26.804|
B<13>          |S<13>          |    9.121|
B<13>          |S<14>          |   10.230|
B<13>          |S<15>          |   10.583|
B<13>          |S<16>          |   11.345|
B<13>          |S<17>          |   12.634|
B<13>          |S<18>          |   13.151|
B<13>          |S<19>          |   14.962|
B<13>          |S<20>          |   16.678|
B<13>          |S<21>          |   17.686|
B<13>          |S<22>          |   17.795|
B<13>          |S<23>          |   19.754|
B<13>          |S<24>          |   20.126|
B<13>          |S<25>          |   22.629|
B<13>          |S<26>          |   23.135|
B<13>          |S<27>          |   24.162|
B<13>          |S<28>          |   25.139|
B<13>          |S<29>          |   25.635|
B<13>          |S<30>          |   26.245|
B<13>          |S<31>          |   26.997|
B<14>          |Co             |   25.731|
B<14>          |S<14>          |    9.124|
B<14>          |S<15>          |    9.510|
B<14>          |S<16>          |   10.272|
B<14>          |S<17>          |   11.561|
B<14>          |S<18>          |   12.078|
B<14>          |S<19>          |   13.889|
B<14>          |S<20>          |   15.605|
B<14>          |S<21>          |   16.613|
B<14>          |S<22>          |   16.722|
B<14>          |S<23>          |   18.681|
B<14>          |S<24>          |   19.053|
B<14>          |S<25>          |   21.556|
B<14>          |S<26>          |   22.062|
B<14>          |S<27>          |   23.089|
B<14>          |S<28>          |   24.066|
B<14>          |S<29>          |   24.562|
B<14>          |S<30>          |   25.172|
B<14>          |S<31>          |   25.924|
B<15>          |Co             |   25.402|
B<15>          |S<15>          |    9.214|
B<15>          |S<16>          |    9.943|
B<15>          |S<17>          |   11.232|
B<15>          |S<18>          |   11.749|
B<15>          |S<19>          |   13.560|
B<15>          |S<20>          |   15.276|
B<15>          |S<21>          |   16.284|
B<15>          |S<22>          |   16.393|
B<15>          |S<23>          |   18.352|
B<15>          |S<24>          |   18.724|
B<15>          |S<25>          |   21.227|
B<15>          |S<26>          |   21.733|
B<15>          |S<27>          |   22.760|
B<15>          |S<28>          |   23.737|
B<15>          |S<29>          |   24.233|
B<15>          |S<30>          |   24.843|
B<15>          |S<31>          |   25.595|
B<16>          |Co             |   24.604|
B<16>          |S<16>          |    9.145|
B<16>          |S<17>          |   10.434|
B<16>          |S<18>          |   10.951|
B<16>          |S<19>          |   12.762|
B<16>          |S<20>          |   14.478|
B<16>          |S<21>          |   15.486|
B<16>          |S<22>          |   15.595|
B<16>          |S<23>          |   17.554|
B<16>          |S<24>          |   17.926|
B<16>          |S<25>          |   20.429|
B<16>          |S<26>          |   20.935|
B<16>          |S<27>          |   21.962|
B<16>          |S<28>          |   22.939|
B<16>          |S<29>          |   23.435|
B<16>          |S<30>          |   24.045|
B<16>          |S<31>          |   24.797|
B<17>          |Co             |   24.052|
B<17>          |S<17>          |    9.882|
B<17>          |S<18>          |   10.399|
B<17>          |S<19>          |   12.210|
B<17>          |S<20>          |   13.926|
B<17>          |S<21>          |   14.934|
B<17>          |S<22>          |   15.043|
B<17>          |S<23>          |   17.002|
B<17>          |S<24>          |   17.374|
B<17>          |S<25>          |   19.877|
B<17>          |S<26>          |   20.383|
B<17>          |S<27>          |   21.410|
B<17>          |S<28>          |   22.387|
B<17>          |S<29>          |   22.883|
B<17>          |S<30>          |   23.493|
B<17>          |S<31>          |   24.245|
B<18>          |Co             |   22.058|
B<18>          |S<18>          |    8.373|
B<18>          |S<19>          |   10.216|
B<18>          |S<20>          |   11.932|
B<18>          |S<21>          |   12.940|
B<18>          |S<22>          |   13.049|
B<18>          |S<23>          |   15.008|
B<18>          |S<24>          |   15.380|
B<18>          |S<25>          |   17.883|
B<18>          |S<26>          |   18.389|
B<18>          |S<27>          |   19.416|
B<18>          |S<28>          |   20.393|
B<18>          |S<29>          |   20.889|
B<18>          |S<30>          |   21.499|
B<18>          |S<31>          |   22.251|
B<19>          |Co             |   20.119|
B<19>          |S<19>          |    8.279|
B<19>          |S<20>          |    9.993|
B<19>          |S<21>          |   11.001|
B<19>          |S<22>          |   11.110|
B<19>          |S<23>          |   13.069|
B<19>          |S<24>          |   13.441|
B<19>          |S<25>          |   15.944|
B<19>          |S<26>          |   16.450|
B<19>          |S<27>          |   17.477|
B<19>          |S<28>          |   18.454|
B<19>          |S<29>          |   18.950|
B<19>          |S<30>          |   19.560|
B<19>          |S<31>          |   20.312|
B<20>          |Co             |   19.898|
B<20>          |S<20>          |    9.772|
B<20>          |S<21>          |   10.780|
B<20>          |S<22>          |   10.889|
B<20>          |S<23>          |   12.848|
B<20>          |S<24>          |   13.220|
B<20>          |S<25>          |   15.723|
B<20>          |S<26>          |   16.229|
B<20>          |S<27>          |   17.256|
B<20>          |S<28>          |   18.233|
B<20>          |S<29>          |   18.729|
B<20>          |S<30>          |   19.339|
B<20>          |S<31>          |   20.091|
B<21>          |Co             |   17.100|
B<21>          |S<21>          |    7.984|
B<21>          |S<22>          |    8.091|
B<21>          |S<23>          |   10.050|
B<21>          |S<24>          |   10.422|
B<21>          |S<25>          |   12.925|
B<21>          |S<26>          |   13.431|
B<21>          |S<27>          |   14.458|
B<21>          |S<28>          |   15.435|
B<21>          |S<29>          |   15.931|
B<21>          |S<30>          |   16.541|
B<21>          |S<31>          |   17.293|
B<22>          |Co             |   16.149|
B<22>          |S<22>          |    7.172|
B<22>          |S<23>          |    9.099|
B<22>          |S<24>          |    9.471|
B<22>          |S<25>          |   11.974|
B<22>          |S<26>          |   12.480|
B<22>          |S<27>          |   13.507|
B<22>          |S<28>          |   14.484|
B<22>          |S<29>          |   14.980|
B<22>          |S<30>          |   15.590|
B<22>          |S<31>          |   16.342|
B<23>          |Co             |   14.669|
B<23>          |S<23>          |    7.585|
B<23>          |S<24>          |    7.991|
B<23>          |S<25>          |   10.494|
B<23>          |S<26>          |   11.000|
B<23>          |S<27>          |   12.027|
B<23>          |S<28>          |   13.004|
B<23>          |S<29>          |   13.500|
B<23>          |S<30>          |   14.110|
B<23>          |S<31>          |   14.862|
B<24>          |Co             |   13.685|
B<24>          |S<24>          |    7.005|
B<24>          |S<25>          |    9.510|
B<24>          |S<26>          |   10.016|
B<24>          |S<27>          |   11.043|
B<24>          |S<28>          |   12.020|
B<24>          |S<29>          |   12.516|
B<24>          |S<30>          |   13.126|
B<24>          |S<31>          |   13.878|
B<25>          |Co             |   12.899|
B<25>          |S<25>          |    8.724|
B<25>          |S<26>          |    9.230|
B<25>          |S<27>          |   10.257|
B<25>          |S<28>          |   11.234|
B<25>          |S<29>          |   11.730|
B<25>          |S<30>          |   12.340|
B<25>          |S<31>          |   13.092|
B<26>          |Co             |   13.150|
B<26>          |S<26>          |    9.513|
B<26>          |S<27>          |   10.508|
B<26>          |S<28>          |   11.485|
B<26>          |S<29>          |   11.981|
B<26>          |S<30>          |   12.591|
B<26>          |S<31>          |   13.343|
B<27>          |Co             |   12.395|
B<27>          |S<27>          |    9.753|
B<27>          |S<28>          |   10.730|
B<27>          |S<29>          |   11.226|
B<27>          |S<30>          |   11.836|
B<27>          |S<31>          |   12.588|
B<28>          |Co             |   10.813|
B<28>          |S<28>          |    9.115|
B<28>          |S<29>          |    9.644|
B<28>          |S<30>          |   10.254|
B<28>          |S<31>          |   11.006|
B<29>          |Co             |   10.737|
B<29>          |S<29>          |    9.600|
B<29>          |S<30>          |   10.178|
B<29>          |S<31>          |   10.930|
B<30>          |Co             |   10.048|
B<30>          |S<30>          |    9.521|
B<30>          |S<31>          |   10.241|
B<31>          |Co             |    8.834|
B<31>          |S<31>          |    9.027|
Ci             |Co             |   39.317|
Ci             |S<0>           |   10.459|
Ci             |S<1>           |   11.276|
Ci             |S<2>           |   11.988|
Ci             |S<3>           |   11.775|
Ci             |S<4>           |   12.245|
Ci             |S<5>           |   13.317|
Ci             |S<6>           |   16.847|
Ci             |S<7>           |   17.355|
Ci             |S<8>           |   18.340|
Ci             |S<9>           |   19.092|
Ci             |S<10>          |   19.508|
Ci             |S<11>          |   20.132|
Ci             |S<12>          |   20.538|
Ci             |S<13>          |   21.669|
Ci             |S<14>          |   22.743|
Ci             |S<15>          |   23.096|
Ci             |S<16>          |   23.858|
Ci             |S<17>          |   25.147|
Ci             |S<18>          |   25.664|
Ci             |S<19>          |   27.475|
Ci             |S<20>          |   29.191|
Ci             |S<21>          |   30.199|
Ci             |S<22>          |   30.308|
Ci             |S<23>          |   32.267|
Ci             |S<24>          |   32.639|
Ci             |S<25>          |   35.142|
Ci             |S<26>          |   35.648|
Ci             |S<27>          |   36.675|
Ci             |S<28>          |   37.652|
Ci             |S<29>          |   38.148|
Ci             |S<30>          |   38.758|
Ci             |S<31>          |   39.510|
---------------+---------------+---------+


Analysis completed Thu Aug 26 15:07:32 2021 
--------------------------------------------------------------------------------

Trace Settings:
-------------------------
Trace Settings 

Peak Memory Usage: 752 MB



