#! /usr/bin/vvp
:ivl_version "11.0 (stable)";
:ivl_delay_selection "TYPICAL";
:vpi_time_precision - 12;
:vpi_module "/usr/lib/x86_64-linux-gnu/ivl/system.vpi";
:vpi_module "/usr/lib/x86_64-linux-gnu/ivl/vhdl_sys.vpi";
:vpi_module "/usr/lib/x86_64-linux-gnu/ivl/vhdl_textio.vpi";
:vpi_module "/usr/lib/x86_64-linux-gnu/ivl/v2005_math.vpi";
:vpi_module "/usr/lib/x86_64-linux-gnu/ivl/va_math.vpi";
S_0x55913b9c7900 .scope module, "shift_register_tb" "shift_register_tb" 2 14;
 .timescale -9 -12;
v0x55913b9db620_0 .var "clk", 0 0;
v0x55913b9db6e0_0 .var "in", 7 0;
v0x55913b9db7b0_0 .var "load", 0 0;
v0x55913b9db8b0_0 .net "out", 7 0, v0x55913b9db390_0;  1 drivers
v0x55913b9db980_0 .var "reset", 0 0;
S_0x55913b9c7a90 .scope module, "UUT" "shift_register" 2 23, 3 14 0, S_0x55913b9c7900;
 .timescale -9 -12;
    .port_info 0 /INPUT 1 "clk";
    .port_info 1 /INPUT 1 "reset";
    .port_info 2 /INPUT 1 "load";
    .port_info 3 /INPUT 8 "in";
    .port_info 4 /OUTPUT 8 "out";
v0x55913b98f830_0 .net "clk", 0 0, v0x55913b9db620_0;  1 drivers
v0x55913b990190_0 .net "in", 7 0, v0x55913b9db6e0_0;  1 drivers
v0x55913b98ff30_0 .net "load", 0 0, v0x55913b9db7b0_0;  1 drivers
v0x55913b9db390_0 .var "out", 7 0;
v0x55913b9db470_0 .net "reset", 0 0, v0x55913b9db980_0;  1 drivers
E_0x55913b9c6620 .event posedge, v0x55913b98f830_0;
    .scope S_0x55913b9c7a90;
T_0 ;
    %wait E_0x55913b9c6620;
    %load/vec4 v0x55913b98ff30_0;
    %pad/u 32;
    %pushi/vec4 0, 0, 32;
    %cmp/e;
    %flag_get/vec4 4;
    %load/vec4 v0x55913b9db470_0;
    %pad/u 32;
    %pushi/vec4 0, 0, 32;
    %cmp/e;
    %flag_get/vec4 4;
    %and;
    %flag_set/vec4 8;
    %jmp/0xz  T_0.0, 8;
    %load/vec4 v0x55913b9db390_0;
    %ix/load 4, 1, 0;
    %flag_set/imm 4, 0;
    %shiftr 4;
    %store/vec4 v0x55913b9db390_0, 0, 8;
    %jmp T_0.1;
T_0.0 ;
    %load/vec4 v0x55913b98ff30_0;
    %pad/u 32;
    %pushi/vec4 1, 0, 32;
    %cmp/e;
    %flag_get/vec4 4;
    %load/vec4 v0x55913b9db470_0;
    %pad/u 32;
    %pushi/vec4 0, 0, 32;
    %cmp/e;
    %flag_get/vec4 4;
    %and;
    %flag_set/vec4 8;
    %jmp/0xz  T_0.2, 8;
    %load/vec4 v0x55913b990190_0;
    %store/vec4 v0x55913b9db390_0, 0, 8;
    %jmp T_0.3;
T_0.2 ;
    %pushi/vec4 0, 0, 8;
    %store/vec4 v0x55913b9db390_0, 0, 8;
T_0.3 ;
T_0.1 ;
    %jmp T_0;
    .thread T_0;
    .scope S_0x55913b9c7900;
T_1 ;
    %vpi_call 2 27 "$monitor", "reset:%d, load:%d, in:%b out:%b", v0x55913b9db980_0, v0x55913b9db7b0_0, v0x55913b9db6e0_0, v0x55913b9db8b0_0 {0 0 0};
    %pushi/vec4 0, 0, 1;
    %store/vec4 v0x55913b9db620_0, 0, 1;
    %pushi/vec4 1, 0, 1;
    %store/vec4 v0x55913b9db980_0, 0, 1;
    %pushi/vec4 0, 0, 1;
    %store/vec4 v0x55913b9db7b0_0, 0, 1;
    %pushi/vec4 0, 0, 8;
    %store/vec4 v0x55913b9db6e0_0, 0, 8;
    %delay 10000, 0;
    %pushi/vec4 0, 0, 1;
    %store/vec4 v0x55913b9db980_0, 0, 1;
    %pushi/vec4 1, 0, 1;
    %store/vec4 v0x55913b9db7b0_0, 0, 1;
    %pushi/vec4 246, 0, 8;
    %store/vec4 v0x55913b9db6e0_0, 0, 8;
    %delay 10000, 0;
    %pushi/vec4 0, 0, 1;
    %store/vec4 v0x55913b9db7b0_0, 0, 1;
    %delay 90000, 0;
    %vpi_call 2 45 "$finish" {0 0 0};
    %end;
    .thread T_1;
    .scope S_0x55913b9c7900;
T_2 ;
    %delay 5000, 0;
    %load/vec4 v0x55913b9db620_0;
    %inv;
    %store/vec4 v0x55913b9db620_0, 0, 1;
    %jmp T_2;
    .thread T_2;
# The file index is used to find the file name in the following table.
:file_names 4;
    "N/A";
    "<interactive>";
    "shift_register_tb.v";
    "shift_register.v";
