#! /usr/bin/vvp
:ivl_version "11.0 (stable)";
:ivl_delay_selection "TYPICAL";
:vpi_time_precision + 0;
:vpi_module "/usr/lib/x86_64-linux-gnu/ivl/system.vpi";
:vpi_module "/usr/lib/x86_64-linux-gnu/ivl/vhdl_sys.vpi";
:vpi_module "/usr/lib/x86_64-linux-gnu/ivl/vhdl_textio.vpi";
:vpi_module "/usr/lib/x86_64-linux-gnu/ivl/v2005_math.vpi";
:vpi_module "/usr/lib/x86_64-linux-gnu/ivl/va_math.vpi";
S_0x55fda29ba590 .scope module, "mult_three_fsm_tb" "mult_three_fsm_tb" 2 1;
 .timescale 0 0;
v0x55fda29cfe00_0 .var "clk", 0 0;
v0x55fda29cfef0_0 .var "inp", 0 0;
v0x55fda29cffc0_0 .net "out", 0 0, v0x55fda29cfbb0_0;  1 drivers
v0x55fda29d00c0_0 .var "reset", 0 0;
S_0x55fda29ba720 .scope module, "FSM" "mult_three_fsm" 2 9, 3 1 0, S_0x55fda29ba590;
 .timescale 0 0;
    .port_info 0 /INPUT 1 "clk";
    .port_info 1 /INPUT 1 "inp";
    .port_info 2 /INPUT 1 "reset";
    .port_info 3 /OUTPUT 1 "out";
P_0x55fda2980530 .param/l "S0" 0 3 7, +C4<00000000000000000000000000000000>;
P_0x55fda2980570 .param/l "S1" 0 3 7, +C4<00000000000000000000000000000001>;
P_0x55fda29805b0 .param/l "S2" 0 3 7, +C4<00000000000000000000000000000010>;
v0x55fda297ecf0_0 .var "NS", 1 0;
v0x55fda29cf940_0 .var "PS", 1 0;
v0x55fda29cfa20_0 .net "clk", 0 0, v0x55fda29cfe00_0;  1 drivers
v0x55fda29cfaf0_0 .net "inp", 0 0, v0x55fda29cfef0_0;  1 drivers
v0x55fda29cfbb0_0 .var "out", 0 0;
v0x55fda29cfcc0_0 .net "reset", 0 0, v0x55fda29d00c0_0;  1 drivers
E_0x55fda297f870 .event edge, v0x55fda29cf940_0, v0x55fda29cfaf0_0;
E_0x55fda297f5a0 .event posedge, v0x55fda29cfcc0_0, v0x55fda29cfa20_0;
    .scope S_0x55fda29ba720;
T_0 ;
    %wait E_0x55fda297f5a0;
    %load/vec4 v0x55fda29cfcc0_0;
    %flag_set/vec4 8;
    %jmp/0xz  T_0.0, 8;
    %pushi/vec4 0, 0, 2;
    %assign/vec4 v0x55fda29cf940_0, 0;
    %jmp T_0.1;
T_0.0 ;
    %load/vec4 v0x55fda297ecf0_0;
    %assign/vec4 v0x55fda29cf940_0, 0;
T_0.1 ;
    %jmp T_0;
    .thread T_0;
    .scope S_0x55fda29ba720;
T_1 ;
    %wait E_0x55fda297f870;
    %load/vec4 v0x55fda29cf940_0;
    %dup/vec4;
    %pushi/vec4 0, 0, 2;
    %cmp/u;
    %jmp/1 T_1.0, 6;
    %dup/vec4;
    %pushi/vec4 1, 0, 2;
    %cmp/u;
    %jmp/1 T_1.1, 6;
    %dup/vec4;
    %pushi/vec4 2, 0, 2;
    %cmp/u;
    %jmp/1 T_1.2, 6;
    %jmp T_1.3;
T_1.0 ;
    %pushi/vec4 1, 0, 1;
    %store/vec4 v0x55fda29cfbb0_0, 0, 1;
    %load/vec4 v0x55fda29cfaf0_0;
    %flag_set/vec4 8;
    %jmp/0 T_1.4, 8;
    %pushi/vec4 1, 0, 32;
    %jmp/1 T_1.5, 8;
T_1.4 ; End of true expr.
    %pushi/vec4 0, 0, 32;
    %jmp/0 T_1.5, 8;
 ; End of false expr.
    %blend;
T_1.5;
    %pad/s 2;
    %store/vec4 v0x55fda297ecf0_0, 0, 2;
    %jmp T_1.3;
T_1.1 ;
    %pushi/vec4 0, 0, 1;
    %store/vec4 v0x55fda29cfbb0_0, 0, 1;
    %load/vec4 v0x55fda29cfaf0_0;
    %flag_set/vec4 8;
    %jmp/0 T_1.6, 8;
    %pushi/vec4 0, 0, 32;
    %jmp/1 T_1.7, 8;
T_1.6 ; End of true expr.
    %pushi/vec4 2, 0, 32;
    %jmp/0 T_1.7, 8;
 ; End of false expr.
    %blend;
T_1.7;
    %pad/s 2;
    %store/vec4 v0x55fda297ecf0_0, 0, 2;
    %jmp T_1.3;
T_1.2 ;
    %pushi/vec4 0, 0, 1;
    %store/vec4 v0x55fda29cfbb0_0, 0, 1;
    %load/vec4 v0x55fda29cfaf0_0;
    %flag_set/vec4 8;
    %jmp/0 T_1.8, 8;
    %pushi/vec4 2, 0, 32;
    %jmp/1 T_1.9, 8;
T_1.8 ; End of true expr.
    %pushi/vec4 1, 0, 32;
    %jmp/0 T_1.9, 8;
 ; End of false expr.
    %blend;
T_1.9;
    %pad/s 2;
    %store/vec4 v0x55fda297ecf0_0, 0, 2;
    %jmp T_1.3;
T_1.3 ;
    %pop/vec4 1;
    %jmp T_1;
    .thread T_1, $push;
    .scope S_0x55fda29ba590;
T_2 ;
    %pushi/vec4 0, 0, 1;
    %store/vec4 v0x55fda29cfe00_0, 0, 1;
    %pushi/vec4 0, 0, 1;
    %store/vec4 v0x55fda29cfef0_0, 0, 1;
    %pushi/vec4 1, 0, 1;
    %store/vec4 v0x55fda29d00c0_0, 0, 1;
    %delay 10, 0;
    %pushi/vec4 0, 0, 1;
    %store/vec4 v0x55fda29d00c0_0, 0, 1;
    %delay 10, 0;
    %vpi_call 2 22 "$monitor", "clk: %d, inp: %d, out: %d", v0x55fda29cfe00_0, v0x55fda29cfef0_0, v0x55fda29cffc0_0 {0 0 0};
    %delay 10, 0;
    %pushi/vec4 1, 0, 1;
    %store/vec4 v0x55fda29cfef0_0, 0, 1;
    %delay 10, 0;
    %pushi/vec4 1, 0, 1;
    %store/vec4 v0x55fda29cfef0_0, 0, 1;
    %delay 10, 0;
    %pushi/vec4 0, 0, 1;
    %store/vec4 v0x55fda29cfef0_0, 0, 1;
    %delay 10, 0;
    %pushi/vec4 1, 0, 1;
    %store/vec4 v0x55fda29cfef0_0, 0, 1;
    %delay 10, 0;
    %pushi/vec4 0, 0, 1;
    %store/vec4 v0x55fda29cfef0_0, 0, 1;
    %delay 10, 0;
    %pushi/vec4 0, 0, 1;
    %store/vec4 v0x55fda29cfef0_0, 0, 1;
    %delay 10, 0;
    %pushi/vec4 1, 0, 1;
    %store/vec4 v0x55fda29cfef0_0, 0, 1;
    %delay 10, 0;
    %pushi/vec4 1, 0, 1;
    %store/vec4 v0x55fda29cfef0_0, 0, 1;
    %delay 10, 0;
    %pushi/vec4 0, 0, 1;
    %store/vec4 v0x55fda29cfef0_0, 0, 1;
    %delay 5, 0;
    %vpi_call 2 33 "$finish" {0 0 0};
    %end;
    .thread T_2;
    .scope S_0x55fda29ba590;
T_3 ;
    %delay 5, 0;
    %load/vec4 v0x55fda29cfe00_0;
    %nor/r;
    %store/vec4 v0x55fda29cfe00_0, 0, 1;
    %jmp T_3;
    .thread T_3;
# The file index is used to find the file name in the following table.
:file_names 4;
    "N/A";
    "<interactive>";
    "mult_three_fsm_tb.v";
    "mult_three_fsm.v";
