Command line:
   full_adder_tb_isim_beh.exe
     -simmode  gui
     -simrunnum  0
     -socket  50301

Sun Aug 29 16:16:32 2021


 Elaboration Time: 0.02 sec

 Current Memory Usage: 194.048 Meg

 Total Signals          : 20
 Total Nets             : 18
 Total Signal Drivers   : 10
 Total Blocks           : 3
 Total Primitive Blocks : 2
 Total Processes        : 12
 Total Traceable Variables  : 21
 Total Scalar Nets and Variables : 101
Total Line Count : 46

 Total Simulation Time: 0.02 sec

 Current Memory Usage: 269.55 Meg

Sun Aug 29 16:16:36 2021

