Command line:
   mult_three_fsm_tb_isim_beh.exe
     -simmode  gui
     -simrunnum  0
     -socket  41919

Tue Sep 28 14:47:13 2021


 Elaboration Time: 0.02 sec

 Current Memory Usage: 194.056 Meg

 Total Signals          : 17
 Total Nets             : 17
 Total Signal Drivers   : 9
 Total Blocks           : 3
 Total Primitive Blocks : 2
 Total Processes        : 14
 Total Traceable Variables  : 27
 Total Scalar Nets and Variables : 201
Total Line Count : 45

 Total Simulation Time: 0.02 sec

 Current Memory Usage: 269.558 Meg

Tue Sep 28 15:07:27 2021

